<?xml version="1.0" encoding="UTF-8" standalone="no"?><testsuite errors="2" failures="0" name="Get All Products" skipped="0" tests="2" time="0.14" timestamp="2023-10-18 06:28:25"><testcase name="As a user I can get all product with valid path"><error message="Could not initialize class net.serenitybdd.rest.utils.RestSpecificationFactory" type="java.lang.NoClassDefFoundError">Could not initialize class net.serenitybdd.rest.utils.RestSpecificationFactory</error><system-err>Could not initialize class net.serenitybdd.rest.utils.RestSpecificationFactory
net.serenitybdd.rest.utils.RestDecorationHelper.decorate(RestDecorationHelper.java:20)
net.serenitybdd.rest.SerenityRest.fetchRequestSpecification(SerenityRest.java:233)
net.serenitybdd.rest.SerenityRest.given(SerenityRest.java:220)
starter.user.products.GetAllProducts.sendRequestGetAllProduct(GetAllProducts.java:21)
starter.stepdefinitions.products.GetAllProductsSteps.sendRequestGetAllProduct(GetAllProductsSteps.java:21)
io.cucumber.java.Invoker.doInvoke(Invoker.java:66)
io.cucumber.java.Invoker.invoke(Invoker.java:24)
io.cucumber.java.AbstractGlueDefinition.invokeMethod(AbstractGlueDefinition.java:47)
io.cucumber.java.JavaStepDefinition.execute(JavaStepDefinition.java:29)
io.cucumber.core.runner.CoreStepDefinition.execute(CoreStepDefinition.java:66)
io.cucumber.core.runner.PickleStepDefinitionMatch.runStep(PickleStepDefinitionMatch.java:63)
io.cucumber.core.runner.TestStep.executeStep(TestStep.java:84)
io.cucumber.core.runner.TestStep.run(TestStep.java:56)
io.cucumber.core.runner.PickleStepTestStep.run(PickleStepTestStep.java:51)
io.cucumber.core.runner.TestCase.run(TestCase.java:84)
io.cucumber.core.runner.Runner.runPickle(Runner.java:75)
io.cucumber.core.runtime.CucumberExecutionContext.lambda$runTestCase$5(CucumberExecutionContext.java:130)
io.cucumber.core.runtime.RethrowingThrowableCollector.executeAndThrow(RethrowingThrowableCollector.java:23)
io.cucumber.core.runtime.CucumberExecutionContext.runTestCase(CucumberExecutionContext.java:130)
io.cucumber.junit.FeatureRunner.runChild(FeatureRunner.java:144)
io.cucumber.junit.FeatureRunner.runChild(FeatureRunner.java:28)
io.cucumber.junit.FeatureRunner.run(FeatureRunner.java:137)
io.cucumber.junit.CucumberSerenityRunner.runChild(CucumberSerenityRunner.java:259)
io.cucumber.junit.CucumberSerenityRunner.runChild(CucumberSerenityRunner.java:59)
</system-err></testcase><testcase name="As a user I can't get all product without path"><error message="Could not initialize class net.serenitybdd.rest.utils.RestSpecificationFactory" type="java.lang.NoClassDefFoundError">Could not initialize class net.serenitybdd.rest.utils.RestSpecificationFactory</error><system-err>Could not initialize class net.serenitybdd.rest.utils.RestSpecificationFactory
net.serenitybdd.rest.utils.RestDecorationHelper.decorate(RestDecorationHelper.java:20)
net.serenitybdd.rest.SerenityRest.fetchRequestSpecification(SerenityRest.java:233)
net.serenitybdd.rest.SerenityRest.given(SerenityRest.java:220)
starter.user.products.GetAllProducts.sendRequestGetAllProductNoPath(GetAllProducts.java:43)
starter.stepdefinitions.products.GetAllProductsSteps.sendRequestGetAllProductNoPath(GetAllProductsSteps.java:38)
io.cucumber.java.Invoker.doInvoke(Invoker.java:66)
io.cucumber.java.Invoker.invoke(Invoker.java:24)
io.cucumber.java.AbstractGlueDefinition.invokeMethod(AbstractGlueDefinition.java:47)
io.cucumber.java.JavaStepDefinition.execute(JavaStepDefinition.java:29)
io.cucumber.core.runner.CoreStepDefinition.execute(CoreStepDefinition.java:66)
io.cucumber.core.runner.PickleStepDefinitionMatch.runStep(PickleStepDefinitionMatch.java:63)
io.cucumber.core.runner.TestStep.executeStep(TestStep.java:84)
io.cucumber.core.runner.TestStep.run(TestStep.java:56)
io.cucumber.core.runner.PickleStepTestStep.run(PickleStepTestStep.java:51)
io.cucumber.core.runner.TestCase.run(TestCase.java:84)
io.cucumber.core.runner.Runner.runPickle(Runner.java:75)
io.cucumber.core.runtime.CucumberExecutionContext.lambda$runTestCase$5(CucumberExecutionContext.java:130)
io.cucumber.core.runtime.RethrowingThrowableCollector.executeAndThrow(RethrowingThrowableCollector.java:23)
io.cucumber.core.runtime.CucumberExecutionContext.runTestCase(CucumberExecutionContext.java:130)
io.cucumber.junit.FeatureRunner.runChild(FeatureRunner.java:144)
io.cucumber.junit.FeatureRunner.runChild(FeatureRunner.java:28)
io.cucumber.junit.FeatureRunner.run(FeatureRunner.java:137)
io.cucumber.junit.CucumberSerenityRunner.runChild(CucumberSerenityRunner.java:259)
io.cucumber.junit.CucumberSerenityRunner.runChild(CucumberSerenityRunner.java:59)
</system-err></testcase></testsuite>