<?xml version="1.0" encoding="UTF-8" standalone="no"?><testsuite errors="5" failures="0" name="Login User" skipped="2" tests="7" time="2.14" timestamp="2023-10-18 06:28:22"><testcase name="As a user I can login with a valid credentials"><error type="java.lang.ExceptionInInitializerError"/><system-err>null
net.serenitybdd.rest.utils.RestDecorationHelper.decorate(RestDecorationHelper.java:20)
net.serenitybdd.rest.SerenityRest.fetchRequestSpecification(SerenityRest.java:233)
net.serenitybdd.rest.SerenityRest.given(SerenityRest.java:220)
starter.utils.GenerateToken.generateToken(GenerateToken.java:13)
starter.user.authentication.Login.sendRequestValidLoginUser(Login.java:33)
starter.stepdefinitions.authentication.LoginSteps.sendRequestValidLoginUser(LoginSteps.java:31)
io.cucumber.java.Invoker.doInvoke(Invoker.java:66)
io.cucumber.java.Invoker.invoke(Invoker.java:24)
io.cucumber.java.AbstractGlueDefinition.invokeMethod(AbstractGlueDefinition.java:47)
io.cucumber.java.JavaStepDefinition.execute(JavaStepDefinition.java:29)
io.cucumber.core.runner.CoreStepDefinition.execute(CoreStepDefinition.java:66)
io.cucumber.core.runner.PickleStepDefinitionMatch.runStep(PickleStepDefinitionMatch.java:63)
io.cucumber.core.runner.TestStep.executeStep(TestStep.java:84)
io.cucumber.core.runner.TestStep.run(TestStep.java:56)
io.cucumber.core.runner.PickleStepTestStep.run(PickleStepTestStep.java:51)
io.cucumber.core.runner.TestCase.run(TestCase.java:84)
io.cucumber.core.runner.Runner.runPickle(Runner.java:75)
io.cucumber.core.runtime.CucumberExecutionContext.lambda$runTestCase$5(CucumberExecutionContext.java:130)
io.cucumber.core.runtime.RethrowingThrowableCollector.executeAndThrow(RethrowingThrowableCollector.java:23)
io.cucumber.core.runtime.CucumberExecutionContext.runTestCase(CucumberExecutionContext.java:130)
io.cucumber.junit.FeatureRunner.runChild(FeatureRunner.java:144)
io.cucumber.junit.FeatureRunner.runChild(FeatureRunner.java:28)
io.cucumber.junit.FeatureRunner.run(FeatureRunner.java:137)
io.cucumber.junit.CucumberSerenityRunner.runChild(CucumberSerenityRunner.java:259)
io.cucumber.junit.CucumberSerenityRunner.runChild(CucumberSerenityRunner.java:59)
</system-err></testcase><testcase name="As a user I can't login without path"><error message="Could not initialize class net.serenitybdd.rest.utils.RestSpecificationFactory" type="java.lang.NoClassDefFoundError">Could not initialize class net.serenitybdd.rest.utils.RestSpecificationFactory</error><system-err>Could not initialize class net.serenitybdd.rest.utils.RestSpecificationFactory
net.serenitybdd.rest.utils.RestDecorationHelper.decorate(RestDecorationHelper.java:20)
net.serenitybdd.rest.SerenityRest.fetchRequestSpecification(SerenityRest.java:233)
net.serenitybdd.rest.SerenityRest.given(SerenityRest.java:220)
starter.user.authentication.Login.sendRequestLoginUserNoPath(Login.java:60)
starter.stepdefinitions.authentication.LoginSteps.sendRequestLoginUserNoPath(LoginSteps.java:44)
io.cucumber.java.Invoker.doInvoke(Invoker.java:66)
io.cucumber.java.Invoker.invoke(Invoker.java:24)
io.cucumber.java.AbstractGlueDefinition.invokeMethod(AbstractGlueDefinition.java:47)
io.cucumber.java.JavaStepDefinition.execute(JavaStepDefinition.java:29)
io.cucumber.core.runner.CoreStepDefinition.execute(CoreStepDefinition.java:66)
io.cucumber.core.runner.PickleStepDefinitionMatch.runStep(PickleStepDefinitionMatch.java:63)
io.cucumber.core.runner.TestStep.executeStep(TestStep.java:84)
io.cucumber.core.runner.TestStep.run(TestStep.java:56)
io.cucumber.core.runner.PickleStepTestStep.run(PickleStepTestStep.java:51)
io.cucumber.core.runner.TestCase.run(TestCase.java:84)
io.cucumber.core.runner.Runner.runPickle(Runner.java:75)
io.cucumber.core.runtime.CucumberExecutionContext.lambda$runTestCase$5(CucumberExecutionContext.java:130)
io.cucumber.core.runtime.RethrowingThrowableCollector.executeAndThrow(RethrowingThrowableCollector.java:23)
io.cucumber.core.runtime.CucumberExecutionContext.runTestCase(CucumberExecutionContext.java:130)
io.cucumber.junit.FeatureRunner.runChild(FeatureRunner.java:144)
io.cucumber.junit.FeatureRunner.runChild(FeatureRunner.java:28)
io.cucumber.junit.FeatureRunner.run(FeatureRunner.java:137)
io.cucumber.junit.CucumberSerenityRunner.runChild(CucumberSerenityRunner.java:259)
io.cucumber.junit.CucumberSerenityRunner.runChild(CucumberSerenityRunner.java:59)
</system-err></testcase><testcase name="As a user I can't login if I don't fill in the login request"><error message="Could not initialize class net.serenitybdd.rest.utils.RestSpecificationFactory" type="java.lang.NoClassDefFoundError">Could not initialize class net.serenitybdd.rest.utils.RestSpecificationFactory</error><system-err>Could not initialize class net.serenitybdd.rest.utils.RestSpecificationFactory
net.serenitybdd.rest.utils.RestDecorationHelper.decorate(RestDecorationHelper.java:20)
net.serenitybdd.rest.SerenityRest.fetchRequestSpecification(SerenityRest.java:233)
net.serenitybdd.rest.SerenityRest.given(SerenityRest.java:220)
starter.user.authentication.Login.sentRequestLoginUser(Login.java:79)
starter.stepdefinitions.authentication.LoginSteps.sentRequestLoginUser(LoginSteps.java:56)
io.cucumber.java.Invoker.doInvoke(Invoker.java:66)
io.cucumber.java.Invoker.invoke(Invoker.java:24)
io.cucumber.java.AbstractGlueDefinition.invokeMethod(AbstractGlueDefinition.java:47)
io.cucumber.java.JavaStepDefinition.execute(JavaStepDefinition.java:29)
io.cucumber.core.runner.CoreStepDefinition.execute(CoreStepDefinition.java:66)
io.cucumber.core.runner.PickleStepDefinitionMatch.runStep(PickleStepDefinitionMatch.java:63)
io.cucumber.core.runner.TestStep.executeStep(TestStep.java:84)
io.cucumber.core.runner.TestStep.run(TestStep.java:56)
io.cucumber.core.runner.PickleStepTestStep.run(PickleStepTestStep.java:51)
io.cucumber.core.runner.TestCase.run(TestCase.java:84)
io.cucumber.core.runner.Runner.runPickle(Runner.java:75)
io.cucumber.core.runtime.CucumberExecutionContext.lambda$runTestCase$5(CucumberExecutionContext.java:130)
io.cucumber.core.runtime.RethrowingThrowableCollector.executeAndThrow(RethrowingThrowableCollector.java:23)
io.cucumber.core.runtime.CucumberExecutionContext.runTestCase(CucumberExecutionContext.java:130)
io.cucumber.junit.FeatureRunner.runChild(FeatureRunner.java:144)
io.cucumber.junit.FeatureRunner.runChild(FeatureRunner.java:28)
io.cucumber.junit.FeatureRunner.run(FeatureRunner.java:137)
io.cucumber.junit.CucumberSerenityRunner.runChild(CucumberSerenityRunner.java:259)
io.cucumber.junit.CucumberSerenityRunner.runChild(CucumberSerenityRunner.java:59)
</system-err></testcase><testcase name="As a user I can't login if I don't fill in the email request"><skipped/></testcase><testcase name="As a user I can't login if I don't fill in the password request"><skipped/></testcase><testcase name="As a user I can't login with an invalid email"><error message="Could not initialize class net.serenitybdd.rest.utils.RestSpecificationFactory" type="java.lang.NoClassDefFoundError">Could not initialize class net.serenitybdd.rest.utils.RestSpecificationFactory</error><system-err>Could not initialize class net.serenitybdd.rest.utils.RestSpecificationFactory
net.serenitybdd.rest.utils.RestDecorationHelper.decorate(RestDecorationHelper.java:20)
net.serenitybdd.rest.SerenityRest.fetchRequestSpecification(SerenityRest.java:233)
net.serenitybdd.rest.SerenityRest.given(SerenityRest.java:220)
starter.utils.GenerateToken.generateToken(GenerateToken.java:13)
starter.user.authentication.Login.sendRequestValidLoginUser(Login.java:33)
starter.stepdefinitions.authentication.LoginSteps.sendRequestValidLoginUser(LoginSteps.java:31)
io.cucumber.java.Invoker.doInvoke(Invoker.java:66)
io.cucumber.java.Invoker.invoke(Invoker.java:24)
io.cucumber.java.AbstractGlueDefinition.invokeMethod(AbstractGlueDefinition.java:47)
io.cucumber.java.JavaStepDefinition.execute(JavaStepDefinition.java:29)
io.cucumber.core.runner.CoreStepDefinition.execute(CoreStepDefinition.java:66)
io.cucumber.core.runner.PickleStepDefinitionMatch.runStep(PickleStepDefinitionMatch.java:63)
io.cucumber.core.runner.TestStep.executeStep(TestStep.java:84)
io.cucumber.core.runner.TestStep.run(TestStep.java:56)
io.cucumber.core.runner.PickleStepTestStep.run(PickleStepTestStep.java:51)
io.cucumber.core.runner.TestCase.run(TestCase.java:84)
io.cucumber.core.runner.Runner.runPickle(Runner.java:75)
io.cucumber.core.runtime.CucumberExecutionContext.lambda$runTestCase$5(CucumberExecutionContext.java:130)
io.cucumber.core.runtime.RethrowingThrowableCollector.executeAndThrow(RethrowingThrowableCollector.java:23)
io.cucumber.core.runtime.CucumberExecutionContext.runTestCase(CucumberExecutionContext.java:130)
io.cucumber.junit.FeatureRunner.runChild(FeatureRunner.java:144)
io.cucumber.junit.FeatureRunner.runChild(FeatureRunner.java:28)
io.cucumber.junit.FeatureRunner.run(FeatureRunner.java:137)
io.cucumber.junit.CucumberSerenityRunner.runChild(CucumberSerenityRunner.java:259)
io.cucumber.junit.CucumberSerenityRunner.runChild(CucumberSerenityRunner.java:59)
</system-err></testcase><testcase name="As a user I can't login with an invalid password"><error message="Could not initialize class net.serenitybdd.rest.utils.RestSpecificationFactory" type="java.lang.NoClassDefFoundError">Could not initialize class net.serenitybdd.rest.utils.RestSpecificationFactory</error><system-err>Could not initialize class net.serenitybdd.rest.utils.RestSpecificationFactory
net.serenitybdd.rest.utils.RestDecorationHelper.decorate(RestDecorationHelper.java:20)
net.serenitybdd.rest.SerenityRest.fetchRequestSpecification(SerenityRest.java:233)
net.serenitybdd.rest.SerenityRest.given(SerenityRest.java:220)
starter.utils.GenerateToken.generateToken(GenerateToken.java:13)
starter.user.authentication.Login.sendRequestValidLoginUser(Login.java:33)
starter.stepdefinitions.authentication.LoginSteps.sendRequestValidLoginUser(LoginSteps.java:31)
io.cucumber.java.Invoker.doInvoke(Invoker.java:66)
io.cucumber.java.Invoker.invoke(Invoker.java:24)
io.cucumber.java.AbstractGlueDefinition.invokeMethod(AbstractGlueDefinition.java:47)
io.cucumber.java.JavaStepDefinition.execute(JavaStepDefinition.java:29)
io.cucumber.core.runner.CoreStepDefinition.execute(CoreStepDefinition.java:66)
io.cucumber.core.runner.PickleStepDefinitionMatch.runStep(PickleStepDefinitionMatch.java:63)
io.cucumber.core.runner.TestStep.executeStep(TestStep.java:84)
io.cucumber.core.runner.TestStep.run(TestStep.java:56)
io.cucumber.core.runner.PickleStepTestStep.run(PickleStepTestStep.java:51)
io.cucumber.core.runner.TestCase.run(TestCase.java:84)
io.cucumber.core.runner.Runner.runPickle(Runner.java:75)
io.cucumber.core.runtime.CucumberExecutionContext.lambda$runTestCase$5(CucumberExecutionContext.java:130)
io.cucumber.core.runtime.RethrowingThrowableCollector.executeAndThrow(RethrowingThrowableCollector.java:23)
io.cucumber.core.runtime.CucumberExecutionContext.runTestCase(CucumberExecutionContext.java:130)
io.cucumber.junit.FeatureRunner.runChild(FeatureRunner.java:144)
io.cucumber.junit.FeatureRunner.runChild(FeatureRunner.java:28)
io.cucumber.junit.FeatureRunner.run(FeatureRunner.java:137)
io.cucumber.junit.CucumberSerenityRunner.runChild(CucumberSerenityRunner.java:259)
io.cucumber.junit.CucumberSerenityRunner.runChild(CucumberSerenityRunner.java:59)
</system-err></testcase></testsuite>