<?xml version="1.0" encoding="UTF-8"?>
<testsuite xmlns:xsi="http://www.w3.org/2001/XMLSchema-instance" xsi:noNamespaceSchemaLocation="https://maven.apache.org/surefire/maven-failsafe-plugin/xsd/failsafe-test-report.xsd" name="starter.CucumberTestSuite" time="7.615" tests="14" errors="14" skipped="0" failures="0">
  <properties>
    <property name="java.specification.version" value="21"/>
    <property name="sun.jnu.encoding" value="UTF-8"/>
    <property name="java.class.path" value="/Users/miaapriliasatya/IdeaProjects/ALTASHOP/target/test-classes:/Users/miaapriliasatya/IdeaProjects/ALTASHOP/target/ALTASHOP-1.0-SNAPSHOT.jar:/Users/miaapriliasatya/.m2/repository/ch/qos/logback/logback-classic/1.4.7/logback-classic-1.4.7.jar:/Users/miaapriliasatya/.m2/repository/ch/qos/logback/logback-core/1.4.7/logback-core-1.4.7.jar:/Users/miaapriliasatya/.m2/repository/org/slf4j/slf4j-api/2.0.4/slf4j-api-2.0.4.jar:/Users/miaapriliasatya/.m2/repository/org/json/json/20230227/json-20230227.jar:/Users/miaapriliasatya/.m2/repository/net/serenity-bdd/serenity-core/3.6.12/serenity-core-3.6.12.jar:/Users/miaapriliasatya/.m2/repository/net/serenity-bdd/serenity-model/3.6.12/serenity-model-3.6.12.jar:/Users/miaapriliasatya/.m2/repository/org/apache/commons/commons-text/1.10.0/commons-text-1.10.0.jar:/Users/miaapriliasatya/.m2/repository/commons-net/commons-net/3.9.0/commons-net-3.9.0.jar:/Users/miaapriliasatya/.m2/repository/com/google/inject/guice/5.1.0/guice-5.1.0.jar:/Users/miaapriliasatya/.m2/repository/javax/inject/javax.inject/1/javax.inject-1.jar:/Users/miaapriliasatya/.m2/repository/aopalliance/aopalliance/1.0/aopalliance-1.0.jar:/Users/miaapriliasatya/.m2/repository/org/jsoup/jsoup/1.14.3/jsoup-1.14.3.jar:/Users/miaapriliasatya/.m2/repository/com/thoughtworks/xstream/xstream/1.4.20/xstream-1.4.20.jar:/Users/miaapriliasatya/.m2/repository/io/github/x-stream/mxparser/1.2.2/mxparser-1.2.2.jar:/Users/miaapriliasatya/.m2/repository/xmlpull/xmlpull/1.1.3.1/xmlpull-1.1.3.1.jar:/Users/miaapriliasatya/.m2/repository/com/typesafe/config/1.4.2/config-1.4.2.jar:/Users/miaapriliasatya/.m2/repository/org/imgscalr/imgscalr-lib/4.2/imgscalr-lib-4.2.jar:/Users/miaapriliasatya/.m2/repository/org/awaitility/awaitility/4.2.0/awaitility-4.2.0.jar:/Users/miaapriliasatya/.m2/repository/org/freemarker/freemarker/2.3.31/freemarker-2.3.31.jar:/Users/miaapriliasatya/.m2/repository/io/github/classgraph/classgraph/4.8.138/classgraph-4.8.138.jar:/Users/miaapriliasatya/.m2/repository/net/sourceforge/jexcelapi/jxl/2.6.12/jxl-2.6.12.jar:/Users/miaapriliasatya/.m2/repository/net/bytebuddy/byte-buddy-agent/1.12.22/byte-buddy-agent-1.12.22.jar:/Users/miaapriliasatya/.m2/repository/org/objenesis/objenesis/3.1/objenesis-3.1.jar:/Users/miaapriliasatya/.m2/repository/net/serenity-bdd/serenity-reports/3.6.12/serenity-reports-3.6.12.jar:/Users/miaapriliasatya/.m2/repository/net/serenity-bdd/serenity-stats/3.6.12/serenity-stats-3.6.12.jar:/Users/miaapriliasatya/.m2/repository/org/jetbrains/kotlin/kotlin-stdlib/1.7.21/kotlin-stdlib-1.7.21.jar:/Users/miaapriliasatya/.m2/repository/org/jetbrains/kotlin/kotlin-stdlib-common/1.7.21/kotlin-stdlib-common-1.7.21.jar:/Users/miaapriliasatya/.m2/repository/org/jetbrains/annotations/13.0/annotations-13.0.jar:/Users/miaapriliasatya/.m2/repository/net/serenity-bdd/serenity-reports-configuration/3.6.12/serenity-reports-configuration-3.6.12.jar:/Users/miaapriliasatya/.m2/repository/com/vladsch/flexmark/flexmark-all/0.34.30/flexmark-all-0.34.30.jar:/Users/miaapriliasatya/.m2/repository/com/vladsch/flexmark/flexmark/0.34.30/flexmark-0.34.30.jar:/Users/miaapriliasatya/.m2/repository/com/vladsch/flexmark/flexmark-ext-abbreviation/0.34.30/flexmark-ext-abbreviation-0.34.30.jar:/Users/miaapriliasatya/.m2/repository/com/vladsch/flexmark/flexmark-ext-admonition/0.34.30/flexmark-ext-admonition-0.34.30.jar:/Users/miaapriliasatya/.m2/repository/com/vladsch/flexmark/flexmark-ext-anchorlink/0.34.30/flexmark-ext-anchorlink-0.34.30.jar:/Users/miaapriliasatya/.m2/repository/com/vladsch/flexmark/flexmark-ext-aside/0.34.30/flexmark-ext-aside-0.34.30.jar:/Users/miaapriliasatya/.m2/repository/com/vladsch/flexmark/flexmark-ext-attributes/0.34.30/flexmark-ext-attributes-0.34.30.jar:/Users/miaapriliasatya/.m2/repository/com/vladsch/flexmark/flexmark-ext-autolink/0.34.30/flexmark-ext-autolink-0.34.30.jar:/Users/miaapriliasatya/.m2/repository/org/nibor/autolink/autolink/0.6.0/autolink-0.6.0.jar:/Users/miaapriliasatya/.m2/repository/com/vladsch/flexmark/flexmark-ext-definition/0.34.30/flexmark-ext-definition-0.34.30.jar:/Users/miaapriliasatya/.m2/repository/com/vladsch/flexmark/flexmark-ext-emoji/0.34.30/flexmark-ext-emoji-0.34.30.jar:/Users/miaapriliasatya/.m2/repository/com/vladsch/flexmark/flexmark-ext-enumerated-reference/0.34.30/flexmark-ext-enumerated-reference-0.34.30.jar:/Users/miaapriliasatya/.m2/repository/com/vladsch/flexmark/flexmark-ext-escaped-character/0.34.30/flexmark-ext-escaped-character-0.34.30.jar:/Users/miaapriliasatya/.m2/repository/com/vladsch/flexmark/flexmark-ext-footnotes/0.34.30/flexmark-ext-footnotes-0.34.30.jar:/Users/miaapriliasatya/.m2/repository/com/vladsch/flexmark/flexmark-ext-gfm-issues/0.34.30/flexmark-ext-gfm-issues-0.34.30.jar:/Users/miaapriliasatya/.m2/repository/com/vladsch/flexmark/flexmark-ext-gfm-strikethrough/0.34.30/flexmark-ext-gfm-strikethrough-0.34.30.jar:/Users/miaapriliasatya/.m2/repository/com/vladsch/flexmark/flexmark-ext-gfm-tables/0.34.30/flexmark-ext-gfm-tables-0.34.30.jar:/Users/miaapriliasatya/.m2/repository/com/vladsch/flexmark/flexmark-ext-gfm-tasklist/0.34.30/flexmark-ext-gfm-tasklist-0.34.30.jar:/Users/miaapriliasatya/.m2/repository/com/vladsch/flexmark/flexmark-ext-gfm-users/0.34.30/flexmark-ext-gfm-users-0.34.30.jar:/Users/miaapriliasatya/.m2/repository/com/vladsch/flexmark/flexmark-ext-gitlab/0.34.30/flexmark-ext-gitlab-0.34.30.jar:/Users/miaapriliasatya/.m2/repository/com/vladsch/flexmark/flexmark-ext-jekyll-front-matter/0.34.30/flexmark-ext-jekyll-front-matter-0.34.30.jar:/Users/miaapriliasatya/.m2/repository/com/vladsch/flexmark/flexmark-ext-jekyll-tag/0.34.30/flexmark-ext-jekyll-tag-0.34.30.jar:/Users/miaapriliasatya/.m2/repository/com/vladsch/flexmark/flexmark-ext-media-tags/0.34.30/flexmark-ext-media-tags-0.34.30.jar:/Users/miaapriliasatya/.m2/repository/com/vladsch/flexmark/flexmark-test-util/0.34.30/flexmark-test-util-0.34.30.jar:/Users/miaapriliasatya/.m2/repository/com/vladsch/flexmark/flexmark-ext-ins/0.34.30/flexmark-ext-ins-0.34.30.jar:/Users/miaapriliasatya/.m2/repository/com/vladsch/flexmark/flexmark-ext-xwiki-macros/0.34.30/flexmark-ext-xwiki-macros-0.34.30.jar:/Users/miaapriliasatya/.m2/repository/com/vladsch/flexmark/flexmark-ext-superscript/0.34.30/flexmark-ext-superscript-0.34.30.jar:/Users/miaapriliasatya/.m2/repository/com/vladsch/flexmark/flexmark-ext-tables/0.34.30/flexmark-ext-tables-0.34.30.jar:/Users/miaapriliasatya/.m2/repository/com/vladsch/flexmark/flexmark-ext-toc/0.34.30/flexmark-ext-toc-0.34.30.jar:/Users/miaapriliasatya/.m2/repository/com/vladsch/flexmark/flexmark-ext-typographic/0.34.30/flexmark-ext-typographic-0.34.30.jar:/Users/miaapriliasatya/.m2/repository/com/vladsch/flexmark/flexmark-ext-wikilink/0.34.30/flexmark-ext-wikilink-0.34.30.jar:/Users/miaapriliasatya/.m2/repository/com/vladsch/flexmark/flexmark-ext-yaml-front-matter/0.34.30/flexmark-ext-yaml-front-matter-0.34.30.jar:/Users/miaapriliasatya/.m2/repository/com/vladsch/flexmark/flexmark-ext-youtube-embedded/0.34.30/flexmark-ext-youtube-embedded-0.34.30.jar:/Users/miaapriliasatya/.m2/repository/com/vladsch/flexmark/flexmark-formatter/0.34.30/flexmark-formatter-0.34.30.jar:/Users/miaapriliasatya/.m2/repository/com/vladsch/flexmark/flexmark-html-parser/0.34.30/flexmark-html-parser-0.34.30.jar:/Users/miaapriliasatya/.m2/repository/com/vladsch/flexmark/flexmark-jira-converter/0.34.30/flexmark-jira-converter-0.34.30.jar:/Users/miaapriliasatya/.m2/repository/com/vladsch/flexmark/flexmark-pdf-converter/0.34.30/flexmark-pdf-converter-0.34.30.jar:/Users/miaapriliasatya/.m2/repository/com/openhtmltopdf/openhtmltopdf-core/0.0.1-RC13/openhtmltopdf-core-0.0.1-RC13.jar:/Users/miaapriliasatya/.m2/repository/com/openhtmltopdf/openhtmltopdf-pdfbox/0.0.1-RC13/openhtmltopdf-pdfbox-0.0.1-RC13.jar:/Users/miaapriliasatya/.m2/repository/org/apache/pdfbox/pdfbox/2.0.8/pdfbox-2.0.8.jar:/Users/miaapriliasatya/.m2/repository/org/apache/pdfbox/fontbox/2.0.8/fontbox-2.0.8.jar:/Users/miaapriliasatya/.m2/repository/org/apache/pdfbox/xmpbox/2.0.8/xmpbox-2.0.8.jar:/Users/miaapriliasatya/.m2/repository/de/rototor/pdfbox/graphics2d/0.12/graphics2d-0.12.jar:/Users/miaapriliasatya/.m2/repository/com/openhtmltopdf/openhtmltopdf-rtl-support/0.0.1-RC13/openhtmltopdf-rtl-support-0.0.1-RC13.jar:/Users/miaapriliasatya/.m2/repository/com/ibm/icu/icu4j/59.1/icu4j-59.1.jar:/Users/miaapriliasatya/.m2/repository/com/openhtmltopdf/openhtmltopdf-jsoup-dom-converter/0.0.1-RC13/openhtmltopdf-jsoup-dom-converter-0.0.1-RC13.jar:/Users/miaapriliasatya/.m2/repository/com/vladsch/flexmark/flexmark-profile-pegdown/0.34.30/flexmark-profile-pegdown-0.34.30.jar:/Users/miaapriliasatya/.m2/repository/com/vladsch/flexmark/flexmark-util/0.34.30/flexmark-util-0.34.30.jar:/Users/miaapriliasatya/.m2/repository/com/vladsch/flexmark/flexmark-youtrack-converter/0.34.30/flexmark-youtrack-converter-0.34.30.jar:/Users/miaapriliasatya/.m2/repository/es/nitaur/markdown/txtmark/0.16/txtmark-0.16.jar:/Users/miaapriliasatya/.m2/repository/net/serenity-bdd/serenity-report-resources/3.6.12/serenity-report-resources-3.6.12.jar:/Users/miaapriliasatya/.m2/repository/com/google/code/gson/gson/2.9.0/gson-2.9.0.jar:/Users/miaapriliasatya/.m2/repository/com/fasterxml/jackson/core/jackson-core/2.14.2/jackson-core-2.14.2.jar:/Users/miaapriliasatya/.m2/repository/com/fasterxml/jackson/core/jackson-databind/2.14.2/jackson-databind-2.14.2.jar:/Users/miaapriliasatya/.m2/repository/com/fasterxml/jackson/core/jackson-annotations/2.14.2/jackson-annotations-2.14.2.jar:/Users/miaapriliasatya/.m2/repository/commons-codec/commons-codec/1.15/commons-codec-1.15.jar:/Users/miaapriliasatya/.m2/repository/commons-io/commons-io/2.11.0/commons-io-2.11.0.jar:/Users/miaapriliasatya/.m2/repository/org/apache/httpcomponents/httpclient/4.5.13/httpclient-4.5.13.jar:/Users/miaapriliasatya/.m2/repository/org/apache/httpcomponents/httpcore/4.4.13/httpcore-4.4.13.jar:/Users/miaapriliasatya/.m2/repository/org/seleniumhq/selenium/selenium-java/4.8.0/selenium-java-4.8.0.jar:/Users/miaapriliasatya/.m2/repository/org/seleniumhq/selenium/selenium-devtools-v107/4.8.0/selenium-devtools-v107-4.8.0.jar:/Users/miaapriliasatya/.m2/repository/org/seleniumhq/selenium/selenium-devtools-v108/4.8.0/selenium-devtools-v108-4.8.0.jar:/Users/miaapriliasatya/.m2/repository/org/seleniumhq/selenium/selenium-devtools-v109/4.8.0/selenium-devtools-v109-4.8.0.jar:/Users/miaapriliasatya/.m2/repository/org/seleniumhq/selenium/selenium-devtools-v85/4.8.0/selenium-devtools-v85-4.8.0.jar:/Users/miaapriliasatya/.m2/repository/org/seleniumhq/selenium/selenium-remote-driver/4.8.0/selenium-remote-driver-4.8.0.jar:/Users/miaapriliasatya/.m2/repository/com/beust/jcommander/1.82/jcommander-1.82.jar:/Users/miaapriliasatya/.m2/repository/io/netty/netty-buffer/4.1.87.Final/netty-buffer-4.1.87.Final.jar:/Users/miaapriliasatya/.m2/repository/io/netty/netty-codec-http/4.1.87.Final/netty-codec-http-4.1.87.Final.jar:/Users/miaapriliasatya/.m2/repository/io/netty/netty-codec/4.1.87.Final/netty-codec-4.1.87.Final.jar:/Users/miaapriliasatya/.m2/repository/io/netty/netty-handler/4.1.87.Final/netty-handler-4.1.87.Final.jar:/Users/miaapriliasatya/.m2/repository/io/netty/netty-common/4.1.87.Final/netty-common-4.1.87.Final.jar:/Users/miaapriliasatya/.m2/repository/io/netty/netty-transport-classes-epoll/4.1.87.Final/netty-transport-classes-epoll-4.1.87.Final.jar:/Users/miaapriliasatya/.m2/repository/io/netty/netty-transport-classes-kqueue/4.1.87.Final/netty-transport-classes-kqueue-4.1.87.Final.jar:/Users/miaapriliasatya/.m2/repository/io/netty/netty-transport-native-epoll/4.1.87.Final/netty-transport-native-epoll-4.1.87.Final.jar:/Users/miaapriliasatya/.m2/repository/io/netty/netty-transport-native-kqueue/4.1.87.Final/netty-transport-native-kqueue-4.1.87.Final.jar:/Users/miaapriliasatya/.m2/repository/io/netty/netty-transport-native-unix-common/4.1.87.Final/netty-transport-native-unix-common-4.1.87.Final.jar:/Users/miaapriliasatya/.m2/repository/io/netty/netty-transport/4.1.87.Final/netty-transport-4.1.87.Final.jar:/Users/miaapriliasatya/.m2/repository/io/netty/netty-resolver/4.1.87.Final/netty-resolver-4.1.87.Final.jar:/Users/miaapriliasatya/.m2/repository/io/opentelemetry/opentelemetry-api/1.22.0/opentelemetry-api-1.22.0.jar:/Users/miaapriliasatya/.m2/repository/io/opentelemetry/opentelemetry-context/1.22.0/opentelemetry-context-1.22.0.jar:/Users/miaapriliasatya/.m2/repository/io/opentelemetry/opentelemetry-exporter-logging/1.22.0/opentelemetry-exporter-logging-1.22.0.jar:/Users/miaapriliasatya/.m2/repository/io/opentelemetry/opentelemetry-sdk-metrics/1.22.0/opentelemetry-sdk-metrics-1.22.0.jar:/Users/miaapriliasatya/.m2/repository/io/opentelemetry/opentelemetry-sdk-logs/1.22.0-alpha/opentelemetry-sdk-logs-1.22.0-alpha.jar:/Users/miaapriliasatya/.m2/repository/io/opentelemetry/opentelemetry-api-logs/1.22.0-alpha/opentelemetry-api-logs-1.22.0-alpha.jar:/Users/miaapriliasatya/.m2/repository/io/opentelemetry/opentelemetry-sdk-common/1.22.0/opentelemetry-sdk-common-1.22.0.jar:/Users/miaapriliasatya/.m2/repository/io/opentelemetry/opentelemetry-sdk-extension-autoconfigure-spi/1.22.0/opentelemetry-sdk-extension-autoconfigure-spi-1.22.0.jar:/Users/miaapriliasatya/.m2/repository/io/opentelemetry/opentelemetry-sdk-extension-autoconfigure/1.22.0-alpha/opentelemetry-sdk-extension-autoconfigure-1.22.0-alpha.jar:/Users/miaapriliasatya/.m2/repository/io/opentelemetry/opentelemetry-sdk-trace/1.22.0/opentelemetry-sdk-trace-1.22.0.jar:/Users/miaapriliasatya/.m2/repository/io/opentelemetry/opentelemetry-sdk/1.22.0/opentelemetry-sdk-1.22.0.jar:/Users/miaapriliasatya/.m2/repository/io/opentelemetry/opentelemetry-semconv/1.22.0-alpha/opentelemetry-semconv-1.22.0-alpha.jar:/Users/miaapriliasatya/.m2/repository/io/ous/jtoml/2.0.0/jtoml-2.0.0.jar:/Users/miaapriliasatya/.m2/repository/org/apache/commons/commons-exec/1.3/commons-exec-1.3.jar:/Users/miaapriliasatya/.m2/repository/org/asynchttpclient/async-http-client/2.12.3/async-http-client-2.12.3.jar:/Users/miaapriliasatya/.m2/repository/org/asynchttpclient/async-http-client-netty-utils/2.12.3/async-http-client-netty-utils-2.12.3.jar:/Users/miaapriliasatya/.m2/repository/io/netty/netty-codec-socks/4.1.60.Final/netty-codec-socks-4.1.60.Final.jar:/Users/miaapriliasatya/.m2/repository/io/netty/netty-handler-proxy/4.1.60.Final/netty-handler-proxy-4.1.60.Final.jar:/Users/miaapriliasatya/.m2/repository/io/netty/netty-transport-native-epoll/4.1.60.Final/netty-transport-native-epoll-4.1.60.Final-linux-x86_64.jar:/Users/miaapriliasatya/.m2/repository/io/netty/netty-transport-native-kqueue/4.1.60.Final/netty-transport-native-kqueue-4.1.60.Final-osx-x86_64.jar:/Users/miaapriliasatya/.m2/repository/org/reactivestreams/reactive-streams/1.0.3/reactive-streams-1.0.3.jar:/Users/miaapriliasatya/.m2/repository/com/typesafe/netty/netty-reactive-streams/2.0.4/netty-reactive-streams-2.0.4.jar:/Users/miaapriliasatya/.m2/repository/org/seleniumhq/selenium/selenium-manager/4.8.0/selenium-manager-4.8.0.jar:/Users/miaapriliasatya/.m2/repository/org/seleniumhq/selenium/selenium-safari-driver/4.8.0/selenium-safari-driver-4.8.0.jar:/Users/miaapriliasatya/.m2/repository/org/seleniumhq/selenium/selenium-api/4.8.0/selenium-api-4.8.0.jar:/Users/miaapriliasatya/.m2/repository/org/seleniumhq/selenium/selenium-support/4.8.0/selenium-support-4.8.0.jar:/Users/miaapriliasatya/.m2/repository/com/google/auto/service/auto-service-annotations/1.0.1/auto-service-annotations-1.0.1.jar:/Users/miaapriliasatya/.m2/repository/com/google/auto/service/auto-service/1.0.1/auto-service-1.0.1.jar:/Users/miaapriliasatya/.m2/repository/com/google/auto/auto-common/1.2/auto-common-1.2.jar:/Users/miaapriliasatya/.m2/repository/org/seleniumhq/selenium/selenium-json/4.8.0/selenium-json-4.8.0.jar:/Users/miaapriliasatya/.m2/repository/org/seleniumhq/selenium/selenium-chrome-driver/4.8.0/selenium-chrome-driver-4.8.0.jar:/Users/miaapriliasatya/.m2/repository/org/seleniumhq/selenium/selenium-chromium-driver/4.8.0/selenium-chromium-driver-4.8.0.jar:/Users/miaapriliasatya/.m2/repository/org/seleniumhq/selenium/selenium-firefox-driver/4.8.0/selenium-firefox-driver-4.8.0.jar:/Users/miaapriliasatya/.m2/repository/org/seleniumhq/selenium/selenium-http/4.8.0/selenium-http-4.8.0.jar:/Users/miaapriliasatya/.m2/repository/dev/failsafe/failsafe/3.3.0/failsafe-3.3.0.jar:/Users/miaapriliasatya/.m2/repository/org/seleniumhq/selenium/selenium-edge-driver/4.8.0/selenium-edge-driver-4.8.0.jar:/Users/miaapriliasatya/.m2/repository/org/seleniumhq/selenium/selenium-ie-driver/4.8.0/selenium-ie-driver-4.8.0.jar:/Users/miaapriliasatya/.m2/repository/org/projectlombok/lombok/1.18.20/lombok-1.18.20.jar:/Users/miaapriliasatya/.m2/repository/io/appium/java-client/8.3.0/java-client-8.3.0.jar:/Users/miaapriliasatya/.m2/repository/commons-validator/commons-validator/1.7/commons-validator-1.7.jar:/Users/miaapriliasatya/.m2/repository/commons-digester/commons-digester/2.1/commons-digester-2.1.jar:/Users/miaapriliasatya/.m2/repository/org/apache/groovy/groovy/4.0.6/groovy-4.0.6.jar:/Users/miaapriliasatya/.m2/repository/net/sf/opencsv/opencsv/2.0/opencsv-2.0.jar:/Users/miaapriliasatya/.m2/repository/commons-beanutils/commons-beanutils/1.9.4/commons-beanutils-1.9.4.jar:/Users/miaapriliasatya/.m2/repository/org/apache/commons/commons-lang3/3.12.0/commons-lang3-3.12.0.jar:/Users/miaapriliasatya/.m2/repository/commons-collections/commons-collections/3.2.2/commons-collections-3.2.2.jar:/Users/miaapriliasatya/.m2/repository/org/fluentlenium/fluentlenium-core/0.10.2/fluentlenium-core-0.10.2.jar:/Users/miaapriliasatya/.m2/repository/io/github/bonigarcia/webdrivermanager/5.3.0/webdrivermanager-5.3.0.jar:/Users/miaapriliasatya/.m2/repository/com/github/docker-java/docker-java/3.2.13/docker-java-3.2.13.jar:/Users/miaapriliasatya/.m2/repository/com/github/docker-java/docker-java-core/3.2.13/docker-java-core-3.2.13.jar:/Users/miaapriliasatya/.m2/repository/com/github/docker-java/docker-java-api/3.2.13/docker-java-api-3.2.13.jar:/Users/miaapriliasatya/.m2/repository/org/apache/commons/commons-compress/1.21/commons-compress-1.21.jar:/Users/miaapriliasatya/.m2/repository/org/bouncycastle/bcpkix-jdk15on/1.64/bcpkix-jdk15on-1.64.jar:/Users/miaapriliasatya/.m2/repository/org/bouncycastle/bcprov-jdk15on/1.64/bcprov-jdk15on-1.64.jar:/Users/miaapriliasatya/.m2/repository/org/slf4j/jcl-over-slf4j/1.7.30/jcl-over-slf4j-1.7.30.jar:/Users/miaapriliasatya/.m2/repository/com/github/docker-java/docker-java-transport-httpclient5/3.2.13/docker-java-transport-httpclient5-3.2.13.jar:/Users/miaapriliasatya/.m2/repository/com/github/docker-java/docker-java-transport/3.2.13/docker-java-transport-3.2.13.jar:/Users/miaapriliasatya/.m2/repository/net/java/dev/jna/jna/5.8.0/jna-5.8.0.jar:/Users/miaapriliasatya/.m2/repository/org/brotli/dec/0.1.2/dec-0.1.2.jar:/Users/miaapriliasatya/.m2/repository/org/apache/httpcomponents/client5/httpclient5/5.1.3/httpclient5-5.1.3.jar:/Users/miaapriliasatya/.m2/repository/org/apache/httpcomponents/core5/httpcore5/5.1.3/httpcore5-5.1.3.jar:/Users/miaapriliasatya/.m2/repository/org/apache/httpcomponents/core5/httpcore5-h2/5.1.3/httpcore5-h2-5.1.3.jar:/Users/miaapriliasatya/.m2/repository/com/jhlabs/filters/2.0.235/filters-2.0.235.jar:/Users/miaapriliasatya/.m2/repository/com/paulhammant/ngwebdriver/1.1.6/ngwebdriver-1.1.6.jar:/Users/miaapriliasatya/.m2/repository/joda-time/joda-time/2.8.2/joda-time-2.8.2.jar:/Users/miaapriliasatya/.m2/repository/org/hamcrest/hamcrest/2.2/hamcrest-2.2.jar:/Users/miaapriliasatya/.m2/repository/com/google/jimfs/jimfs/1.2/jimfs-1.2.jar:/Users/miaapriliasatya/.m2/repository/org/mockito/mockito-core/3.3.3/mockito-core-3.3.3.jar:/Users/miaapriliasatya/.m2/repository/javax/xml/bind/jaxb-api/2.3.1/jaxb-api-2.3.1.jar:/Users/miaapriliasatya/.m2/repository/javax/activation/javax.activation-api/1.2.0/javax.activation-api-1.2.0.jar:/Users/miaapriliasatya/.m2/repository/com/sun/xml/bind/jaxb-core/2.3.0.1/jaxb-core-2.3.0.1.jar:/Users/miaapriliasatya/.m2/repository/com/sun/xml/bind/jaxb-impl/2.3.3/jaxb-impl-2.3.3.jar:/Users/miaapriliasatya/.m2/repository/jakarta/xml/bind/jakarta.xml.bind-api/2.3.3/jakarta.xml.bind-api-2.3.3.jar:/Users/miaapriliasatya/.m2/repository/com/sun/activation/jakarta.activation/1.2.2/jakarta.activation-1.2.2.jar:/Users/miaapriliasatya/.m2/repository/javax/activation/activation/1.1.1/activation-1.1.1.jar:/Users/miaapriliasatya/.m2/repository/net/serenity-bdd/serenity-junit/3.6.12/serenity-junit-3.6.12.jar:/Users/miaapriliasatya/.m2/repository/net/serenity-bdd/serenity-screenplay/3.6.12/serenity-screenplay-3.6.12.jar:/Users/miaapriliasatya/.m2/repository/net/serenity-bdd/serenity-rest-assured/3.6.12/serenity-rest-assured-3.6.12.jar:/Users/miaapriliasatya/.m2/repository/io/rest-assured/rest-assured/5.2.0/rest-assured-5.2.0.jar:/Users/miaapriliasatya/.m2/repository/org/apache/httpcomponents/httpmime/4.5.13/httpmime-4.5.13.jar:/Users/miaapriliasatya/.m2/repository/org/ccil/cowan/tagsoup/tagsoup/1.2.1/tagsoup-1.2.1.jar:/Users/miaapriliasatya/.m2/repository/io/rest-assured/json-path/5.2.0/json-path-5.2.0.jar:/Users/miaapriliasatya/.m2/repository/io/rest-assured/rest-assured-common/5.2.0/rest-assured-common-5.2.0.jar:/Users/miaapriliasatya/.m2/repository/io/rest-assured/xml-path/5.2.0/xml-path-5.2.0.jar:/Users/miaapriliasatya/.m2/repository/org/apache/groovy/groovy-json/4.0.6/groovy-json-4.0.6.jar:/Users/miaapriliasatya/.m2/repository/org/apache/groovy/groovy-xml/4.0.6/groovy-xml-4.0.6.jar:/Users/miaapriliasatya/.m2/repository/org/opentest4j/opentest4j/1.2.0/opentest4j-1.2.0.jar:/Users/miaapriliasatya/.m2/repository/net/serenity-bdd/serenity-cucumber/3.6.12/serenity-cucumber-3.6.12.jar:/Users/miaapriliasatya/.m2/repository/io/cucumber/cucumber-core/7.11.0/cucumber-core-7.11.0.jar:/Users/miaapriliasatya/.m2/repository/io/cucumber/cucumber-gherkin/7.11.0/cucumber-gherkin-7.11.0.jar:/Users/miaapriliasatya/.m2/repository/io/cucumber/cucumber-gherkin-messages/7.11.0/cucumber-gherkin-messages-7.11.0.jar:/Users/miaapriliasatya/.m2/repository/io/cucumber/gherkin/26.0.3/gherkin-26.0.3.jar:/Users/miaapriliasatya/.m2/repository/io/cucumber/messages/21.0.1/messages-21.0.1.jar:/Users/miaapriliasatya/.m2/repository/io/cucumber/tag-expressions/5.0.1/tag-expressions-5.0.1.jar:/Users/miaapriliasatya/.m2/repository/io/cucumber/cucumber-expressions/16.1.1/cucumber-expressions-16.1.1.jar:/Users/miaapriliasatya/.m2/repository/io/cucumber/datatable/7.11.0/datatable-7.11.0.jar:/Users/miaapriliasatya/.m2/repository/io/cucumber/cucumber-plugin/7.11.0/cucumber-plugin-7.11.0.jar:/Users/miaapriliasatya/.m2/repository/io/cucumber/docstring/7.11.0/docstring-7.11.0.jar:/Users/miaapriliasatya/.m2/repository/io/cucumber/html-formatter/20.2.1/html-formatter-20.2.1.jar:/Users/miaapriliasatya/.m2/repository/io/cucumber/junit-xml-formatter/0.1.0/junit-xml-formatter-0.1.0.jar:/Users/miaapriliasatya/.m2/repository/io/cucumber/ci-environment/9.1.0/ci-environment-9.1.0.jar:/Users/miaapriliasatya/.m2/repository/io/cucumber/cucumber-java/7.11.0/cucumber-java-7.11.0.jar:/Users/miaapriliasatya/.m2/repository/io/cucumber/cucumber-junit/7.11.0/cucumber-junit-7.11.0.jar:/Users/miaapriliasatya/.m2/repository/org/apiguardian/apiguardian-api/1.1.2/apiguardian-api-1.1.2.jar:/Users/miaapriliasatya/.m2/repository/org/apache/commons/commons-csv/1.5/commons-csv-1.5.jar:/Users/miaapriliasatya/.m2/repository/net/serenity-bdd/serenity-screenplay-webdriver/3.6.12/serenity-screenplay-webdriver-3.6.12.jar:/Users/miaapriliasatya/.m2/repository/net/serenity-bdd/serenity-jbehave/1.46.0/serenity-jbehave-1.46.0.jar:/Users/miaapriliasatya/.m2/repository/commons-logging/commons-logging/1.2/commons-logging-1.2.jar:/Users/miaapriliasatya/.m2/repository/com/thoughtworks/paranamer/paranamer/2.8/paranamer-2.8.jar:/Users/miaapriliasatya/.m2/repository/org/jbehave/jbehave-core/4.4/jbehave-core-4.4.jar:/Users/miaapriliasatya/.m2/repository/org/hamcrest/hamcrest-library/1.3/hamcrest-library-1.3.jar:/Users/miaapriliasatya/.m2/repository/org/hamcrest/hamcrest-integration/1.3/hamcrest-integration-1.3.jar:/Users/miaapriliasatya/.m2/repository/org/apache/commons/commons-collections4/4.1/commons-collections4-4.1.jar:/Users/miaapriliasatya/.m2/repository/org/codehaus/plexus/plexus-utils/3.1.0/plexus-utils-3.1.0.jar:/Users/miaapriliasatya/.m2/repository/com/github/valfirst/jbehave-junit-runner/2.2.0/jbehave-junit-runner-2.2.0.jar:/Users/miaapriliasatya/.m2/repository/org/reflections/reflections/0.9.11/reflections-0.9.11.jar:/Users/miaapriliasatya/.m2/repository/org/javassist/javassist/3.21.0-GA/javassist-3.21.0-GA.jar:/Users/miaapriliasatya/.m2/repository/org/codehaus/groovy/groovy-all/2.4.13/groovy-all-2.4.13.jar:/Users/miaapriliasatya/.m2/repository/junit/junit/4.13.2/junit-4.13.2.jar:/Users/miaapriliasatya/.m2/repository/org/hamcrest/hamcrest-core/1.3/hamcrest-core-1.3.jar:/Users/miaapriliasatya/.m2/repository/org/assertj/assertj-core/3.24.2/assertj-core-3.24.2.jar:/Users/miaapriliasatya/.m2/repository/net/bytebuddy/byte-buddy/1.12.21/byte-buddy-1.12.21.jar:/Users/miaapriliasatya/.m2/repository/org/hamcrest/hamcrest-all/1.3/hamcrest-all-1.3.jar:/Users/miaapriliasatya/.m2/repository/io/rest-assured/json-schema-validator/5.3.1/json-schema-validator-5.3.1.jar:/Users/miaapriliasatya/.m2/repository/com/github/java-json-tools/json-schema-validator/2.2.14/json-schema-validator-2.2.14.jar:/Users/miaapriliasatya/.m2/repository/com/github/java-json-tools/jackson-coreutils-equivalence/1.0/jackson-coreutils-equivalence-1.0.jar:/Users/miaapriliasatya/.m2/repository/com/github/java-json-tools/jackson-coreutils/2.0/jackson-coreutils-2.0.jar:/Users/miaapriliasatya/.m2/repository/com/github/java-json-tools/msg-simple/1.2/msg-simple-1.2.jar:/Users/miaapriliasatya/.m2/repository/com/github/java-json-tools/btf/1.3/btf-1.3.jar:/Users/miaapriliasatya/.m2/repository/com/github/java-json-tools/json-schema-core/1.2.14/json-schema-core-1.2.14.jar:/Users/miaapriliasatya/.m2/repository/com/github/java-json-tools/uri-template/0.10/uri-template-0.10.jar:/Users/miaapriliasatya/.m2/repository/org/mozilla/rhino/1.7.7.2/rhino-1.7.7.2.jar:/Users/miaapriliasatya/.m2/repository/com/sun/mail/mailapi/1.6.2/mailapi-1.6.2.jar:/Users/miaapriliasatya/.m2/repository/com/googlecode/libphonenumber/libphonenumber/8.11.1/libphonenumber-8.11.1.jar:/Users/miaapriliasatya/.m2/repository/com/google/code/findbugs/jsr305/3.0.2/jsr305-3.0.2.jar:/Users/miaapriliasatya/.m2/repository/net/sf/jopt-simple/jopt-simple/5.0.4/jopt-simple-5.0.4.jar:/Users/miaapriliasatya/.m2/repository/com/google/guava/guava/32.0.1-jre/guava-32.0.1-jre.jar:/Users/miaapriliasatya/.m2/repository/com/google/guava/failureaccess/1.0.1/failureaccess-1.0.1.jar:/Users/miaapriliasatya/.m2/repository/com/google/guava/listenablefuture/9999.0-empty-to-avoid-conflict-with-guava/listenablefuture-9999.0-empty-to-avoid-conflict-with-guava.jar:/Users/miaapriliasatya/.m2/repository/org/checkerframework/checker-qual/3.33.0/checker-qual-3.33.0.jar:/Users/miaapriliasatya/.m2/repository/com/google/errorprone/error_prone_annotations/2.18.0/error_prone_annotations-2.18.0.jar:/Users/miaapriliasatya/.m2/repository/com/google/j2objc/j2objc-annotations/2.8/j2objc-annotations-2.8.jar:"/>
    <property name="java.vm.vendor" value="Oracle Corporation"/>
    <property name="sun.arch.data.model" value="64"/>
    <property name="java.vendor.url" value="https://java.oracle.com/"/>
    <property name="os.name" value="Mac OS X"/>
    <property name="java.vm.specification.version" value="21"/>
    <property name="sun.java.launcher" value="SUN_STANDARD"/>
    <property name="user.country" value="ID"/>
    <property name="sun.boot.library.path" value="/Library/Java/JavaVirtualMachines/jdk-21.jdk/Contents/Home/lib"/>
    <property name="sun.java.command" value="/Users/miaapriliasatya/IdeaProjects/ALTASHOP/target/surefire/surefirebooter10058656171857670131.jar /Users/miaapriliasatya/IdeaProjects/ALTASHOP/target/surefire 2023-10-18T18-28-20_684-jvmRun1 surefire3174181214139423602tmp surefire_011498345890253215668tmp"/>
    <property name="http.nonProxyHosts" value="local|*.local|169.254/16|*.169.254/16"/>
    <property name="jdk.debug" value="release"/>
    <property name="surefire.test.class.path" value="/Users/miaapriliasatya/IdeaProjects/ALTASHOP/target/test-classes:/Users/miaapriliasatya/IdeaProjects/ALTASHOP/target/ALTASHOP-1.0-SNAPSHOT.jar:/Users/miaapriliasatya/.m2/repository/ch/qos/logback/logback-classic/1.4.7/logback-classic-1.4.7.jar:/Users/miaapriliasatya/.m2/repository/ch/qos/logback/logback-core/1.4.7/logback-core-1.4.7.jar:/Users/miaapriliasatya/.m2/repository/org/slf4j/slf4j-api/2.0.4/slf4j-api-2.0.4.jar:/Users/miaapriliasatya/.m2/repository/org/json/json/20230227/json-20230227.jar:/Users/miaapriliasatya/.m2/repository/net/serenity-bdd/serenity-core/3.6.12/serenity-core-3.6.12.jar:/Users/miaapriliasatya/.m2/repository/net/serenity-bdd/serenity-model/3.6.12/serenity-model-3.6.12.jar:/Users/miaapriliasatya/.m2/repository/org/apache/commons/commons-text/1.10.0/commons-text-1.10.0.jar:/Users/miaapriliasatya/.m2/repository/commons-net/commons-net/3.9.0/commons-net-3.9.0.jar:/Users/miaapriliasatya/.m2/repository/com/google/inject/guice/5.1.0/guice-5.1.0.jar:/Users/miaapriliasatya/.m2/repository/javax/inject/javax.inject/1/javax.inject-1.jar:/Users/miaapriliasatya/.m2/repository/aopalliance/aopalliance/1.0/aopalliance-1.0.jar:/Users/miaapriliasatya/.m2/repository/org/jsoup/jsoup/1.14.3/jsoup-1.14.3.jar:/Users/miaapriliasatya/.m2/repository/com/thoughtworks/xstream/xstream/1.4.20/xstream-1.4.20.jar:/Users/miaapriliasatya/.m2/repository/io/github/x-stream/mxparser/1.2.2/mxparser-1.2.2.jar:/Users/miaapriliasatya/.m2/repository/xmlpull/xmlpull/1.1.3.1/xmlpull-1.1.3.1.jar:/Users/miaapriliasatya/.m2/repository/com/typesafe/config/1.4.2/config-1.4.2.jar:/Users/miaapriliasatya/.m2/repository/org/imgscalr/imgscalr-lib/4.2/imgscalr-lib-4.2.jar:/Users/miaapriliasatya/.m2/repository/org/awaitility/awaitility/4.2.0/awaitility-4.2.0.jar:/Users/miaapriliasatya/.m2/repository/org/freemarker/freemarker/2.3.31/freemarker-2.3.31.jar:/Users/miaapriliasatya/.m2/repository/io/github/classgraph/classgraph/4.8.138/classgraph-4.8.138.jar:/Users/miaapriliasatya/.m2/repository/net/sourceforge/jexcelapi/jxl/2.6.12/jxl-2.6.12.jar:/Users/miaapriliasatya/.m2/repository/net/bytebuddy/byte-buddy-agent/1.12.22/byte-buddy-agent-1.12.22.jar:/Users/miaapriliasatya/.m2/repository/org/objenesis/objenesis/3.1/objenesis-3.1.jar:/Users/miaapriliasatya/.m2/repository/net/serenity-bdd/serenity-reports/3.6.12/serenity-reports-3.6.12.jar:/Users/miaapriliasatya/.m2/repository/net/serenity-bdd/serenity-stats/3.6.12/serenity-stats-3.6.12.jar:/Users/miaapriliasatya/.m2/repository/org/jetbrains/kotlin/kotlin-stdlib/1.7.21/kotlin-stdlib-1.7.21.jar:/Users/miaapriliasatya/.m2/repository/org/jetbrains/kotlin/kotlin-stdlib-common/1.7.21/kotlin-stdlib-common-1.7.21.jar:/Users/miaapriliasatya/.m2/repository/org/jetbrains/annotations/13.0/annotations-13.0.jar:/Users/miaapriliasatya/.m2/repository/net/serenity-bdd/serenity-reports-configuration/3.6.12/serenity-reports-configuration-3.6.12.jar:/Users/miaapriliasatya/.m2/repository/com/vladsch/flexmark/flexmark-all/0.34.30/flexmark-all-0.34.30.jar:/Users/miaapriliasatya/.m2/repository/com/vladsch/flexmark/flexmark/0.34.30/flexmark-0.34.30.jar:/Users/miaapriliasatya/.m2/repository/com/vladsch/flexmark/flexmark-ext-abbreviation/0.34.30/flexmark-ext-abbreviation-0.34.30.jar:/Users/miaapriliasatya/.m2/repository/com/vladsch/flexmark/flexmark-ext-admonition/0.34.30/flexmark-ext-admonition-0.34.30.jar:/Users/miaapriliasatya/.m2/repository/com/vladsch/flexmark/flexmark-ext-anchorlink/0.34.30/flexmark-ext-anchorlink-0.34.30.jar:/Users/miaapriliasatya/.m2/repository/com/vladsch/flexmark/flexmark-ext-aside/0.34.30/flexmark-ext-aside-0.34.30.jar:/Users/miaapriliasatya/.m2/repository/com/vladsch/flexmark/flexmark-ext-attributes/0.34.30/flexmark-ext-attributes-0.34.30.jar:/Users/miaapriliasatya/.m2/repository/com/vladsch/flexmark/flexmark-ext-autolink/0.34.30/flexmark-ext-autolink-0.34.30.jar:/Users/miaapriliasatya/.m2/repository/org/nibor/autolink/autolink/0.6.0/autolink-0.6.0.jar:/Users/miaapriliasatya/.m2/repository/com/vladsch/flexmark/flexmark-ext-definition/0.34.30/flexmark-ext-definition-0.34.30.jar:/Users/miaapriliasatya/.m2/repository/com/vladsch/flexmark/flexmark-ext-emoji/0.34.30/flexmark-ext-emoji-0.34.30.jar:/Users/miaapriliasatya/.m2/repository/com/vladsch/flexmark/flexmark-ext-enumerated-reference/0.34.30/flexmark-ext-enumerated-reference-0.34.30.jar:/Users/miaapriliasatya/.m2/repository/com/vladsch/flexmark/flexmark-ext-escaped-character/0.34.30/flexmark-ext-escaped-character-0.34.30.jar:/Users/miaapriliasatya/.m2/repository/com/vladsch/flexmark/flexmark-ext-footnotes/0.34.30/flexmark-ext-footnotes-0.34.30.jar:/Users/miaapriliasatya/.m2/repository/com/vladsch/flexmark/flexmark-ext-gfm-issues/0.34.30/flexmark-ext-gfm-issues-0.34.30.jar:/Users/miaapriliasatya/.m2/repository/com/vladsch/flexmark/flexmark-ext-gfm-strikethrough/0.34.30/flexmark-ext-gfm-strikethrough-0.34.30.jar:/Users/miaapriliasatya/.m2/repository/com/vladsch/flexmark/flexmark-ext-gfm-tables/0.34.30/flexmark-ext-gfm-tables-0.34.30.jar:/Users/miaapriliasatya/.m2/repository/com/vladsch/flexmark/flexmark-ext-gfm-tasklist/0.34.30/flexmark-ext-gfm-tasklist-0.34.30.jar:/Users/miaapriliasatya/.m2/repository/com/vladsch/flexmark/flexmark-ext-gfm-users/0.34.30/flexmark-ext-gfm-users-0.34.30.jar:/Users/miaapriliasatya/.m2/repository/com/vladsch/flexmark/flexmark-ext-gitlab/0.34.30/flexmark-ext-gitlab-0.34.30.jar:/Users/miaapriliasatya/.m2/repository/com/vladsch/flexmark/flexmark-ext-jekyll-front-matter/0.34.30/flexmark-ext-jekyll-front-matter-0.34.30.jar:/Users/miaapriliasatya/.m2/repository/com/vladsch/flexmark/flexmark-ext-jekyll-tag/0.34.30/flexmark-ext-jekyll-tag-0.34.30.jar:/Users/miaapriliasatya/.m2/repository/com/vladsch/flexmark/flexmark-ext-media-tags/0.34.30/flexmark-ext-media-tags-0.34.30.jar:/Users/miaapriliasatya/.m2/repository/com/vladsch/flexmark/flexmark-test-util/0.34.30/flexmark-test-util-0.34.30.jar:/Users/miaapriliasatya/.m2/repository/com/vladsch/flexmark/flexmark-ext-ins/0.34.30/flexmark-ext-ins-0.34.30.jar:/Users/miaapriliasatya/.m2/repository/com/vladsch/flexmark/flexmark-ext-xwiki-macros/0.34.30/flexmark-ext-xwiki-macros-0.34.30.jar:/Users/miaapriliasatya/.m2/repository/com/vladsch/flexmark/flexmark-ext-superscript/0.34.30/flexmark-ext-superscript-0.34.30.jar:/Users/miaapriliasatya/.m2/repository/com/vladsch/flexmark/flexmark-ext-tables/0.34.30/flexmark-ext-tables-0.34.30.jar:/Users/miaapriliasatya/.m2/repository/com/vladsch/flexmark/flexmark-ext-toc/0.34.30/flexmark-ext-toc-0.34.30.jar:/Users/miaapriliasatya/.m2/repository/com/vladsch/flexmark/flexmark-ext-typographic/0.34.30/flexmark-ext-typographic-0.34.30.jar:/Users/miaapriliasatya/.m2/repository/com/vladsch/flexmark/flexmark-ext-wikilink/0.34.30/flexmark-ext-wikilink-0.34.30.jar:/Users/miaapriliasatya/.m2/repository/com/vladsch/flexmark/flexmark-ext-yaml-front-matter/0.34.30/flexmark-ext-yaml-front-matter-0.34.30.jar:/Users/miaapriliasatya/.m2/repository/com/vladsch/flexmark/flexmark-ext-youtube-embedded/0.34.30/flexmark-ext-youtube-embedded-0.34.30.jar:/Users/miaapriliasatya/.m2/repository/com/vladsch/flexmark/flexmark-formatter/0.34.30/flexmark-formatter-0.34.30.jar:/Users/miaapriliasatya/.m2/repository/com/vladsch/flexmark/flexmark-html-parser/0.34.30/flexmark-html-parser-0.34.30.jar:/Users/miaapriliasatya/.m2/repository/com/vladsch/flexmark/flexmark-jira-converter/0.34.30/flexmark-jira-converter-0.34.30.jar:/Users/miaapriliasatya/.m2/repository/com/vladsch/flexmark/flexmark-pdf-converter/0.34.30/flexmark-pdf-converter-0.34.30.jar:/Users/miaapriliasatya/.m2/repository/com/openhtmltopdf/openhtmltopdf-core/0.0.1-RC13/openhtmltopdf-core-0.0.1-RC13.jar:/Users/miaapriliasatya/.m2/repository/com/openhtmltopdf/openhtmltopdf-pdfbox/0.0.1-RC13/openhtmltopdf-pdfbox-0.0.1-RC13.jar:/Users/miaapriliasatya/.m2/repository/org/apache/pdfbox/pdfbox/2.0.8/pdfbox-2.0.8.jar:/Users/miaapriliasatya/.m2/repository/org/apache/pdfbox/fontbox/2.0.8/fontbox-2.0.8.jar:/Users/miaapriliasatya/.m2/repository/org/apache/pdfbox/xmpbox/2.0.8/xmpbox-2.0.8.jar:/Users/miaapriliasatya/.m2/repository/de/rototor/pdfbox/graphics2d/0.12/graphics2d-0.12.jar:/Users/miaapriliasatya/.m2/repository/com/openhtmltopdf/openhtmltopdf-rtl-support/0.0.1-RC13/openhtmltopdf-rtl-support-0.0.1-RC13.jar:/Users/miaapriliasatya/.m2/repository/com/ibm/icu/icu4j/59.1/icu4j-59.1.jar:/Users/miaapriliasatya/.m2/repository/com/openhtmltopdf/openhtmltopdf-jsoup-dom-converter/0.0.1-RC13/openhtmltopdf-jsoup-dom-converter-0.0.1-RC13.jar:/Users/miaapriliasatya/.m2/repository/com/vladsch/flexmark/flexmark-profile-pegdown/0.34.30/flexmark-profile-pegdown-0.34.30.jar:/Users/miaapriliasatya/.m2/repository/com/vladsch/flexmark/flexmark-util/0.34.30/flexmark-util-0.34.30.jar:/Users/miaapriliasatya/.m2/repository/com/vladsch/flexmark/flexmark-youtrack-converter/0.34.30/flexmark-youtrack-converter-0.34.30.jar:/Users/miaapriliasatya/.m2/repository/es/nitaur/markdown/txtmark/0.16/txtmark-0.16.jar:/Users/miaapriliasatya/.m2/repository/net/serenity-bdd/serenity-report-resources/3.6.12/serenity-report-resources-3.6.12.jar:/Users/miaapriliasatya/.m2/repository/com/google/code/gson/gson/2.9.0/gson-2.9.0.jar:/Users/miaapriliasatya/.m2/repository/com/fasterxml/jackson/core/jackson-core/2.14.2/jackson-core-2.14.2.jar:/Users/miaapriliasatya/.m2/repository/com/fasterxml/jackson/core/jackson-databind/2.14.2/jackson-databind-2.14.2.jar:/Users/miaapriliasatya/.m2/repository/com/fasterxml/jackson/core/jackson-annotations/2.14.2/jackson-annotations-2.14.2.jar:/Users/miaapriliasatya/.m2/repository/commons-codec/commons-codec/1.15/commons-codec-1.15.jar:/Users/miaapriliasatya/.m2/repository/commons-io/commons-io/2.11.0/commons-io-2.11.0.jar:/Users/miaapriliasatya/.m2/repository/org/apache/httpcomponents/httpclient/4.5.13/httpclient-4.5.13.jar:/Users/miaapriliasatya/.m2/repository/org/apache/httpcomponents/httpcore/4.4.13/httpcore-4.4.13.jar:/Users/miaapriliasatya/.m2/repository/org/seleniumhq/selenium/selenium-java/4.8.0/selenium-java-4.8.0.jar:/Users/miaapriliasatya/.m2/repository/org/seleniumhq/selenium/selenium-devtools-v107/4.8.0/selenium-devtools-v107-4.8.0.jar:/Users/miaapriliasatya/.m2/repository/org/seleniumhq/selenium/selenium-devtools-v108/4.8.0/selenium-devtools-v108-4.8.0.jar:/Users/miaapriliasatya/.m2/repository/org/seleniumhq/selenium/selenium-devtools-v109/4.8.0/selenium-devtools-v109-4.8.0.jar:/Users/miaapriliasatya/.m2/repository/org/seleniumhq/selenium/selenium-devtools-v85/4.8.0/selenium-devtools-v85-4.8.0.jar:/Users/miaapriliasatya/.m2/repository/org/seleniumhq/selenium/selenium-remote-driver/4.8.0/selenium-remote-driver-4.8.0.jar:/Users/miaapriliasatya/.m2/repository/com/beust/jcommander/1.82/jcommander-1.82.jar:/Users/miaapriliasatya/.m2/repository/io/netty/netty-buffer/4.1.87.Final/netty-buffer-4.1.87.Final.jar:/Users/miaapriliasatya/.m2/repository/io/netty/netty-codec-http/4.1.87.Final/netty-codec-http-4.1.87.Final.jar:/Users/miaapriliasatya/.m2/repository/io/netty/netty-codec/4.1.87.Final/netty-codec-4.1.87.Final.jar:/Users/miaapriliasatya/.m2/repository/io/netty/netty-handler/4.1.87.Final/netty-handler-4.1.87.Final.jar:/Users/miaapriliasatya/.m2/repository/io/netty/netty-common/4.1.87.Final/netty-common-4.1.87.Final.jar:/Users/miaapriliasatya/.m2/repository/io/netty/netty-transport-classes-epoll/4.1.87.Final/netty-transport-classes-epoll-4.1.87.Final.jar:/Users/miaapriliasatya/.m2/repository/io/netty/netty-transport-classes-kqueue/4.1.87.Final/netty-transport-classes-kqueue-4.1.87.Final.jar:/Users/miaapriliasatya/.m2/repository/io/netty/netty-transport-native-epoll/4.1.87.Final/netty-transport-native-epoll-4.1.87.Final.jar:/Users/miaapriliasatya/.m2/repository/io/netty/netty-transport-native-kqueue/4.1.87.Final/netty-transport-native-kqueue-4.1.87.Final.jar:/Users/miaapriliasatya/.m2/repository/io/netty/netty-transport-native-unix-common/4.1.87.Final/netty-transport-native-unix-common-4.1.87.Final.jar:/Users/miaapriliasatya/.m2/repository/io/netty/netty-transport/4.1.87.Final/netty-transport-4.1.87.Final.jar:/Users/miaapriliasatya/.m2/repository/io/netty/netty-resolver/4.1.87.Final/netty-resolver-4.1.87.Final.jar:/Users/miaapriliasatya/.m2/repository/io/opentelemetry/opentelemetry-api/1.22.0/opentelemetry-api-1.22.0.jar:/Users/miaapriliasatya/.m2/repository/io/opentelemetry/opentelemetry-context/1.22.0/opentelemetry-context-1.22.0.jar:/Users/miaapriliasatya/.m2/repository/io/opentelemetry/opentelemetry-exporter-logging/1.22.0/opentelemetry-exporter-logging-1.22.0.jar:/Users/miaapriliasatya/.m2/repository/io/opentelemetry/opentelemetry-sdk-metrics/1.22.0/opentelemetry-sdk-metrics-1.22.0.jar:/Users/miaapriliasatya/.m2/repository/io/opentelemetry/opentelemetry-sdk-logs/1.22.0-alpha/opentelemetry-sdk-logs-1.22.0-alpha.jar:/Users/miaapriliasatya/.m2/repository/io/opentelemetry/opentelemetry-api-logs/1.22.0-alpha/opentelemetry-api-logs-1.22.0-alpha.jar:/Users/miaapriliasatya/.m2/repository/io/opentelemetry/opentelemetry-sdk-common/1.22.0/opentelemetry-sdk-common-1.22.0.jar:/Users/miaapriliasatya/.m2/repository/io/opentelemetry/opentelemetry-sdk-extension-autoconfigure-spi/1.22.0/opentelemetry-sdk-extension-autoconfigure-spi-1.22.0.jar:/Users/miaapriliasatya/.m2/repository/io/opentelemetry/opentelemetry-sdk-extension-autoconfigure/1.22.0-alpha/opentelemetry-sdk-extension-autoconfigure-1.22.0-alpha.jar:/Users/miaapriliasatya/.m2/repository/io/opentelemetry/opentelemetry-sdk-trace/1.22.0/opentelemetry-sdk-trace-1.22.0.jar:/Users/miaapriliasatya/.m2/repository/io/opentelemetry/opentelemetry-sdk/1.22.0/opentelemetry-sdk-1.22.0.jar:/Users/miaapriliasatya/.m2/repository/io/opentelemetry/opentelemetry-semconv/1.22.0-alpha/opentelemetry-semconv-1.22.0-alpha.jar:/Users/miaapriliasatya/.m2/repository/io/ous/jtoml/2.0.0/jtoml-2.0.0.jar:/Users/miaapriliasatya/.m2/repository/org/apache/commons/commons-exec/1.3/commons-exec-1.3.jar:/Users/miaapriliasatya/.m2/repository/org/asynchttpclient/async-http-client/2.12.3/async-http-client-2.12.3.jar:/Users/miaapriliasatya/.m2/repository/org/asynchttpclient/async-http-client-netty-utils/2.12.3/async-http-client-netty-utils-2.12.3.jar:/Users/miaapriliasatya/.m2/repository/io/netty/netty-codec-socks/4.1.60.Final/netty-codec-socks-4.1.60.Final.jar:/Users/miaapriliasatya/.m2/repository/io/netty/netty-handler-proxy/4.1.60.Final/netty-handler-proxy-4.1.60.Final.jar:/Users/miaapriliasatya/.m2/repository/io/netty/netty-transport-native-epoll/4.1.60.Final/netty-transport-native-epoll-4.1.60.Final-linux-x86_64.jar:/Users/miaapriliasatya/.m2/repository/io/netty/netty-transport-native-kqueue/4.1.60.Final/netty-transport-native-kqueue-4.1.60.Final-osx-x86_64.jar:/Users/miaapriliasatya/.m2/repository/org/reactivestreams/reactive-streams/1.0.3/reactive-streams-1.0.3.jar:/Users/miaapriliasatya/.m2/repository/com/typesafe/netty/netty-reactive-streams/2.0.4/netty-reactive-streams-2.0.4.jar:/Users/miaapriliasatya/.m2/repository/org/seleniumhq/selenium/selenium-manager/4.8.0/selenium-manager-4.8.0.jar:/Users/miaapriliasatya/.m2/repository/org/seleniumhq/selenium/selenium-safari-driver/4.8.0/selenium-safari-driver-4.8.0.jar:/Users/miaapriliasatya/.m2/repository/org/seleniumhq/selenium/selenium-api/4.8.0/selenium-api-4.8.0.jar:/Users/miaapriliasatya/.m2/repository/org/seleniumhq/selenium/selenium-support/4.8.0/selenium-support-4.8.0.jar:/Users/miaapriliasatya/.m2/repository/com/google/auto/service/auto-service-annotations/1.0.1/auto-service-annotations-1.0.1.jar:/Users/miaapriliasatya/.m2/repository/com/google/auto/service/auto-service/1.0.1/auto-service-1.0.1.jar:/Users/miaapriliasatya/.m2/repository/com/google/auto/auto-common/1.2/auto-common-1.2.jar:/Users/miaapriliasatya/.m2/repository/org/seleniumhq/selenium/selenium-json/4.8.0/selenium-json-4.8.0.jar:/Users/miaapriliasatya/.m2/repository/org/seleniumhq/selenium/selenium-chrome-driver/4.8.0/selenium-chrome-driver-4.8.0.jar:/Users/miaapriliasatya/.m2/repository/org/seleniumhq/selenium/selenium-chromium-driver/4.8.0/selenium-chromium-driver-4.8.0.jar:/Users/miaapriliasatya/.m2/repository/org/seleniumhq/selenium/selenium-firefox-driver/4.8.0/selenium-firefox-driver-4.8.0.jar:/Users/miaapriliasatya/.m2/repository/org/seleniumhq/selenium/selenium-http/4.8.0/selenium-http-4.8.0.jar:/Users/miaapriliasatya/.m2/repository/dev/failsafe/failsafe/3.3.0/failsafe-3.3.0.jar:/Users/miaapriliasatya/.m2/repository/org/seleniumhq/selenium/selenium-edge-driver/4.8.0/selenium-edge-driver-4.8.0.jar:/Users/miaapriliasatya/.m2/repository/org/seleniumhq/selenium/selenium-ie-driver/4.8.0/selenium-ie-driver-4.8.0.jar:/Users/miaapriliasatya/.m2/repository/org/projectlombok/lombok/1.18.20/lombok-1.18.20.jar:/Users/miaapriliasatya/.m2/repository/io/appium/java-client/8.3.0/java-client-8.3.0.jar:/Users/miaapriliasatya/.m2/repository/commons-validator/commons-validator/1.7/commons-validator-1.7.jar:/Users/miaapriliasatya/.m2/repository/commons-digester/commons-digester/2.1/commons-digester-2.1.jar:/Users/miaapriliasatya/.m2/repository/org/apache/groovy/groovy/4.0.6/groovy-4.0.6.jar:/Users/miaapriliasatya/.m2/repository/net/sf/opencsv/opencsv/2.0/opencsv-2.0.jar:/Users/miaapriliasatya/.m2/repository/commons-beanutils/commons-beanutils/1.9.4/commons-beanutils-1.9.4.jar:/Users/miaapriliasatya/.m2/repository/org/apache/commons/commons-lang3/3.12.0/commons-lang3-3.12.0.jar:/Users/miaapriliasatya/.m2/repository/commons-collections/commons-collections/3.2.2/commons-collections-3.2.2.jar:/Users/miaapriliasatya/.m2/repository/org/fluentlenium/fluentlenium-core/0.10.2/fluentlenium-core-0.10.2.jar:/Users/miaapriliasatya/.m2/repository/io/github/bonigarcia/webdrivermanager/5.3.0/webdrivermanager-5.3.0.jar:/Users/miaapriliasatya/.m2/repository/com/github/docker-java/docker-java/3.2.13/docker-java-3.2.13.jar:/Users/miaapriliasatya/.m2/repository/com/github/docker-java/docker-java-core/3.2.13/docker-java-core-3.2.13.jar:/Users/miaapriliasatya/.m2/repository/com/github/docker-java/docker-java-api/3.2.13/docker-java-api-3.2.13.jar:/Users/miaapriliasatya/.m2/repository/org/apache/commons/commons-compress/1.21/commons-compress-1.21.jar:/Users/miaapriliasatya/.m2/repository/org/bouncycastle/bcpkix-jdk15on/1.64/bcpkix-jdk15on-1.64.jar:/Users/miaapriliasatya/.m2/repository/org/bouncycastle/bcprov-jdk15on/1.64/bcprov-jdk15on-1.64.jar:/Users/miaapriliasatya/.m2/repository/org/slf4j/jcl-over-slf4j/1.7.30/jcl-over-slf4j-1.7.30.jar:/Users/miaapriliasatya/.m2/repository/com/github/docker-java/docker-java-transport-httpclient5/3.2.13/docker-java-transport-httpclient5-3.2.13.jar:/Users/miaapriliasatya/.m2/repository/com/github/docker-java/docker-java-transport/3.2.13/docker-java-transport-3.2.13.jar:/Users/miaapriliasatya/.m2/repository/net/java/dev/jna/jna/5.8.0/jna-5.8.0.jar:/Users/miaapriliasatya/.m2/repository/org/brotli/dec/0.1.2/dec-0.1.2.jar:/Users/miaapriliasatya/.m2/repository/org/apache/httpcomponents/client5/httpclient5/5.1.3/httpclient5-5.1.3.jar:/Users/miaapriliasatya/.m2/repository/org/apache/httpcomponents/core5/httpcore5/5.1.3/httpcore5-5.1.3.jar:/Users/miaapriliasatya/.m2/repository/org/apache/httpcomponents/core5/httpcore5-h2/5.1.3/httpcore5-h2-5.1.3.jar:/Users/miaapriliasatya/.m2/repository/com/jhlabs/filters/2.0.235/filters-2.0.235.jar:/Users/miaapriliasatya/.m2/repository/com/paulhammant/ngwebdriver/1.1.6/ngwebdriver-1.1.6.jar:/Users/miaapriliasatya/.m2/repository/joda-time/joda-time/2.8.2/joda-time-2.8.2.jar:/Users/miaapriliasatya/.m2/repository/org/hamcrest/hamcrest/2.2/hamcrest-2.2.jar:/Users/miaapriliasatya/.m2/repository/com/google/jimfs/jimfs/1.2/jimfs-1.2.jar:/Users/miaapriliasatya/.m2/repository/org/mockito/mockito-core/3.3.3/mockito-core-3.3.3.jar:/Users/miaapriliasatya/.m2/repository/javax/xml/bind/jaxb-api/2.3.1/jaxb-api-2.3.1.jar:/Users/miaapriliasatya/.m2/repository/javax/activation/javax.activation-api/1.2.0/javax.activation-api-1.2.0.jar:/Users/miaapriliasatya/.m2/repository/com/sun/xml/bind/jaxb-core/2.3.0.1/jaxb-core-2.3.0.1.jar:/Users/miaapriliasatya/.m2/repository/com/sun/xml/bind/jaxb-impl/2.3.3/jaxb-impl-2.3.3.jar:/Users/miaapriliasatya/.m2/repository/jakarta/xml/bind/jakarta.xml.bind-api/2.3.3/jakarta.xml.bind-api-2.3.3.jar:/Users/miaapriliasatya/.m2/repository/com/sun/activation/jakarta.activation/1.2.2/jakarta.activation-1.2.2.jar:/Users/miaapriliasatya/.m2/repository/javax/activation/activation/1.1.1/activation-1.1.1.jar:/Users/miaapriliasatya/.m2/repository/net/serenity-bdd/serenity-junit/3.6.12/serenity-junit-3.6.12.jar:/Users/miaapriliasatya/.m2/repository/net/serenity-bdd/serenity-screenplay/3.6.12/serenity-screenplay-3.6.12.jar:/Users/miaapriliasatya/.m2/repository/net/serenity-bdd/serenity-rest-assured/3.6.12/serenity-rest-assured-3.6.12.jar:/Users/miaapriliasatya/.m2/repository/io/rest-assured/rest-assured/5.2.0/rest-assured-5.2.0.jar:/Users/miaapriliasatya/.m2/repository/org/apache/httpcomponents/httpmime/4.5.13/httpmime-4.5.13.jar:/Users/miaapriliasatya/.m2/repository/org/ccil/cowan/tagsoup/tagsoup/1.2.1/tagsoup-1.2.1.jar:/Users/miaapriliasatya/.m2/repository/io/rest-assured/json-path/5.2.0/json-path-5.2.0.jar:/Users/miaapriliasatya/.m2/repository/io/rest-assured/rest-assured-common/5.2.0/rest-assured-common-5.2.0.jar:/Users/miaapriliasatya/.m2/repository/io/rest-assured/xml-path/5.2.0/xml-path-5.2.0.jar:/Users/miaapriliasatya/.m2/repository/org/apache/groovy/groovy-json/4.0.6/groovy-json-4.0.6.jar:/Users/miaapriliasatya/.m2/repository/org/apache/groovy/groovy-xml/4.0.6/groovy-xml-4.0.6.jar:/Users/miaapriliasatya/.m2/repository/org/opentest4j/opentest4j/1.2.0/opentest4j-1.2.0.jar:/Users/miaapriliasatya/.m2/repository/net/serenity-bdd/serenity-cucumber/3.6.12/serenity-cucumber-3.6.12.jar:/Users/miaapriliasatya/.m2/repository/io/cucumber/cucumber-core/7.11.0/cucumber-core-7.11.0.jar:/Users/miaapriliasatya/.m2/repository/io/cucumber/cucumber-gherkin/7.11.0/cucumber-gherkin-7.11.0.jar:/Users/miaapriliasatya/.m2/repository/io/cucumber/cucumber-gherkin-messages/7.11.0/cucumber-gherkin-messages-7.11.0.jar:/Users/miaapriliasatya/.m2/repository/io/cucumber/gherkin/26.0.3/gherkin-26.0.3.jar:/Users/miaapriliasatya/.m2/repository/io/cucumber/messages/21.0.1/messages-21.0.1.jar:/Users/miaapriliasatya/.m2/repository/io/cucumber/tag-expressions/5.0.1/tag-expressions-5.0.1.jar:/Users/miaapriliasatya/.m2/repository/io/cucumber/cucumber-expressions/16.1.1/cucumber-expressions-16.1.1.jar:/Users/miaapriliasatya/.m2/repository/io/cucumber/datatable/7.11.0/datatable-7.11.0.jar:/Users/miaapriliasatya/.m2/repository/io/cucumber/cucumber-plugin/7.11.0/cucumber-plugin-7.11.0.jar:/Users/miaapriliasatya/.m2/repository/io/cucumber/docstring/7.11.0/docstring-7.11.0.jar:/Users/miaapriliasatya/.m2/repository/io/cucumber/html-formatter/20.2.1/html-formatter-20.2.1.jar:/Users/miaapriliasatya/.m2/repository/io/cucumber/junit-xml-formatter/0.1.0/junit-xml-formatter-0.1.0.jar:/Users/miaapriliasatya/.m2/repository/io/cucumber/ci-environment/9.1.0/ci-environment-9.1.0.jar:/Users/miaapriliasatya/.m2/repository/io/cucumber/cucumber-java/7.11.0/cucumber-java-7.11.0.jar:/Users/miaapriliasatya/.m2/repository/io/cucumber/cucumber-junit/7.11.0/cucumber-junit-7.11.0.jar:/Users/miaapriliasatya/.m2/repository/org/apiguardian/apiguardian-api/1.1.2/apiguardian-api-1.1.2.jar:/Users/miaapriliasatya/.m2/repository/org/apache/commons/commons-csv/1.5/commons-csv-1.5.jar:/Users/miaapriliasatya/.m2/repository/net/serenity-bdd/serenity-screenplay-webdriver/3.6.12/serenity-screenplay-webdriver-3.6.12.jar:/Users/miaapriliasatya/.m2/repository/net/serenity-bdd/serenity-jbehave/1.46.0/serenity-jbehave-1.46.0.jar:/Users/miaapriliasatya/.m2/repository/commons-logging/commons-logging/1.2/commons-logging-1.2.jar:/Users/miaapriliasatya/.m2/repository/com/thoughtworks/paranamer/paranamer/2.8/paranamer-2.8.jar:/Users/miaapriliasatya/.m2/repository/org/jbehave/jbehave-core/4.4/jbehave-core-4.4.jar:/Users/miaapriliasatya/.m2/repository/org/hamcrest/hamcrest-library/1.3/hamcrest-library-1.3.jar:/Users/miaapriliasatya/.m2/repository/org/hamcrest/hamcrest-integration/1.3/hamcrest-integration-1.3.jar:/Users/miaapriliasatya/.m2/repository/org/apache/commons/commons-collections4/4.1/commons-collections4-4.1.jar:/Users/miaapriliasatya/.m2/repository/org/codehaus/plexus/plexus-utils/3.1.0/plexus-utils-3.1.0.jar:/Users/miaapriliasatya/.m2/repository/com/github/valfirst/jbehave-junit-runner/2.2.0/jbehave-junit-runner-2.2.0.jar:/Users/miaapriliasatya/.m2/repository/org/reflections/reflections/0.9.11/reflections-0.9.11.jar:/Users/miaapriliasatya/.m2/repository/org/javassist/javassist/3.21.0-GA/javassist-3.21.0-GA.jar:/Users/miaapriliasatya/.m2/repository/org/codehaus/groovy/groovy-all/2.4.13/groovy-all-2.4.13.jar:/Users/miaapriliasatya/.m2/repository/junit/junit/4.13.2/junit-4.13.2.jar:/Users/miaapriliasatya/.m2/repository/org/hamcrest/hamcrest-core/1.3/hamcrest-core-1.3.jar:/Users/miaapriliasatya/.m2/repository/org/assertj/assertj-core/3.24.2/assertj-core-3.24.2.jar:/Users/miaapriliasatya/.m2/repository/net/bytebuddy/byte-buddy/1.12.21/byte-buddy-1.12.21.jar:/Users/miaapriliasatya/.m2/repository/org/hamcrest/hamcrest-all/1.3/hamcrest-all-1.3.jar:/Users/miaapriliasatya/.m2/repository/io/rest-assured/json-schema-validator/5.3.1/json-schema-validator-5.3.1.jar:/Users/miaapriliasatya/.m2/repository/com/github/java-json-tools/json-schema-validator/2.2.14/json-schema-validator-2.2.14.jar:/Users/miaapriliasatya/.m2/repository/com/github/java-json-tools/jackson-coreutils-equivalence/1.0/jackson-coreutils-equivalence-1.0.jar:/Users/miaapriliasatya/.m2/repository/com/github/java-json-tools/jackson-coreutils/2.0/jackson-coreutils-2.0.jar:/Users/miaapriliasatya/.m2/repository/com/github/java-json-tools/msg-simple/1.2/msg-simple-1.2.jar:/Users/miaapriliasatya/.m2/repository/com/github/java-json-tools/btf/1.3/btf-1.3.jar:/Users/miaapriliasatya/.m2/repository/com/github/java-json-tools/json-schema-core/1.2.14/json-schema-core-1.2.14.jar:/Users/miaapriliasatya/.m2/repository/com/github/java-json-tools/uri-template/0.10/uri-template-0.10.jar:/Users/miaapriliasatya/.m2/repository/org/mozilla/rhino/1.7.7.2/rhino-1.7.7.2.jar:/Users/miaapriliasatya/.m2/repository/com/sun/mail/mailapi/1.6.2/mailapi-1.6.2.jar:/Users/miaapriliasatya/.m2/repository/com/googlecode/libphonenumber/libphonenumber/8.11.1/libphonenumber-8.11.1.jar:/Users/miaapriliasatya/.m2/repository/com/google/code/findbugs/jsr305/3.0.2/jsr305-3.0.2.jar:/Users/miaapriliasatya/.m2/repository/net/sf/jopt-simple/jopt-simple/5.0.4/jopt-simple-5.0.4.jar:/Users/miaapriliasatya/.m2/repository/com/google/guava/guava/32.0.1-jre/guava-32.0.1-jre.jar:/Users/miaapriliasatya/.m2/repository/com/google/guava/failureaccess/1.0.1/failureaccess-1.0.1.jar:/Users/miaapriliasatya/.m2/repository/com/google/guava/listenablefuture/9999.0-empty-to-avoid-conflict-with-guava/listenablefuture-9999.0-empty-to-avoid-conflict-with-guava.jar:/Users/miaapriliasatya/.m2/repository/org/checkerframework/checker-qual/3.33.0/checker-qual-3.33.0.jar:/Users/miaapriliasatya/.m2/repository/com/google/errorprone/error_prone_annotations/2.18.0/error_prone_annotations-2.18.0.jar:/Users/miaapriliasatya/.m2/repository/com/google/j2objc/j2objc-annotations/2.8/j2objc-annotations-2.8.jar:"/>
    <property name="sun.cpu.endian" value="little"/>
    <property name="user.home" value="/Users/miaapriliasatya"/>
    <property name="user.language" value="en"/>
    <property name="java.specification.vendor" value="Oracle Corporation"/>
    <property name="java.version.date" value="2023-09-19"/>
    <property name="java.home" value="/Library/Java/JavaVirtualMachines/jdk-21.jdk/Contents/Home"/>
    <property name="file.separator" value="/"/>
    <property name="basedir" value="/Users/miaapriliasatya/IdeaProjects/ALTASHOP"/>
    <property name="java.vm.compressedOopsMode" value="Zero based"/>
    <property name="line.separator" value="&#10;"/>
    <property name="java.vm.specification.vendor" value="Oracle Corporation"/>
    <property name="java.specification.name" value="Java Platform API Specification"/>
    <property name="apple.awt.application.name" value="ForkedBooter"/>
    <property name="surefire.real.class.path" value="/Users/miaapriliasatya/IdeaProjects/ALTASHOP/target/surefire/surefirebooter10058656171857670131.jar"/>
    <property name="sun.management.compiler" value="HotSpot 64-Bit Tiered Compilers"/>
    <property name="ftp.nonProxyHosts" value="local|*.local|169.254/16|*.169.254/16"/>
    <property name="java.runtime.version" value="21+35-LTS-2513"/>
    <property name="user.name" value="miaapriliasatya"/>
    <property name="stdout.encoding" value="UTF-8"/>
    <property name="path.separator" value=":"/>
    <property name="os.version" value="13.4"/>
    <property name="java.runtime.name" value="Java(TM) SE Runtime Environment"/>
    <property name="file.encoding" value="UTF-8"/>
    <property name="java.vm.name" value="Java HotSpot(TM) 64-Bit Server VM"/>
    <property name="localRepository" value="/Users/miaapriliasatya/.m2/repository"/>
    <property name="java.vendor.url.bug" value="https://bugreport.java.com/bugreport/"/>
    <property name="java.io.tmpdir" value="/var/folders/g6/gdyh3d796q3g5pmyhf7x5jzh0000gn/T/"/>
    <property name="java.version" value="21"/>
    <property name="user.dir" value="/Users/miaapriliasatya/IdeaProjects/ALTASHOP"/>
    <property name="os.arch" value="aarch64"/>
    <property name="java.vm.specification.name" value="Java Virtual Machine Specification"/>
    <property name="native.encoding" value="UTF-8"/>
    <property name="java.library.path" value="/Users/miaapriliasatya/Library/Java/Extensions:/Library/Java/Extensions:/Network/Library/Java/Extensions:/System/Library/Java/Extensions:/usr/lib/java:."/>
    <property name="java.vm.info" value="mixed mode, sharing"/>
    <property name="stderr.encoding" value="UTF-8"/>
    <property name="java.vendor" value="Oracle Corporation"/>
    <property name="java.vm.version" value="21+35-LTS-2513"/>
    <property name="sun.io.unicode.encoding" value="UnicodeBig"/>
    <property name="socksNonProxyHosts" value="local|*.local|169.254/16|*.169.254/16"/>
    <property name="java.class.version" value="65.0"/>
  </properties>
  <testcase name="As a user I can login with a valid credentials" classname="Login User" time="2.162">
    <error type="net.serenitybdd.core.exceptions.SerenityManagedException">net.serenitybdd.core.exceptions.SerenityManagedException
Caused by: java.lang.UnsupportedOperationException: Cannot define class using reflection: Unable to make protected java.lang.Package java.lang.ClassLoader.getPackage(java.lang.String) accessible: module java.base does not "opens java.lang" to unnamed module @603ee946
</error>
    <system-out><![CDATA[18:28:21.853 [main] DEBUG net.thucydides.core.guice.Injectors -- Created injector for module net.thucydides.core.guice.ThucydidesModule
18:28:21.950 [main] INFO io.cucumber.core.plugin.SerenityReporter -- Running feature from file:///Users/miaapriliasatya/IdeaProjects/ALTASHOP/src/test/resources/features/api/authentication/Login.feature
18:28:22.078 [main] DEBUG net.thucydides.core.guice.Injectors -- Created injector for module net.thucydides.core.guice.webdriver.WebDriverModule
18:28:22.093 [main] INFO  -- 

-------------------------------------------------------------------------------------
     _______. _______ .______       _______ .__   __.  __  .___________.____    ____ 
    /       ||   ____||   _  \     |   ____||  \ |  | |  | |           |\   \  /   / 
   |   (----`|  |__   |  |_)  |    |  |__   |   \|  | |  | `---|  |----` \   \/   /  
    \   \    |   __|  |      /     |   __|  |  . `  | |  |     |  |       \_    _/   
.----)   |   |  |____ |  |\  \----.|  |____ |  |\   | |  |     |  |         |  |     
|_______/    |_______|| _| `._____||_______||__| \__| |__|     |__|         |__|    
                                                                                     
 News and tutorials at http://www.serenity-bdd.info                                  
 Documentation at https://wakaleo.gitbooks.io/the-serenity-book/content/             
 Join the Serenity Community on Gitter: https://gitter.im/serenity-bdd/serenity-core 
 Serenity BDD Support and Training at http://serenity-bdd.info/#/trainingandsupport  
-------------------------------------------------------------------------------------

18:28:22.097 [main] DEBUG net.thucydides.core.steps.StepEventBus -- Test suite started for story net.thucydides.core.model.Story@2892c00
18:28:22.100 [main] INFO  -- Test Suite Started: Login User
18:28:22.124 [main] INFO io.cucumber.core.plugin.SerenityReporter -- Running feature from file:///Users/miaapriliasatya/IdeaProjects/ALTASHOP/src/test/resources/features/api/authentication/Register.feature
18:28:22.133 [main] DEBUG net.thucydides.core.steps.StepEventBus -- Test suite started for story net.thucydides.core.model.Story@69901f78
18:28:22.133 [main] INFO  -- Test Suite Started: Register User
18:28:22.134 [main] INFO io.cucumber.core.plugin.SerenityReporter -- Running feature from file:///Users/miaapriliasatya/IdeaProjects/ALTASHOP/src/test/resources/features/api/products/GetAllProducts.feature
18:28:22.142 [main] DEBUG net.thucydides.core.steps.StepEventBus -- Test suite started for story net.thucydides.core.model.Story@3f653de6
18:28:22.142 [main] INFO  -- Test Suite Started: Get All Products
18:28:22.143 [main] INFO io.cucumber.core.plugin.SerenityReporter -- Running feature from file:///Users/miaapriliasatya/IdeaProjects/ALTASHOP/src/test/resources/features/api/authentication/Login.feature
18:28:22.149 [main] DEBUG net.thucydides.core.steps.StepEventBus -- Test suite started for story net.thucydides.core.model.Story@2892c00
18:28:22.151 [main] INFO  -- Test Suite Started: Login User

Scenario Outline: As a user I can login with a valid credentials         &amp#27;[90m# src/test/resources/features/api/authentication/Login.feature:18&amp#27;[0m
18:28:22.306 [main] INFO io.cucumber.core.plugin.SerenityReporter -- Running feature from file:///Users/miaapriliasatya/IdeaProjects/ALTASHOP/src/test/resources/features/api/authentication/Login.feature
18:28:22.491 [main] INFO  -- 
  _____   ___   ___   _____     ___   _____     _     ___   _____   ___   ___  
 |_   _| | __| / __| |_   _|   / __| |_   _|   /_\   | _ \ |_   _| | __| |   \ 
   | |   | _|  \__ \   | |     \__ \   | |    / _ \  |   /   | |   | _|  | |) |
   |_|   |___| |___/   |_|     |___/   |_|   /_/ \_\ |_|_\   |_|   |___| |___/ 

As a user I can login with a valid credentials(login-user;as-a-user-i-can-login-with-a-valid-credentials)
--------------------------------------------------------------------------------
18:28:22.549 [main] DEBUG net.thucydides.core.requirements.FileSystemRequirementsTagProvider -- Loading requirements from directory: /Users/miaapriliasatya/IdeaProjects/ALTASHOP/src/test/resources/features/api (/Users/miaapriliasatya/IdeaProjects/ALTASHOP/src/test/resources/features/api)
18:28:22.549 [main] DEBUG net.thucydides.core.requirements.FileSystemRequirementsTagProvider -- Get requirements type for: /Users/miaapriliasatya/IdeaProjects/ALTASHOP/src/test/resources/features/api (/Users/miaapriliasatya/IdeaProjects/ALTASHOP/src/test/resources/features/api)
18:28:22.557 [main] DEBUG net.thucydides.core.requirements.FileSystemRequirementsTagProvider -- Loading requirements from directory: /Users/miaapriliasatya/IdeaProjects/ALTASHOP/src/test/resources/features/api/product_categories (/Users/miaapriliasatya/IdeaProjects/ALTASHOP/src/test/resources/features/api/product_categories)
18:28:22.557 [main] DEBUG net.thucydides.core.requirements.FileSystemRequirementsTagProvider -- Get requirements type for: /Users/miaapriliasatya/IdeaProjects/ALTASHOP/src/test/resources/features/api/product_categories (/Users/miaapriliasatya/IdeaProjects/ALTASHOP/src/test/resources/features/api/product_categories)
18:28:22.591 [main] DEBUG net.thucydides.core.requirements.FileSystemRequirementsTagProvider -- Loading requirements from directory: /Users/miaapriliasatya/IdeaProjects/ALTASHOP/src/test/resources/features/api/products (/Users/miaapriliasatya/IdeaProjects/ALTASHOP/src/test/resources/features/api/products)
18:28:22.591 [main] DEBUG net.thucydides.core.requirements.FileSystemRequirementsTagProvider -- Get requirements type for: /Users/miaapriliasatya/IdeaProjects/ALTASHOP/src/test/resources/features/api/products (/Users/miaapriliasatya/IdeaProjects/ALTASHOP/src/test/resources/features/api/products)
18:28:22.629 [main] DEBUG net.thucydides.core.requirements.FileSystemRequirementsTagProvider -- Loading requirements from directory: /Users/miaapriliasatya/IdeaProjects/ALTASHOP/src/test/resources/features/api/hello (/Users/miaapriliasatya/IdeaProjects/ALTASHOP/src/test/resources/features/api/hello)
18:28:22.630 [main] DEBUG net.thucydides.core.requirements.FileSystemRequirementsTagProvider -- Get requirements type for: /Users/miaapriliasatya/IdeaProjects/ALTASHOP/src/test/resources/features/api/hello (/Users/miaapriliasatya/IdeaProjects/ALTASHOP/src/test/resources/features/api/hello)
18:28:22.637 [main] DEBUG net.thucydides.core.requirements.FileSystemRequirementsTagProvider -- Loading requirements from directory: /Users/miaapriliasatya/IdeaProjects/ALTASHOP/src/test/resources/features/api/orders (/Users/miaapriliasatya/IdeaProjects/ALTASHOP/src/test/resources/features/api/orders)
18:28:22.637 [main] DEBUG net.thucydides.core.requirements.FileSystemRequirementsTagProvider -- Get requirements type for: /Users/miaapriliasatya/IdeaProjects/ALTASHOP/src/test/resources/features/api/orders (/Users/miaapriliasatya/IdeaProjects/ALTASHOP/src/test/resources/features/api/orders)
18:28:22.648 [main] DEBUG net.thucydides.core.requirements.FileSystemRequirementsTagProvider -- Loading requirements from directory: /Users/miaapriliasatya/IdeaProjects/ALTASHOP/src/test/resources/features/api/authentication (/Users/miaapriliasatya/IdeaProjects/ALTASHOP/src/test/resources/features/api/authentication)
18:28:22.648 [main] DEBUG net.thucydides.core.requirements.FileSystemRequirementsTagProvider -- Get requirements type for: /Users/miaapriliasatya/IdeaProjects/ALTASHOP/src/test/resources/features/api/authentication (/Users/miaapriliasatya/IdeaProjects/ALTASHOP/src/test/resources/features/api/authentication)
18:28:23.137 [main] DEBUG net.thucydides.core.steps.StepInterceptor -- STARTING STEP: LoginSteps.setAPIEndpointValidLoginUser - I set API endpoint valid for login user
18:28:23.172 [main] DEBUG net.thucydides.core.steps.StepInterceptor -- STEP DONE: I set API endpoint valid for login user
  &amp#27;[32mGiven &amp#27;[0m&amp#27;[32mI set API endpoint valid for login user&amp#27;[0m                          &amp#27;[90m# starter.stepdefinitions.authentication.LoginSteps.setAPIEndpointValidLoginUser()&amp#27;[0m
18:28:23.231 [main] DEBUG net.thucydides.core.steps.StepInterceptor -- STARTING STEP: LoginSteps.enterValidEmail - I enter a valid email
18:28:23.232 [main] DEBUG net.thucydides.core.steps.StepInterceptor -- STEP DONE: I enter a valid email
  &amp#27;[32mWhen &amp#27;[0m&amp#27;[32mI enter a valid email&amp#27;[0m                                             &amp#27;[90m# starter.stepdefinitions.authentication.LoginSteps.enterValidEmail()&amp#27;[0m
18:28:23.267 [main] DEBUG net.thucydides.core.steps.StepInterceptor -- STARTING STEP: LoginSteps.enterValidPassword - I enter a valid password
18:28:23.268 [main] DEBUG net.thucydides.core.steps.StepInterceptor -- STEP DONE: I enter a valid password
  &amp#27;[32mAnd &amp#27;[0m&amp#27;[32mI enter a valid password&amp#27;[0m                                           &amp#27;[90m# starter.stepdefinitions.authentication.LoginSteps.enterValidPassword()&amp#27;[0m
18:28:23.275 [main] DEBUG net.thucydides.core.steps.StepInterceptor -- STARTING STEP: LoginSteps.sendRequestValidLoginUser - I send request to login user {string} and {string}
  &amp#27;[31mAnd &amp#27;[0m&amp#27;[31mI send request to login user &amp#27;[0m&amp#27;[31m&amp#27;[1m"miaaprilia2803@gmail.com"&amp#27;[0m&amp#27;[31m and &amp#27;[0m&amp#27;[31m&amp#27;[1m"test"&amp#27;[0m &amp#27;[90m# starter.stepdefinitions.authentication.LoginSteps.sendRequestValidLoginUser(java.lang.String,java.lang.String)&amp#27;[0m
      &amp#27;[31mnet.serenitybdd.core.exceptions.SerenityManagedException
	at net.serenitybdd.rest.utils.RestDecorationHelper.decorate(RestDecorationHelper.java:20)
	at net.serenitybdd.rest.SerenityRest.fetchRequestSpecification(SerenityRest.java:233)
	at net.serenitybdd.rest.SerenityRest.given(SerenityRest.java:220)
	at starter.utils.GenerateToken.generateToken(GenerateToken.java:13)
	at starter.user.authentication.Login.sendRequestValidLoginUser(Login.java:33)
	at starter.user.authentication.Login$ByteBuddy$Y1iWtJ6y.sendRequestValidLoginUser$accessor$GgP7luPR(Unknown Source)
	at java.base/jdk.internal.reflect.DirectMethodHandleAccessor.invoke(DirectMethodHandleAccessor.java:103)
	at java.base/java.lang.reflect.Method.invoke(Method.java:580)
	at net.thucydides.core.steps.StepInterceptor.invokeMethod(StepInterceptor.java:518)
	at net.thucydides.core.steps.StepInterceptor.executeTestStepMethod(StepInterceptor.java:498)
	at net.thucydides.core.steps.StepInterceptor.runTestStep(StepInterceptor.java:472)
	at net.thucydides.core.steps.StepInterceptor.runOrSkipMethod(StepInterceptor.java:211)
	at net.thucydides.core.steps.StepInterceptor.testStepResult(StepInterceptor.java:198)
	at net.thucydides.core.steps.StepInterceptor.intercept(StepInterceptor.java:86)
	at net.thucydides.core.steps.ProxyConfiguration$InterceptorDispatcher.intercept(ProxyConfiguration.java:51)
	at starter.user.authentication.Login$ByteBuddy$Y1iWtJ6y.sendRequestValidLoginUser(Unknown Source)
	at starter.stepdefinitions.authentication.LoginSteps.sendRequestValidLoginUser(LoginSteps.java:31)
	at .I send request to login user "miaaprilia2803@gmail.com" and "test"(file:///Users/miaapriliasatya/IdeaProjects/ALTASHOP/src/test/resources/features/api/authentication/Login.feature:13)
Caused by: java.lang.UnsupportedOperationException: Cannot define class using reflection: Unable to make protected java.lang.Package java.lang.ClassLoader.getPackage(java.lang.String) accessible: module java.base does not "opens java.lang" to unnamed module @603ee946
	at net.bytebuddy.dynamic.loading.ClassInjector$UsingReflection$Dispatcher$Initializable$Unavailable.defineClass(ClassInjector.java:472)
	at net.bytebuddy.dynamic.loading.ClassInjector$UsingReflection.injectRaw(ClassInjector.java:284)
	at net.bytebuddy.dynamic.loading.ClassInjector$AbstractBase.inject(ClassInjector.java:118)
	at net.bytebuddy.dynamic.loading.ClassLoadingStrategy$Default$InjectionDispatcher.load(ClassLoadingStrategy.java:241)
	at net.bytebuddy.dynamic.loading.ClassLoadingStrategy$Default.load(ClassLoadingStrategy.java:148)
	at net.bytebuddy.dynamic.TypeResolutionStrategy$Passive.initialize(TypeResolutionStrategy.java:101)
	at net.bytebuddy.dynamic.DynamicType$Default$Unloaded.load(DynamicType.java:6317)
	at net.serenitybdd.rest.utils.RestSpecificationFactory.<clinit>(RestSpecificationFactory.java:57)
	at net.serenitybdd.rest.utils.RestDecorationHelper.decorate(RestDecorationHelper.java:20)
	at net.serenitybdd.rest.SerenityRest.fetchRequestSpecification(SerenityRest.java:233)
	at net.serenitybdd.rest.SerenityRest.given(SerenityRest.java:220)
	at starter.utils.GenerateToken.generateToken(GenerateToken.java:13)
	at starter.user.authentication.Login.sendRequestValidLoginUser(Login.java:33)
	at starter.user.authentication.Login$ByteBuddy$Y1iWtJ6y.sendRequestValidLoginUser$accessor$GgP7luPR(Unknown Source)
	at java.base/jdk.internal.reflect.DirectMethodHandleAccessor.invoke(DirectMethodHandleAccessor.java:103)
	at java.base/java.lang.reflect.Method.invoke(Method.java:580)
	at net.thucydides.core.steps.StepInterceptor.invokeMethod(StepInterceptor.java:518)
	at net.thucydides.core.steps.StepInterceptor.executeTestStepMethod(StepInterceptor.java:498)
	at net.thucydides.core.steps.StepInterceptor.runTestStep(StepInterceptor.java:472)
	at net.thucydides.core.steps.StepInterceptor.runOrSkipMethod(StepInterceptor.java:211)
	at net.thucydides.core.steps.StepInterceptor.testStepResult(StepInterceptor.java:198)
	at net.thucydides.core.steps.StepInterceptor.intercept(StepInterceptor.java:86)
	at net.thucydides.core.steps.ProxyConfiguration$InterceptorDispatcher.intercept(ProxyConfiguration.java:51)
	at starter.user.authentication.Login$ByteBuddy$Y1iWtJ6y.sendRequestValidLoginUser(Unknown Source)
	at starter.stepdefinitions.authentication.LoginSteps.sendRequestValidLoginUser(LoginSteps.java:31)
	at java.base/jdk.internal.reflect.DirectMethodHandleAccessor.invoke(DirectMethodHandleAccessor.java:103)
	at java.base/java.lang.reflect.Method.invoke(Method.java:580)
	at io.cucumber.java.Invoker.doInvoke(Invoker.java:66)
	at io.cucumber.java.Invoker.invoke(Invoker.java:24)
	at io.cucumber.java.AbstractGlueDefinition.invokeMethod(AbstractGlueDefinition.java:47)
	at io.cucumber.java.JavaStepDefinition.execute(JavaStepDefinition.java:29)
	at io.cucumber.core.runner.CoreStepDefinition.execute(CoreStepDefinition.java:66)
	at io.cucumber.core.runner.PickleStepDefinitionMatch.runStep(PickleStepDefinitionMatch.java:63)
	at io.cucumber.core.runner.ExecutionMode$1.execute(ExecutionMode.java:10)
	at io.cucumber.core.runner.TestStep.executeStep(TestStep.java:84)
	at io.cucumber.core.runner.TestStep.run(TestStep.java:56)
	at io.cucumber.core.runner.PickleStepTestStep.run(PickleStepTestStep.java:51)
	at io.cucumber.core.runner.TestCase.run(TestCase.java:84)
	at io.cucumber.core.runner.Runner.runPickle(Runner.java:75)
	at io.cucumber.junit.PickleRunners$NoStepDescriptions.lambda$run$0(PickleRunners.java:151)
	at io.cucumber.core.runtime.CucumberExecutionContext.lambda$runTestCase$5(CucumberExecutionContext.java:130)
	at io.cucumber.core.runtime.RethrowingThrowableCollector.executeAndThrow(RethrowingThrowableCollector.java:23)
	at io.cucumber.core.runtime.CucumberExecutionContext.runTestCase(CucumberExecutionContext.java:130)
	at io.cucumber.junit.PickleRunners$NoStepDescriptions.run(PickleRunners.java:148)
	at io.cucumber.junit.FeatureRunner.runChild(FeatureRunner.java:144)
	at io.cucumber.junit.FeatureRunner.runChild(FeatureRunner.java:28)
	at org.junit.runners.ParentRunner$4.run(ParentRunner.java:331)
	at org.junit.runners.ParentRunner$1.schedule(ParentRunner.java:79)
	at org.junit.runners.ParentRunner.runChildren(ParentRunner.java:329)
	at org.junit.runners.ParentRunner.access$100(ParentRunner.java:66)
	at org.junit.runners.ParentRunner$2.evaluate(ParentRunner.java:293)
	at org.junit.runners.ParentRunner$3.evaluate(ParentRunner.java:306)
	at org.junit.runners.ParentRunner.run(ParentRunner.java:413)
	at io.cucumber.junit.FeatureRunner.run(FeatureRunner.java:137)
	at io.cucumber.junit.CucumberSerenityRunner.runChild(CucumberSerenityRunner.java:259)
	at io.cucumber.junit.CucumberSerenityRunner.runChild(CucumberSerenityRunner.java:59)
	at org.junit.runners.ParentRunner$4.run(ParentRunner.java:331)
	at org.junit.runners.ParentRunner$1.schedule(ParentRunner.java:79)
	at org.junit.runners.ParentRunner.runChildren(ParentRunner.java:329)
	at org.junit.runners.ParentRunner.access$100(ParentRunner.java:66)
	at org.junit.runners.ParentRunner$2.evaluate(ParentRunner.java:293)
	at io.cucumber.junit.CucumberSerenityRunner$RunCucumber.evaluate(CucumberSerenityRunner.java:288)
	at org.junit.runners.ParentRunner$3.evaluate(ParentRunner.java:306)
	at org.junit.runners.ParentRunner.run(ParentRunner.java:413)
	at org.apache.maven.surefire.junit4.JUnit4Provider.execute(JUnit4Provider.java:365)
	at org.apache.maven.surefire.junit4.JUnit4Provider.executeWithRerun(JUnit4Provider.java:273)
	at org.apache.maven.surefire.junit4.JUnit4Provider.executeTestSet(JUnit4Provider.java:238)
	at org.apache.maven.surefire.junit4.JUnit4Provider.invoke(JUnit4Provider.java:159)
	at org.apache.maven.surefire.booter.ForkedBooter.invokeProviderInSameClassLoader(ForkedBooter.java:384)
	at org.apache.maven.surefire.booter.ForkedBooter.runSuitesInProcess(ForkedBooter.java:345)
	at org.apache.maven.surefire.booter.ForkedBooter.execute(ForkedBooter.java:126)
	at org.apache.maven.surefire.booter.ForkedBooter.main(ForkedBooter.java:418)
&amp#27;[0m
  &amp#27;[36mThen &amp#27;[0m&amp#27;[36mI received status code 200 OK login user&amp#27;[0m                          &amp#27;[90m# starter.stepdefinitions.authentication.LoginSteps.receivedStatusCode200OKLoginUser()&amp#27;[0m
  &amp#27;[36mAnd &amp#27;[0m&amp#27;[36mI received token login user data response&amp#27;[0m                          &amp#27;[90m# starter.stepdefinitions.authentication.LoginSteps.receivedTokenLoginUserDataResponse()&amp#27;[0m
]]></system-out>
  </testcase>
  <testcase name="As a user I can&apos;t login without path" classname="Login User" time="0.085">
    <error message="Could not initialize class net.serenitybdd.rest.utils.RestSpecificationFactory" type="net.serenitybdd.core.exceptions.SerenityManagedException">net.serenitybdd.core.exceptions.SerenityManagedException: Could not initialize class net.serenitybdd.rest.utils.RestSpecificationFactory
Caused by: java.lang.ExceptionInInitializerError: Exception java.lang.UnsupportedOperationException: Cannot define class using reflection: Unable to make protected java.lang.Package java.lang.ClassLoader.getPackage(java.lang.String) accessible: module java.base does not "opens java.lang" to unnamed module @603ee946 [in thread "main"]
</error>
    <system-out><![CDATA[18:28:24.239 [main] ERROR  -- 
  _____   ___   ___   _____     ___   ___   ___    ___    ___ 
 |_   _| | __| / __| |_   _|   | __| | _ \ | _ \  / _ \  | _ \
   | |   | _|  \__ \   | |     | _|  |   / |   / | (_) | |   /
   |_|   |___| |___/   |_|     |___| |_|_\ |_|_\  \___/  |_|_\

As a user I can login with a valid credentials
---------------------------------------------------------------
18:28:24.240 [main] DEBUG  -- RELATED ISSUES: 
18:28:24.327 [main] ERROR  --     Test failed at step: I send request to login user {string} and {string}
18:28:24.328 [main] ERROR  --     

Scenario: As a user I can't login without path                       &amp#27;[90m# src/test/resources/features/api/authentication/Login.feature:21&amp#27;[0m
18:28:24.350 [main] INFO io.cucumber.core.plugin.SerenityReporter -- Running feature from file:///Users/miaapriliasatya/IdeaProjects/ALTASHOP/src/test/resources/features/api/authentication/Login.feature
18:28:24.353 [main] INFO  -- 
  _____   ___   ___   _____     ___   _____     _     ___   _____   ___   ___  
 |_   _| | __| / __| |_   _|   / __| |_   _|   /_\   | _ \ |_   _| | __| |   \ 
   | |   | _|  \__ \   | |     \__ \   | |    / _ \  |   /   | |   | _|  | |) |
   |_|   |___| |___/   |_|     |___/   |_|   /_/ \_\ |_|_\   |_|   |___| |___/ 

As a user I can't login without path(login-user;as-a-user-i-can-t-login-without-path)
--------------------------------------------------------------------------------
18:28:24.370 [main] DEBUG net.thucydides.core.steps.StepInterceptor -- STARTING STEP: LoginSteps.setAPIEndpointValidLoginUser - I set API endpoint valid for login user
18:28:24.370 [main] DEBUG net.thucydides.core.steps.StepInterceptor -- STEP DONE: I set API endpoint valid for login user
  &amp#27;[32mGiven &amp#27;[0m&amp#27;[32mI set API endpoint valid for login user&amp#27;[0m                      &amp#27;[90m# starter.stepdefinitions.authentication.LoginSteps.setAPIEndpointValidLoginUser()&amp#27;[0m
18:28:24.375 [main] DEBUG net.thucydides.core.steps.StepInterceptor -- STARTING STEP: LoginSteps.setAPIEndpointInvalidLoginUser - I set API endpoint invalid for login user without the path
18:28:24.375 [main] DEBUG net.thucydides.core.steps.StepInterceptor -- STEP DONE: I set API endpoint invalid for login user without the path
  &amp#27;[32mGiven &amp#27;[0m&amp#27;[32mI set API endpoint invalid for login user without the path&amp#27;[0m   &amp#27;[90m# starter.stepdefinitions.authentication.LoginSteps.setAPIEndpointInvalidLoginUser()&amp#27;[0m
18:28:24.385 [main] DEBUG net.thucydides.core.steps.StepInterceptor -- STARTING STEP: LoginSteps.sendRequestLoginUserNoPath - I send request to login user no path
  &amp#27;[31mWhen &amp#27;[0m&amp#27;[31mI send request to login user no path&amp#27;[0m                          &amp#27;[90m# starter.stepdefinitions.authentication.LoginSteps.sendRequestLoginUserNoPath()&amp#27;[0m
      &amp#27;[31mnet.serenitybdd.core.exceptions.SerenityManagedException: Could not initialize class net.serenitybdd.rest.utils.RestSpecificationFactory
	at net.serenitybdd.rest.utils.RestDecorationHelper.decorate(RestDecorationHelper.java:20)
	at net.serenitybdd.rest.SerenityRest.fetchRequestSpecification(SerenityRest.java:233)
	at net.serenitybdd.rest.SerenityRest.given(SerenityRest.java:220)
	at starter.user.authentication.Login.sendRequestLoginUserNoPath(Login.java:60)
	at starter.user.authentication.Login$ByteBuddy$Y1iWtJ6y.sendRequestLoginUserNoPath$accessor$GgP7luPR(Unknown Source)
	at java.base/jdk.internal.reflect.DirectMethodHandleAccessor.invoke(DirectMethodHandleAccessor.java:103)
	at java.base/java.lang.reflect.Method.invoke(Method.java:580)
	at net.thucydides.core.steps.StepInterceptor.invokeMethod(StepInterceptor.java:518)
	at net.thucydides.core.steps.StepInterceptor.executeTestStepMethod(StepInterceptor.java:498)
	at net.thucydides.core.steps.StepInterceptor.runTestStep(StepInterceptor.java:472)
	at net.thucydides.core.steps.StepInterceptor.runOrSkipMethod(StepInterceptor.java:211)
	at net.thucydides.core.steps.StepInterceptor.testStepResult(StepInterceptor.java:198)
	at net.thucydides.core.steps.StepInterceptor.intercept(StepInterceptor.java:86)
	at net.thucydides.core.steps.ProxyConfiguration$InterceptorDispatcher.intercept(ProxyConfiguration.java:51)
	at starter.user.authentication.Login$ByteBuddy$Y1iWtJ6y.sendRequestLoginUserNoPath(Unknown Source)
	at starter.stepdefinitions.authentication.LoginSteps.sendRequestLoginUserNoPath(LoginSteps.java:44)
	at .I send request to login user no path(file:///Users/miaapriliasatya/IdeaProjects/ALTASHOP/src/test/resources/features/api/authentication/Login.feature:23)
Caused by: java.lang.ExceptionInInitializerError: Exception java.lang.UnsupportedOperationException: Cannot define class using reflection: Unable to make protected java.lang.Package java.lang.ClassLoader.getPackage(java.lang.String) accessible: module java.base does not "opens java.lang" to unnamed module @603ee946 [in thread "main"]
	at net.bytebuddy.dynamic.loading.ClassInjector$UsingReflection$Dispatcher$Initializable$Unavailable.defineClass(ClassInjector.java:472)
	at net.bytebuddy.dynamic.loading.ClassInjector$UsingReflection.injectRaw(ClassInjector.java:284)
	at net.bytebuddy.dynamic.loading.ClassInjector$AbstractBase.inject(ClassInjector.java:118)
	at net.bytebuddy.dynamic.loading.ClassLoadingStrategy$Default$InjectionDispatcher.load(ClassLoadingStrategy.java:241)
	at net.bytebuddy.dynamic.loading.ClassLoadingStrategy$Default.load(ClassLoadingStrategy.java:148)
	at net.bytebuddy.dynamic.TypeResolutionStrategy$Passive.initialize(TypeResolutionStrategy.java:101)
	at net.bytebuddy.dynamic.DynamicType$Default$Unloaded.load(DynamicType.java:6317)
	at net.serenitybdd.rest.utils.RestSpecificationFactory.<clinit>(RestSpecificationFactory.java:57)
	at net.serenitybdd.rest.utils.RestDecorationHelper.decorate(RestDecorationHelper.java:20)
	at net.serenitybdd.rest.SerenityRest.fetchRequestSpecification(SerenityRest.java:233)
	at net.serenitybdd.rest.SerenityRest.given(SerenityRest.java:220)
	at starter.utils.GenerateToken.generateToken(GenerateToken.java:13)
	at starter.user.authentication.Login.sendRequestValidLoginUser(Login.java:33)
	at starter.user.authentication.Login$ByteBuddy$Y1iWtJ6y.sendRequestValidLoginUser$accessor$GgP7luPR(Unknown Source)
	at java.base/jdk.internal.reflect.DirectMethodHandleAccessor.invoke(DirectMethodHandleAccessor.java:103)
	at java.base/java.lang.reflect.Method.invoke(Method.java:580)
	at net.thucydides.core.steps.StepInterceptor.invokeMethod(StepInterceptor.java:518)
	at net.thucydides.core.steps.StepInterceptor.executeTestStepMethod(StepInterceptor.java:498)
	at net.thucydides.core.steps.StepInterceptor.runTestStep(StepInterceptor.java:472)
	at net.thucydides.core.steps.StepInterceptor.runOrSkipMethod(StepInterceptor.java:211)
	at net.thucydides.core.steps.StepInterceptor.testStepResult(StepInterceptor.java:198)
	at net.thucydides.core.steps.StepInterceptor.intercept(StepInterceptor.java:86)
	at net.thucydides.core.steps.ProxyConfiguration$InterceptorDispatcher.intercept(ProxyConfiguration.java:51)
	at starter.user.authentication.Login$ByteBuddy$Y1iWtJ6y.sendRequestValidLoginUser(Unknown Source)
	at starter.stepdefinitions.authentication.LoginSteps.sendRequestValidLoginUser(LoginSteps.java:31)
	at java.base/jdk.internal.reflect.DirectMethodHandleAccessor.invoke(DirectMethodHandleAccessor.java:103)
	at java.base/java.lang.reflect.Method.invoke(Method.java:580)
	at io.cucumber.java.Invoker.doInvoke(Invoker.java:66)
	at io.cucumber.java.Invoker.invoke(Invoker.java:24)
	at io.cucumber.java.AbstractGlueDefinition.invokeMethod(AbstractGlueDefinition.java:47)
	at io.cucumber.java.JavaStepDefinition.execute(JavaStepDefinition.java:29)
	at io.cucumber.core.runner.CoreStepDefinition.execute(CoreStepDefinition.java:66)
	at io.cucumber.core.runner.PickleStepDefinitionMatch.runStep(PickleStepDefinitionMatch.java:63)
	at io.cucumber.core.runner.ExecutionMode$1.execute(ExecutionMode.java:10)
	at io.cucumber.core.runner.TestStep.executeStep(TestStep.java:84)
	at io.cucumber.core.runner.TestStep.run(TestStep.java:56)
	at io.cucumber.core.runner.PickleStepTestStep.run(PickleStepTestStep.java:51)
	at io.cucumber.core.runner.TestCase.run(TestCase.java:84)
	at io.cucumber.core.runner.Runner.runPickle(Runner.java:75)
	at io.cucumber.junit.PickleRunners$NoStepDescriptions.lambda$run$0(PickleRunners.java:151)
	at io.cucumber.core.runtime.CucumberExecutionContext.lambda$runTestCase$5(CucumberExecutionContext.java:130)
	at io.cucumber.core.runtime.RethrowingThrowableCollector.executeAndThrow(RethrowingThrowableCollector.java:23)
	at io.cucumber.core.runtime.CucumberExecutionContext.runTestCase(CucumberExecutionContext.java:130)
	at io.cucumber.junit.PickleRunners$NoStepDescriptions.run(PickleRunners.java:148)
	at io.cucumber.junit.FeatureRunner.runChild(FeatureRunner.java:144)
	at io.cucumber.junit.FeatureRunner.runChild(FeatureRunner.java:28)
	at org.junit.runners.ParentRunner$4.run(ParentRunner.java:331)
	at org.junit.runners.ParentRunner$1.schedule(ParentRunner.java:79)
	at org.junit.runners.ParentRunner.runChildren(ParentRunner.java:329)
	at org.junit.runners.ParentRunner.access$100(ParentRunner.java:66)
	at org.junit.runners.ParentRunner$2.evaluate(ParentRunner.java:293)
	at org.junit.runners.ParentRunner$3.evaluate(ParentRunner.java:306)
	at org.junit.runners.ParentRunner.run(ParentRunner.java:413)
	at io.cucumber.junit.FeatureRunner.run(FeatureRunner.java:137)
	at io.cucumber.junit.CucumberSerenityRunner.runChild(CucumberSerenityRunner.java:259)
	at io.cucumber.junit.CucumberSerenityRunner.runChild(CucumberSerenityRunner.java:59)
	at org.junit.runners.ParentRunner$4.run(ParentRunner.java:331)
	at org.junit.runners.ParentRunner$1.schedule(ParentRunner.java:79)
	at org.junit.runners.ParentRunner.runChildren(ParentRunner.java:329)
	at org.junit.runners.ParentRunner.access$100(ParentRunner.java:66)
	at org.junit.runners.ParentRunner$2.evaluate(ParentRunner.java:293)
	at io.cucumber.junit.CucumberSerenityRunner$RunCucumber.evaluate(CucumberSerenityRunner.java:288)
	at org.junit.runners.ParentRunner$3.evaluate(ParentRunner.java:306)
	at org.junit.runners.ParentRunner.run(ParentRunner.java:413)
	at org.apache.maven.surefire.junit4.JUnit4Provider.execute(JUnit4Provider.java:365)
	at org.apache.maven.surefire.junit4.JUnit4Provider.executeWithRerun(JUnit4Provider.java:273)
	at org.apache.maven.surefire.junit4.JUnit4Provider.executeTestSet(JUnit4Provider.java:238)
	at org.apache.maven.surefire.junit4.JUnit4Provider.invoke(JUnit4Provider.java:159)
	at org.apache.maven.surefire.booter.ForkedBooter.invokeProviderInSameClassLoader(ForkedBooter.java:384)
	at org.apache.maven.surefire.booter.ForkedBooter.runSuitesInProcess(ForkedBooter.java:345)
	at org.apache.maven.surefire.booter.ForkedBooter.execute(ForkedBooter.java:126)
	at org.apache.maven.surefire.booter.ForkedBooter.main(ForkedBooter.java:418)
&amp#27;[0m
  &amp#27;[36mThen &amp#27;[0m&amp#27;[36mI received status code 404 Not Found in request to login user&amp#27;[0m &amp#27;[90m# starter.stepdefinitions.authentication.LoginSteps.receivedStatusCode404NotFoundInRequestLoginUser()&amp#27;[0m
  &amp#27;[36mAnd &amp#27;[0m&amp#27;[36mI received error message "not found" response&amp#27;[0m                  &amp#27;[90m# starter.stepdefinitions.authentication.LoginSteps.receivedErrorMessageNotFound()&amp#27;[0m
]]></system-out>
  </testcase>
  <testcase name="As a user I can&apos;t login if I don&apos;t fill in the login request" classname="Login User" time="0.073">
    <error message="Could not initialize class net.serenitybdd.rest.utils.RestSpecificationFactory" type="net.serenitybdd.core.exceptions.SerenityManagedException">net.serenitybdd.core.exceptions.SerenityManagedException: Could not initialize class net.serenitybdd.rest.utils.RestSpecificationFactory
Caused by: java.lang.ExceptionInInitializerError: Exception java.lang.UnsupportedOperationException: Cannot define class using reflection: Unable to make protected java.lang.Package java.lang.ClassLoader.getPackage(java.lang.String) accessible: module java.base does not "opens java.lang" to unnamed module @603ee946 [in thread "main"]
</error>
    <system-out><![CDATA[18:28:24.430 [main] ERROR  -- 
  _____   ___   ___   _____     ___   ___   ___    ___    ___ 
 |_   _| | __| / __| |_   _|   | __| | _ \ | _ \  / _ \  | _ \
   | |   | _|  \__ \   | |     | _|  |   / |   / | (_) | |   /
   |_|   |___| |___/   |_|     |___| |_|_\ |_|_\  \___/  |_|_\

As a user I can't login without path
---------------------------------------------------------------
18:28:24.430 [main] DEBUG  -- RELATED ISSUES: 
18:28:24.431 [main] ERROR  --     Test failed at step: I send request to login user no path
18:28:24.431 [main] ERROR  --     Could not initialize class net.serenitybdd.rest.utils.RestSpecificationFactory

Scenario: As a user I can't login if I don't fill in the login request &amp#27;[90m# src/test/resources/features/api/authentication/Login.feature:27&amp#27;[0m
18:28:24.446 [main] INFO io.cucumber.core.plugin.SerenityReporter -- Running feature from file:///Users/miaapriliasatya/IdeaProjects/ALTASHOP/src/test/resources/features/api/authentication/Login.feature
18:28:24.450 [main] INFO  -- 
  _____   ___   ___   _____     ___   _____     _     ___   _____   ___   ___  
 |_   _| | __| / __| |_   _|   / __| |_   _|   /_\   | _ \ |_   _| | __| |   \ 
   | |   | _|  \__ \   | |     \__ \   | |    / _ \  |   /   | |   | _|  | |) |
   |_|   |___| |___/   |_|     |___/   |_|   /_/ \_\ |_|_\   |_|   |___| |___/ 

As a user I can't login if I don't fill in the login request(login-user;as-a-user-i-can-t-login-if-i-don-t-fill-in-the-login-request)
--------------------------------------------------------------------------------
18:28:24.465 [main] DEBUG net.thucydides.core.steps.StepInterceptor -- STARTING STEP: LoginSteps.setAPIEndpointValidLoginUser - I set API endpoint valid for login user
18:28:24.466 [main] DEBUG net.thucydides.core.steps.StepInterceptor -- STEP DONE: I set API endpoint valid for login user
  &amp#27;[32mGiven &amp#27;[0m&amp#27;[32mI set API endpoint valid for login user&amp#27;[0m                        &amp#27;[90m# starter.stepdefinitions.authentication.LoginSteps.setAPIEndpointValidLoginUser()&amp#27;[0m
18:28:24.471 [main] DEBUG net.thucydides.core.steps.StepInterceptor -- STARTING STEP: LoginSteps.blankLoginRequest - I blank the login request
18:28:24.472 [main] DEBUG net.thucydides.core.steps.StepInterceptor -- STEP DONE: I blank the login request
  &amp#27;[32mWhen &amp#27;[0m&amp#27;[32mI blank the login request&amp#27;[0m                                       &amp#27;[90m# starter.stepdefinitions.authentication.LoginSteps.blankLoginRequest()&amp#27;[0m
18:28:24.478 [main] DEBUG net.thucydides.core.steps.StepInterceptor -- STARTING STEP: LoginSteps.sentRequestLoginUser - I send a request to the login user
  &amp#27;[31mAnd &amp#27;[0m&amp#27;[31mI send a request to the login user&amp#27;[0m                               &amp#27;[90m# starter.stepdefinitions.authentication.LoginSteps.sentRequestLoginUser()&amp#27;[0m
      &amp#27;[31mnet.serenitybdd.core.exceptions.SerenityManagedException: Could not initialize class net.serenitybdd.rest.utils.RestSpecificationFactory
	at net.serenitybdd.rest.utils.RestDecorationHelper.decorate(RestDecorationHelper.java:20)
	at net.serenitybdd.rest.SerenityRest.fetchRequestSpecification(SerenityRest.java:233)
	at net.serenitybdd.rest.SerenityRest.given(SerenityRest.java:220)
	at starter.user.authentication.Login.sentRequestLoginUser(Login.java:79)
	at starter.user.authentication.Login$ByteBuddy$Y1iWtJ6y.sentRequestLoginUser$accessor$GgP7luPR(Unknown Source)
	at java.base/jdk.internal.reflect.DirectMethodHandleAccessor.invoke(DirectMethodHandleAccessor.java:103)
	at java.base/java.lang.reflect.Method.invoke(Method.java:580)
	at net.thucydides.core.steps.StepInterceptor.invokeMethod(StepInterceptor.java:518)
	at net.thucydides.core.steps.StepInterceptor.executeTestStepMethod(StepInterceptor.java:498)
	at net.thucydides.core.steps.StepInterceptor.runTestStep(StepInterceptor.java:472)
	at net.thucydides.core.steps.StepInterceptor.runOrSkipMethod(StepInterceptor.java:211)
	at net.thucydides.core.steps.StepInterceptor.testStepResult(StepInterceptor.java:198)
	at net.thucydides.core.steps.StepInterceptor.intercept(StepInterceptor.java:86)
	at net.thucydides.core.steps.ProxyConfiguration$InterceptorDispatcher.intercept(ProxyConfiguration.java:51)
	at starter.user.authentication.Login$ByteBuddy$Y1iWtJ6y.sentRequestLoginUser(Unknown Source)
	at starter.stepdefinitions.authentication.LoginSteps.sentRequestLoginUser(LoginSteps.java:56)
	at .I send a request to the login user(file:///Users/miaapriliasatya/IdeaProjects/ALTASHOP/src/test/resources/features/api/authentication/Login.feature:29)
Caused by: java.lang.ExceptionInInitializerError: Exception java.lang.UnsupportedOperationException: Cannot define class using reflection: Unable to make protected java.lang.Package java.lang.ClassLoader.getPackage(java.lang.String) accessible: module java.base does not "opens java.lang" to unnamed module @603ee946 [in thread "main"]
	at net.bytebuddy.dynamic.loading.ClassInjector$UsingReflection$Dispatcher$Initializable$Unavailable.defineClass(ClassInjector.java:472)
	at net.bytebuddy.dynamic.loading.ClassInjector$UsingReflection.injectRaw(ClassInjector.java:284)
	at net.bytebuddy.dynamic.loading.ClassInjector$AbstractBase.inject(ClassInjector.java:118)
	at net.bytebuddy.dynamic.loading.ClassLoadingStrategy$Default$InjectionDispatcher.load(ClassLoadingStrategy.java:241)
	at net.bytebuddy.dynamic.loading.ClassLoadingStrategy$Default.load(ClassLoadingStrategy.java:148)
	at net.bytebuddy.dynamic.TypeResolutionStrategy$Passive.initialize(TypeResolutionStrategy.java:101)
	at net.bytebuddy.dynamic.DynamicType$Default$Unloaded.load(DynamicType.java:6317)
	at net.serenitybdd.rest.utils.RestSpecificationFactory.<clinit>(RestSpecificationFactory.java:57)
	at net.serenitybdd.rest.utils.RestDecorationHelper.decorate(RestDecorationHelper.java:20)
	at net.serenitybdd.rest.SerenityRest.fetchRequestSpecification(SerenityRest.java:233)
	at net.serenitybdd.rest.SerenityRest.given(SerenityRest.java:220)
	at starter.utils.GenerateToken.generateToken(GenerateToken.java:13)
	at starter.user.authentication.Login.sendRequestValidLoginUser(Login.java:33)
	at starter.user.authentication.Login$ByteBuddy$Y1iWtJ6y.sendRequestValidLoginUser$accessor$GgP7luPR(Unknown Source)
	at java.base/jdk.internal.reflect.DirectMethodHandleAccessor.invoke(DirectMethodHandleAccessor.java:103)
	at java.base/java.lang.reflect.Method.invoke(Method.java:580)
	at net.thucydides.core.steps.StepInterceptor.invokeMethod(StepInterceptor.java:518)
	at net.thucydides.core.steps.StepInterceptor.executeTestStepMethod(StepInterceptor.java:498)
	at net.thucydides.core.steps.StepInterceptor.runTestStep(StepInterceptor.java:472)
	at net.thucydides.core.steps.StepInterceptor.runOrSkipMethod(StepInterceptor.java:211)
	at net.thucydides.core.steps.StepInterceptor.testStepResult(StepInterceptor.java:198)
	at net.thucydides.core.steps.StepInterceptor.intercept(StepInterceptor.java:86)
	at net.thucydides.core.steps.ProxyConfiguration$InterceptorDispatcher.intercept(ProxyConfiguration.java:51)
	at starter.user.authentication.Login$ByteBuddy$Y1iWtJ6y.sendRequestValidLoginUser(Unknown Source)
	at starter.stepdefinitions.authentication.LoginSteps.sendRequestValidLoginUser(LoginSteps.java:31)
	at java.base/jdk.internal.reflect.DirectMethodHandleAccessor.invoke(DirectMethodHandleAccessor.java:103)
	at java.base/java.lang.reflect.Method.invoke(Method.java:580)
	at io.cucumber.java.Invoker.doInvoke(Invoker.java:66)
	at io.cucumber.java.Invoker.invoke(Invoker.java:24)
	at io.cucumber.java.AbstractGlueDefinition.invokeMethod(AbstractGlueDefinition.java:47)
	at io.cucumber.java.JavaStepDefinition.execute(JavaStepDefinition.java:29)
	at io.cucumber.core.runner.CoreStepDefinition.execute(CoreStepDefinition.java:66)
	at io.cucumber.core.runner.PickleStepDefinitionMatch.runStep(PickleStepDefinitionMatch.java:63)
	at io.cucumber.core.runner.ExecutionMode$1.execute(ExecutionMode.java:10)
	at io.cucumber.core.runner.TestStep.executeStep(TestStep.java:84)
	at io.cucumber.core.runner.TestStep.run(TestStep.java:56)
	at io.cucumber.core.runner.PickleStepTestStep.run(PickleStepTestStep.java:51)
	at io.cucumber.core.runner.TestCase.run(TestCase.java:84)
	at io.cucumber.core.runner.Runner.runPickle(Runner.java:75)
	at io.cucumber.junit.PickleRunners$NoStepDescriptions.lambda$run$0(PickleRunners.java:151)
	at io.cucumber.core.runtime.CucumberExecutionContext.lambda$runTestCase$5(CucumberExecutionContext.java:130)
	at io.cucumber.core.runtime.RethrowingThrowableCollector.executeAndThrow(RethrowingThrowableCollector.java:23)
	at io.cucumber.core.runtime.CucumberExecutionContext.runTestCase(CucumberExecutionContext.java:130)
	at io.cucumber.junit.PickleRunners$NoStepDescriptions.run(PickleRunners.java:148)
	at io.cucumber.junit.FeatureRunner.runChild(FeatureRunner.java:144)
	at io.cucumber.junit.FeatureRunner.runChild(FeatureRunner.java:28)
	at org.junit.runners.ParentRunner$4.run(ParentRunner.java:331)
	at org.junit.runners.ParentRunner$1.schedule(ParentRunner.java:79)
	at org.junit.runners.ParentRunner.runChildren(ParentRunner.java:329)
	at org.junit.runners.ParentRunner.access$100(ParentRunner.java:66)
	at org.junit.runners.ParentRunner$2.evaluate(ParentRunner.java:293)
	at org.junit.runners.ParentRunner$3.evaluate(ParentRunner.java:306)
	at org.junit.runners.ParentRunner.run(ParentRunner.java:413)
	at io.cucumber.junit.FeatureRunner.run(FeatureRunner.java:137)
	at io.cucumber.junit.CucumberSerenityRunner.runChild(CucumberSerenityRunner.java:259)
	at io.cucumber.junit.CucumberSerenityRunner.runChild(CucumberSerenityRunner.java:59)
	at org.junit.runners.ParentRunner$4.run(ParentRunner.java:331)
	at org.junit.runners.ParentRunner$1.schedule(ParentRunner.java:79)
	at org.junit.runners.ParentRunner.runChildren(ParentRunner.java:329)
	at org.junit.runners.ParentRunner.access$100(ParentRunner.java:66)
	at org.junit.runners.ParentRunner$2.evaluate(ParentRunner.java:293)
	at io.cucumber.junit.CucumberSerenityRunner$RunCucumber.evaluate(CucumberSerenityRunner.java:288)
	at org.junit.runners.ParentRunner$3.evaluate(ParentRunner.java:306)
	at org.junit.runners.ParentRunner.run(ParentRunner.java:413)
	at org.apache.maven.surefire.junit4.JUnit4Provider.execute(JUnit4Provider.java:365)
	at org.apache.maven.surefire.junit4.JUnit4Provider.executeWithRerun(JUnit4Provider.java:273)
	at org.apache.maven.surefire.junit4.JUnit4Provider.executeTestSet(JUnit4Provider.java:238)
	at org.apache.maven.surefire.junit4.JUnit4Provider.invoke(JUnit4Provider.java:159)
	at org.apache.maven.surefire.booter.ForkedBooter.invokeProviderInSameClassLoader(ForkedBooter.java:384)
	at org.apache.maven.surefire.booter.ForkedBooter.runSuitesInProcess(ForkedBooter.java:345)
	at org.apache.maven.surefire.booter.ForkedBooter.execute(ForkedBooter.java:126)
	at org.apache.maven.surefire.booter.ForkedBooter.main(ForkedBooter.java:418)
&amp#27;[0m
  &amp#27;[36mThen &amp#27;[0m&amp#27;[36mI received status code 400 Bad Request in request to login user&amp#27;[0m &amp#27;[90m# starter.stepdefinitions.authentication.LoginSteps.receivedStatusCode400BadRequestInRequestLoginUser()&amp#27;[0m
  &amp#27;[36mAnd &amp#27;[0m&amp#27;[36mI received the error message "email is required" response&amp#27;[0m        &amp#27;[90m# starter.stepdefinitions.authentication.LoginSteps.receivedErrorMessageEmailIsRequired()&amp#27;[0m
]]></system-out>
  </testcase>
  <testcase name="As a user I can&apos;t login if I don&apos;t fill in the email request" classname="Login User" time="0.127">
    <error message="The step &apos;I sent a request to the login user &quot;&lt;email&gt;&quot; and &quot;&lt;password&gt;&quot;&apos; is undefined.&#10;You can implement this step using the snippet(s) below:&#10;&#10;@When(&quot;I sent a request to the login user {string} and {string}&quot;)&#10;public void i_sent_a_request_to_the_login_user_and(String string, String string2) {&#10;    // Write code here that turns the phrase above into concrete actions&#10;    throw new io.cucumber.java.PendingException();&#10;}&#10;" type="io.cucumber.junit.UndefinedStepException"><![CDATA[io.cucumber.junit.UndefinedStepException: 
The step 'I sent a request to the login user "<email>" and "<password>"' is undefined.
You can implement this step using the snippet(s) below:

@When("I sent a request to the login user {string} and {string}")
public void i_sent_a_request_to_the_login_user_and(String string, String string2) {
    // Write code here that turns the phrase above into concrete actions
    throw new io.cucumber.java.PendingException();
}

]]></error>
    <system-out><![CDATA[18:28:24.512 [main] ERROR  -- 
  _____   ___   ___   _____     ___   ___   ___    ___    ___ 
 |_   _| | __| / __| |_   _|   | __| | _ \ | _ \  / _ \  | _ \
   | |   | _|  \__ \   | |     | _|  |   / |   / | (_) | |   /
   |_|   |___| |___/   |_|     |___| |_|_\ |_|_\  \___/  |_|_\

As a user I can't login if I don't fill in the login request
---------------------------------------------------------------
18:28:24.513 [main] DEBUG  -- RELATED ISSUES: 
18:28:24.513 [main] ERROR  --     Test failed at step: I send a request to the login user
18:28:24.513 [main] ERROR  --     Could not initialize class net.serenitybdd.rest.utils.RestSpecificationFactory

Scenario: As a user I can't login if I don't fill in the email request &amp#27;[90m# src/test/resources/features/api/authentication/Login.feature:33&amp#27;[0m
18:28:24.579 [main] INFO io.cucumber.core.plugin.SerenityReporter -- Running feature from file:///Users/miaapriliasatya/IdeaProjects/ALTASHOP/src/test/resources/features/api/authentication/Login.feature
18:28:24.584 [main] INFO  -- 
  _____   ___   ___   _____     ___   _____     _     ___   _____   ___   ___  
 |_   _| | __| / __| |_   _|   / __| |_   _|   /_\   | _ \ |_   _| | __| |   \ 
   | |   | _|  \__ \   | |     \__ \   | |    / _ \  |   /   | |   | _|  | |) |
   |_|   |___| |___/   |_|     |___/   |_|   /_/ \_\ |_|_\   |_|   |___| |___/ 

As a user I can't login if I don't fill in the email request(login-user;as-a-user-i-can-t-login-if-i-don-t-fill-in-the-email-request)
--------------------------------------------------------------------------------
18:28:24.607 [main] DEBUG net.thucydides.core.steps.StepInterceptor -- STARTING STEP: LoginSteps.setAPIEndpointValidLoginUser - I set API endpoint valid for login user
18:28:24.608 [main] DEBUG net.thucydides.core.steps.StepInterceptor -- STEP DONE: I set API endpoint valid for login user
  &amp#27;[32mGiven &amp#27;[0m&amp#27;[32mI set API endpoint valid for login user&amp#27;[0m                        &amp#27;[90m# starter.stepdefinitions.authentication.LoginSteps.setAPIEndpointValidLoginUser()&amp#27;[0m
18:28:24.619 [main] DEBUG net.thucydides.core.steps.StepInterceptor -- STARTING STEP: LoginSteps.BlankEmailRequest - I blank the email request
18:28:24.620 [main] DEBUG net.thucydides.core.steps.StepInterceptor -- STEP DONE: I blank the email request
  &amp#27;[32mWhen &amp#27;[0m&amp#27;[32mI blank the email request&amp#27;[0m                                       &amp#27;[90m# starter.stepdefinitions.authentication.LoginSteps.BlankEmailRequest()&amp#27;[0m
18:28:24.625 [main] DEBUG net.thucydides.core.steps.StepInterceptor -- STARTING STEP: LoginSteps.enterValidPassword - I enter a valid password
18:28:24.625 [main] DEBUG net.thucydides.core.steps.StepInterceptor -- STEP DONE: I enter a valid password
  &amp#27;[32mAnd &amp#27;[0m&amp#27;[32mI enter a valid password&amp#27;[0m                                         &amp#27;[90m# starter.stepdefinitions.authentication.LoginSteps.enterValidPassword()&amp#27;[0m
  &amp#27;[33mAnd &amp#27;[0m&amp#27;[33mI sent a request to the login user "<email>" and "<password>"&amp#27;[0m
  &amp#27;[36mThen &amp#27;[0m&amp#27;[36mI received status code 400 Bad Request in request to login user&amp#27;[0m &amp#27;[90m# starter.stepdefinitions.authentication.LoginSteps.receivedStatusCode400BadRequestInRequestLoginUser()&amp#27;[0m
  &amp#27;[36mAnd &amp#27;[0m&amp#27;[36mI received the error message "email is required" response&amp#27;[0m        &amp#27;[90m# starter.stepdefinitions.authentication.LoginSteps.receivedErrorMessageEmailIsRequired()&amp#27;[0m
]]></system-out>
  </testcase>
  <testcase name="As a user I can&apos;t login if I don&apos;t fill in the password request" classname="Login User" time="0.081">
    <error message="The step &apos;I sent a request to the login user &quot;&lt;email&gt;&quot; and &quot;&lt;password&gt;&quot;&apos; is undefined.&#10;You can implement this step using the snippet(s) below:&#10;&#10;@When(&quot;I sent a request to the login user {string} and {string}&quot;)&#10;public void i_sent_a_request_to_the_login_user_and(String string, String string2) {&#10;    // Write code here that turns the phrase above into concrete actions&#10;    throw new io.cucumber.java.PendingException();&#10;}&#10;" type="io.cucumber.junit.UndefinedStepException"><![CDATA[io.cucumber.junit.UndefinedStepException: 
The step 'I sent a request to the login user "<email>" and "<password>"' is undefined.
You can implement this step using the snippet(s) below:

@When("I sent a request to the login user {string} and {string}")
public void i_sent_a_request_to_the_login_user_and(String string, String string2) {
    // Write code here that turns the phrase above into concrete actions
    throw new io.cucumber.java.PendingException();
}

]]></error>
    <system-out><![CDATA[18:28:24.645 [main] INFO  -- 
  _____   ___   ___   _____     ___   ___   _  _   ___    ___   _  _    ___ 
 |_   _| | __| / __| |_   _|   | _ \ | __| | \| | |   \  |_ _| | \| |  / __|
   | |   | _|  \__ \   | |     |  _/ | _|  | .` | | |) |  | |  | .` | | (_ |
   |_|   |___| |___/   |_|     |_|   |___| |_|\_| |___/  |___| |_|\_|  \___|

As a user I can't login if I don't fill in the email request
-----------------------------------------------------------------------------

Scenario: As a user I can't login if I don't fill in the password request &amp#27;[90m# src/test/resources/features/api/authentication/Login.feature:40&amp#27;[0m
18:28:24.656 [main] INFO io.cucumber.core.plugin.SerenityReporter -- Running feature from file:///Users/miaapriliasatya/IdeaProjects/ALTASHOP/src/test/resources/features/api/authentication/Login.feature
18:28:24.661 [main] INFO  -- 
  _____   ___   ___   _____     ___   _____     _     ___   _____   ___   ___  
 |_   _| | __| / __| |_   _|   / __| |_   _|   /_\   | _ \ |_   _| | __| |   \ 
   | |   | _|  \__ \   | |     \__ \   | |    / _ \  |   /   | |   | _|  | |) |
   |_|   |___| |___/   |_|     |___/   |_|   /_/ \_\ |_|_\   |_|   |___| |___/ 

As a user I can't login if I don't fill in the password request(login-user;as-a-user-i-can-t-login-if-i-don-t-fill-in-the-password-request)
--------------------------------------------------------------------------------
18:28:24.696 [main] DEBUG net.thucydides.core.steps.StepInterceptor -- STARTING STEP: LoginSteps.setAPIEndpointValidLoginUser - I set API endpoint valid for login user
18:28:24.696 [main] DEBUG net.thucydides.core.steps.StepInterceptor -- STEP DONE: I set API endpoint valid for login user
  &amp#27;[32mGiven &amp#27;[0m&amp#27;[32mI set API endpoint valid for login user&amp#27;[0m                           &amp#27;[90m# starter.stepdefinitions.authentication.LoginSteps.setAPIEndpointValidLoginUser()&amp#27;[0m
18:28:24.702 [main] DEBUG net.thucydides.core.steps.StepInterceptor -- STARTING STEP: LoginSteps.enterValidEmail - I enter a valid email
18:28:24.702 [main] DEBUG net.thucydides.core.steps.StepInterceptor -- STEP DONE: I enter a valid email
  &amp#27;[32mWhen &amp#27;[0m&amp#27;[32mI enter a valid email&amp#27;[0m                                              &amp#27;[90m# starter.stepdefinitions.authentication.LoginSteps.enterValidEmail()&amp#27;[0m
18:28:24.707 [main] DEBUG net.thucydides.core.steps.StepInterceptor -- STARTING STEP: LoginSteps.blankPasswordRequest - I blank the password request
18:28:24.707 [main] DEBUG net.thucydides.core.steps.StepInterceptor -- STEP DONE: I blank the password request
  &amp#27;[32mAnd &amp#27;[0m&amp#27;[32mI blank the password request&amp#27;[0m                                        &amp#27;[90m# starter.stepdefinitions.authentication.LoginSteps.blankPasswordRequest()&amp#27;[0m
  &amp#27;[33mAnd &amp#27;[0m&amp#27;[33mI sent a request to the login user "<email>" and "<password>"&amp#27;[0m
  &amp#27;[36mThen &amp#27;[0m&amp#27;[36mI received status code 400 Bad Request in request to login user&amp#27;[0m    &amp#27;[90m# starter.stepdefinitions.authentication.LoginSteps.receivedStatusCode400BadRequestInRequestLoginUser()&amp#27;[0m
  &amp#27;[36mAnd &amp#27;[0m&amp#27;[36mI received the error message "password is required" response&amp#27;[0m        &amp#27;[90m# starter.stepdefinitions.authentication.LoginSteps.receivedErrorMessagePasswordIsRequired()&amp#27;[0m
]]></system-out>
  </testcase>
  <testcase name="As a user I can&apos;t login with an invalid email" classname="Login User" time="0.083">
    <error message="Could not initialize class net.serenitybdd.rest.utils.RestSpecificationFactory" type="net.serenitybdd.core.exceptions.SerenityManagedException">net.serenitybdd.core.exceptions.SerenityManagedException: Could not initialize class net.serenitybdd.rest.utils.RestSpecificationFactory
Caused by: java.lang.ExceptionInInitializerError: Exception java.lang.UnsupportedOperationException: Cannot define class using reflection: Unable to make protected java.lang.Package java.lang.ClassLoader.getPackage(java.lang.String) accessible: module java.base does not "opens java.lang" to unnamed module @603ee946 [in thread "main"]
</error>
    <system-out><![CDATA[18:28:24.730 [main] INFO  -- 
  _____   ___   ___   _____     ___   ___   _  _   ___    ___   _  _    ___ 
 |_   _| | __| / __| |_   _|   | _ \ | __| | \| | |   \  |_ _| | \| |  / __|
   | |   | _|  \__ \   | |     |  _/ | _|  | .` | | |) |  | |  | .` | | (_ |
   |_|   |___| |___/   |_|     |_|   |___| |_|\_| |___/  |___| |_|\_|  \___|

As a user I can't login if I don't fill in the password request
-----------------------------------------------------------------------------

Scenario: As a user I can't login with an invalid email             &amp#27;[90m# src/test/resources/features/api/authentication/Login.feature:47&amp#27;[0m
18:28:24.757 [main] INFO io.cucumber.core.plugin.SerenityReporter -- Running feature from file:///Users/miaapriliasatya/IdeaProjects/ALTASHOP/src/test/resources/features/api/authentication/Login.feature
18:28:24.762 [main] INFO  -- 
  _____   ___   ___   _____     ___   _____     _     ___   _____   ___   ___  
 |_   _| | __| / __| |_   _|   / __| |_   _|   /_\   | _ \ |_   _| | __| |   \ 
   | |   | _|  \__ \   | |     \__ \   | |    / _ \  |   /   | |   | _|  | |) |
   |_|   |___| |___/   |_|     |___/   |_|   /_/ \_\ |_|_\   |_|   |___| |___/ 

As a user I can't login with an invalid email(login-user;as-a-user-i-can-t-login-with-an-invalid-email)
--------------------------------------------------------------------------------
18:28:24.774 [main] DEBUG net.thucydides.core.steps.StepInterceptor -- STARTING STEP: LoginSteps.setAPIEndpointValidLoginUser - I set API endpoint valid for login user
18:28:24.775 [main] DEBUG net.thucydides.core.steps.StepInterceptor -- STEP DONE: I set API endpoint valid for login user
  &amp#27;[32mGiven &amp#27;[0m&amp#27;[32mI set API endpoint valid for login user&amp#27;[0m                     &amp#27;[90m# starter.stepdefinitions.authentication.LoginSteps.setAPIEndpointValidLoginUser()&amp#27;[0m
18:28:24.780 [main] DEBUG net.thucydides.core.steps.StepInterceptor -- STARTING STEP: LoginSteps.enterInvalidEmail - I enter an invalid email
18:28:24.780 [main] DEBUG net.thucydides.core.steps.StepInterceptor -- STEP DONE: I enter an invalid email
  &amp#27;[32mWhen &amp#27;[0m&amp#27;[32mI enter an invalid email&amp#27;[0m                                     &amp#27;[90m# starter.stepdefinitions.authentication.LoginSteps.enterInvalidEmail()&amp#27;[0m
18:28:24.784 [main] DEBUG net.thucydides.core.steps.StepInterceptor -- STARTING STEP: LoginSteps.enterValidPassword - I enter a valid password
18:28:24.784 [main] DEBUG net.thucydides.core.steps.StepInterceptor -- STEP DONE: I enter a valid password
  &amp#27;[32mAnd &amp#27;[0m&amp#27;[32mI enter a valid password&amp#27;[0m                                      &amp#27;[90m# starter.stepdefinitions.authentication.LoginSteps.enterValidPassword()&amp#27;[0m
18:28:24.791 [main] DEBUG net.thucydides.core.steps.StepInterceptor -- STARTING STEP: LoginSteps.sendRequestValidLoginUser - I send request to login user {string} and {string}
  &amp#27;[31mAnd &amp#27;[0m&amp#27;[31mI send request to login user &amp#27;[0m&amp#27;[31m&amp#27;[1m"<email>"&amp#27;[0m&amp#27;[31m and &amp#27;[0m&amp#27;[31m&amp#27;[1m"<password>"&amp#27;[0m       &amp#27;[90m# starter.stepdefinitions.authentication.LoginSteps.sendRequestValidLoginUser(java.lang.String,java.lang.String)&amp#27;[0m
      &amp#27;[31mnet.serenitybdd.core.exceptions.SerenityManagedException: Could not initialize class net.serenitybdd.rest.utils.RestSpecificationFactory
	at net.serenitybdd.rest.utils.RestDecorationHelper.decorate(RestDecorationHelper.java:20)
	at net.serenitybdd.rest.SerenityRest.fetchRequestSpecification(SerenityRest.java:233)
	at net.serenitybdd.rest.SerenityRest.given(SerenityRest.java:220)
	at starter.utils.GenerateToken.generateToken(GenerateToken.java:13)
	at starter.user.authentication.Login.sendRequestValidLoginUser(Login.java:33)
	at starter.user.authentication.Login$ByteBuddy$Y1iWtJ6y.sendRequestValidLoginUser$accessor$GgP7luPR(Unknown Source)
	at java.base/jdk.internal.reflect.DirectMethodHandleAccessor.invoke(DirectMethodHandleAccessor.java:103)
	at java.base/java.lang.reflect.Method.invoke(Method.java:580)
	at net.thucydides.core.steps.StepInterceptor.invokeMethod(StepInterceptor.java:518)
	at net.thucydides.core.steps.StepInterceptor.executeTestStepMethod(StepInterceptor.java:498)
	at net.thucydides.core.steps.StepInterceptor.runTestStep(StepInterceptor.java:472)
	at net.thucydides.core.steps.StepInterceptor.runOrSkipMethod(StepInterceptor.java:211)
	at net.thucydides.core.steps.StepInterceptor.testStepResult(StepInterceptor.java:198)
	at net.thucydides.core.steps.StepInterceptor.intercept(StepInterceptor.java:86)
	at net.thucydides.core.steps.ProxyConfiguration$InterceptorDispatcher.intercept(ProxyConfiguration.java:51)
	at starter.user.authentication.Login$ByteBuddy$Y1iWtJ6y.sendRequestValidLoginUser(Unknown Source)
	at starter.stepdefinitions.authentication.LoginSteps.sendRequestValidLoginUser(LoginSteps.java:31)
	at .I send request to login user "<email>" and "<password>"(file:///Users/miaapriliasatya/IdeaProjects/ALTASHOP/src/test/resources/features/api/authentication/Login.feature:50)
Caused by: java.lang.ExceptionInInitializerError: Exception java.lang.UnsupportedOperationException: Cannot define class using reflection: Unable to make protected java.lang.Package java.lang.ClassLoader.getPackage(java.lang.String) accessible: module java.base does not "opens java.lang" to unnamed module @603ee946 [in thread "main"]
	at net.bytebuddy.dynamic.loading.ClassInjector$UsingReflection$Dispatcher$Initializable$Unavailable.defineClass(ClassInjector.java:472)
	at net.bytebuddy.dynamic.loading.ClassInjector$UsingReflection.injectRaw(ClassInjector.java:284)
	at net.bytebuddy.dynamic.loading.ClassInjector$AbstractBase.inject(ClassInjector.java:118)
	at net.bytebuddy.dynamic.loading.ClassLoadingStrategy$Default$InjectionDispatcher.load(ClassLoadingStrategy.java:241)
	at net.bytebuddy.dynamic.loading.ClassLoadingStrategy$Default.load(ClassLoadingStrategy.java:148)
	at net.bytebuddy.dynamic.TypeResolutionStrategy$Passive.initialize(TypeResolutionStrategy.java:101)
	at net.bytebuddy.dynamic.DynamicType$Default$Unloaded.load(DynamicType.java:6317)
	at net.serenitybdd.rest.utils.RestSpecificationFactory.<clinit>(RestSpecificationFactory.java:57)
	at net.serenitybdd.rest.utils.RestDecorationHelper.decorate(RestDecorationHelper.java:20)
	at net.serenitybdd.rest.SerenityRest.fetchRequestSpecification(SerenityRest.java:233)
	at net.serenitybdd.rest.SerenityRest.given(SerenityRest.java:220)
	at starter.utils.GenerateToken.generateToken(GenerateToken.java:13)
	at starter.user.authentication.Login.sendRequestValidLoginUser(Login.java:33)
	at starter.user.authentication.Login$ByteBuddy$Y1iWtJ6y.sendRequestValidLoginUser$accessor$GgP7luPR(Unknown Source)
	at java.base/jdk.internal.reflect.DirectMethodHandleAccessor.invoke(DirectMethodHandleAccessor.java:103)
	at java.base/java.lang.reflect.Method.invoke(Method.java:580)
	at net.thucydides.core.steps.StepInterceptor.invokeMethod(StepInterceptor.java:518)
	at net.thucydides.core.steps.StepInterceptor.executeTestStepMethod(StepInterceptor.java:498)
	at net.thucydides.core.steps.StepInterceptor.runTestStep(StepInterceptor.java:472)
	at net.thucydides.core.steps.StepInterceptor.runOrSkipMethod(StepInterceptor.java:211)
	at net.thucydides.core.steps.StepInterceptor.testStepResult(StepInterceptor.java:198)
	at net.thucydides.core.steps.StepInterceptor.intercept(StepInterceptor.java:86)
	at net.thucydides.core.steps.ProxyConfiguration$InterceptorDispatcher.intercept(ProxyConfiguration.java:51)
	at starter.user.authentication.Login$ByteBuddy$Y1iWtJ6y.sendRequestValidLoginUser(Unknown Source)
	at starter.stepdefinitions.authentication.LoginSteps.sendRequestValidLoginUser(LoginSteps.java:31)
	at java.base/jdk.internal.reflect.DirectMethodHandleAccessor.invoke(DirectMethodHandleAccessor.java:103)
	at java.base/java.lang.reflect.Method.invoke(Method.java:580)
	at io.cucumber.java.Invoker.doInvoke(Invoker.java:66)
	at io.cucumber.java.Invoker.invoke(Invoker.java:24)
	at io.cucumber.java.AbstractGlueDefinition.invokeMethod(AbstractGlueDefinition.java:47)
	at io.cucumber.java.JavaStepDefinition.execute(JavaStepDefinition.java:29)
	at io.cucumber.core.runner.CoreStepDefinition.execute(CoreStepDefinition.java:66)
	at io.cucumber.core.runner.PickleStepDefinitionMatch.runStep(PickleStepDefinitionMatch.java:63)
	at io.cucumber.core.runner.ExecutionMode$1.execute(ExecutionMode.java:10)
	at io.cucumber.core.runner.TestStep.executeStep(TestStep.java:84)
	at io.cucumber.core.runner.TestStep.run(TestStep.java:56)
	at io.cucumber.core.runner.PickleStepTestStep.run(PickleStepTestStep.java:51)
	at io.cucumber.core.runner.TestCase.run(TestCase.java:84)
	at io.cucumber.core.runner.Runner.runPickle(Runner.java:75)
	at io.cucumber.junit.PickleRunners$NoStepDescriptions.lambda$run$0(PickleRunners.java:151)
	at io.cucumber.core.runtime.CucumberExecutionContext.lambda$runTestCase$5(CucumberExecutionContext.java:130)
	at io.cucumber.core.runtime.RethrowingThrowableCollector.executeAndThrow(RethrowingThrowableCollector.java:23)
	at io.cucumber.core.runtime.CucumberExecutionContext.runTestCase(CucumberExecutionContext.java:130)
	at io.cucumber.junit.PickleRunners$NoStepDescriptions.run(PickleRunners.java:148)
	at io.cucumber.junit.FeatureRunner.runChild(FeatureRunner.java:144)
	at io.cucumber.junit.FeatureRunner.runChild(FeatureRunner.java:28)
	at org.junit.runners.ParentRunner$4.run(ParentRunner.java:331)
	at org.junit.runners.ParentRunner$1.schedule(ParentRunner.java:79)
	at org.junit.runners.ParentRunner.runChildren(ParentRunner.java:329)
	at org.junit.runners.ParentRunner.access$100(ParentRunner.java:66)
	at org.junit.runners.ParentRunner$2.evaluate(ParentRunner.java:293)
	at org.junit.runners.ParentRunner$3.evaluate(ParentRunner.java:306)
	at org.junit.runners.ParentRunner.run(ParentRunner.java:413)
	at io.cucumber.junit.FeatureRunner.run(FeatureRunner.java:137)
	at io.cucumber.junit.CucumberSerenityRunner.runChild(CucumberSerenityRunner.java:259)
	at io.cucumber.junit.CucumberSerenityRunner.runChild(CucumberSerenityRunner.java:59)
	at org.junit.runners.ParentRunner$4.run(ParentRunner.java:331)
	at org.junit.runners.ParentRunner$1.schedule(ParentRunner.java:79)
	at org.junit.runners.ParentRunner.runChildren(ParentRunner.java:329)
	at org.junit.runners.ParentRunner.access$100(ParentRunner.java:66)
	at org.junit.runners.ParentRunner$2.evaluate(ParentRunner.java:293)
	at io.cucumber.junit.CucumberSerenityRunner$RunCucumber.evaluate(CucumberSerenityRunner.java:288)
	at org.junit.runners.ParentRunner$3.evaluate(ParentRunner.java:306)
	at org.junit.runners.ParentRunner.run(ParentRunner.java:413)
	at org.apache.maven.surefire.junit4.JUnit4Provider.execute(JUnit4Provider.java:365)
	at org.apache.maven.surefire.junit4.JUnit4Provider.executeWithRerun(JUnit4Provider.java:273)
	at org.apache.maven.surefire.junit4.JUnit4Provider.executeTestSet(JUnit4Provider.java:238)
	at org.apache.maven.surefire.junit4.JUnit4Provider.invoke(JUnit4Provider.java:159)
	at org.apache.maven.surefire.booter.ForkedBooter.invokeProviderInSameClassLoader(ForkedBooter.java:384)
	at org.apache.maven.surefire.booter.ForkedBooter.runSuitesInProcess(ForkedBooter.java:345)
	at org.apache.maven.surefire.booter.ForkedBooter.execute(ForkedBooter.java:126)
	at org.apache.maven.surefire.booter.ForkedBooter.main(ForkedBooter.java:418)
&amp#27;[0m
  &amp#27;[36mThen &amp#27;[0m&amp#27;[36mI received status code 400 Bad Request in request login user&amp#27;[0m
  &amp#27;[36mAnd &amp#27;[0m&amp#27;[36mI received an error message "record not found" response&amp#27;[0m       &amp#27;[90m# starter.stepdefinitions.authentication.LoginSteps.receivedErrorMessageRecordNotFound()&amp#27;[0m
]]></system-out>
  </testcase>
  <testcase name="As a user I can&apos;t login with an invalid password" classname="Login User" time="0.086">
    <error message="Could not initialize class net.serenitybdd.rest.utils.RestSpecificationFactory" type="net.serenitybdd.core.exceptions.SerenityManagedException">net.serenitybdd.core.exceptions.SerenityManagedException: Could not initialize class net.serenitybdd.rest.utils.RestSpecificationFactory
Caused by: java.lang.ExceptionInInitializerError: Exception java.lang.UnsupportedOperationException: Cannot define class using reflection: Unable to make protected java.lang.Package java.lang.ClassLoader.getPackage(java.lang.String) accessible: module java.base does not "opens java.lang" to unnamed module @603ee946 [in thread "main"]
</error>
    <system-out><![CDATA[18:28:24.820 [main] ERROR  -- 
  _____   ___   ___   _____     ___   ___   ___    ___    ___ 
 |_   _| | __| / __| |_   _|   | __| | _ \ | _ \  / _ \  | _ \
   | |   | _|  \__ \   | |     | _|  |   / |   / | (_) | |   /
   |_|   |___| |___/   |_|     |___| |_|_\ |_|_\  \___/  |_|_\

As a user I can't login with an invalid email
---------------------------------------------------------------
18:28:24.821 [main] DEBUG  -- RELATED ISSUES: 
18:28:24.821 [main] ERROR  --     Test failed at step: I send request to login user {string} and {string}
18:28:24.821 [main] ERROR  --     Could not initialize class net.serenitybdd.rest.utils.RestSpecificationFactory

Scenario: As a user I can't login with an invalid password                &amp#27;[90m# src/test/resources/features/api/authentication/Login.feature:54&amp#27;[0m
18:28:24.835 [main] INFO io.cucumber.core.plugin.SerenityReporter -- Running feature from file:///Users/miaapriliasatya/IdeaProjects/ALTASHOP/src/test/resources/features/api/authentication/Login.feature
18:28:24.838 [main] INFO  -- 
  _____   ___   ___   _____     ___   _____     _     ___   _____   ___   ___  
 |_   _| | __| / __| |_   _|   / __| |_   _|   /_\   | _ \ |_   _| | __| |   \ 
   | |   | _|  \__ \   | |     \__ \   | |    / _ \  |   /   | |   | _|  | |) |
   |_|   |___| |___/   |_|     |___/   |_|   /_/ \_\ |_|_\   |_|   |___| |___/ 

As a user I can't login with an invalid password(login-user;as-a-user-i-can-t-login-with-an-invalid-password)
--------------------------------------------------------------------------------
18:28:24.852 [main] DEBUG net.thucydides.core.steps.StepInterceptor -- STARTING STEP: LoginSteps.setAPIEndpointValidLoginUser - I set API endpoint valid for login user
18:28:24.852 [main] DEBUG net.thucydides.core.steps.StepInterceptor -- STEP DONE: I set API endpoint valid for login user
  &amp#27;[32mGiven &amp#27;[0m&amp#27;[32mI set API endpoint valid for login user&amp#27;[0m                           &amp#27;[90m# starter.stepdefinitions.authentication.LoginSteps.setAPIEndpointValidLoginUser()&amp#27;[0m
18:28:24.859 [main] DEBUG net.thucydides.core.steps.StepInterceptor -- STARTING STEP: LoginSteps.enterValidEmail - I enter a valid email
18:28:24.859 [main] DEBUG net.thucydides.core.steps.StepInterceptor -- STEP DONE: I enter a valid email
  &amp#27;[32mWhen &amp#27;[0m&amp#27;[32mI enter a valid email&amp#27;[0m                                              &amp#27;[90m# starter.stepdefinitions.authentication.LoginSteps.enterValidEmail()&amp#27;[0m
18:28:24.865 [main] DEBUG net.thucydides.core.steps.StepInterceptor -- STARTING STEP: LoginSteps.enterInvalidPassword - I enter an invalid password
18:28:24.866 [main] DEBUG net.thucydides.core.steps.StepInterceptor -- STEP DONE: I enter an invalid password
  &amp#27;[32mAnd &amp#27;[0m&amp#27;[32mI enter an invalid password&amp#27;[0m                                         &amp#27;[90m# starter.stepdefinitions.authentication.LoginSteps.enterInvalidPassword()&amp#27;[0m
18:28:24.871 [main] DEBUG net.thucydides.core.steps.StepInterceptor -- STARTING STEP: LoginSteps.sendRequestValidLoginUser - I send request to login user {string} and {string}
  &amp#27;[31mAnd &amp#27;[0m&amp#27;[31mI send request to login user &amp#27;[0m&amp#27;[31m&amp#27;[1m"<email>"&amp#27;[0m&amp#27;[31m and &amp#27;[0m&amp#27;[31m&amp#27;[1m"<password>"&amp#27;[0m             &amp#27;[90m# starter.stepdefinitions.authentication.LoginSteps.sendRequestValidLoginUser(java.lang.String,java.lang.String)&amp#27;[0m
      &amp#27;[31mnet.serenitybdd.core.exceptions.SerenityManagedException: Could not initialize class net.serenitybdd.rest.utils.RestSpecificationFactory
	at net.serenitybdd.rest.utils.RestDecorationHelper.decorate(RestDecorationHelper.java:20)
	at net.serenitybdd.rest.SerenityRest.fetchRequestSpecification(SerenityRest.java:233)
	at net.serenitybdd.rest.SerenityRest.given(SerenityRest.java:220)
	at starter.utils.GenerateToken.generateToken(GenerateToken.java:13)
	at starter.user.authentication.Login.sendRequestValidLoginUser(Login.java:33)
	at starter.user.authentication.Login$ByteBuddy$Y1iWtJ6y.sendRequestValidLoginUser$accessor$GgP7luPR(Unknown Source)
	at java.base/jdk.internal.reflect.DirectMethodHandleAccessor.invoke(DirectMethodHandleAccessor.java:103)
	at java.base/java.lang.reflect.Method.invoke(Method.java:580)
	at net.thucydides.core.steps.StepInterceptor.invokeMethod(StepInterceptor.java:518)
	at net.thucydides.core.steps.StepInterceptor.executeTestStepMethod(StepInterceptor.java:498)
	at net.thucydides.core.steps.StepInterceptor.runTestStep(StepInterceptor.java:472)
	at net.thucydides.core.steps.StepInterceptor.runOrSkipMethod(StepInterceptor.java:211)
	at net.thucydides.core.steps.StepInterceptor.testStepResult(StepInterceptor.java:198)
	at net.thucydides.core.steps.StepInterceptor.intercept(StepInterceptor.java:86)
	at net.thucydides.core.steps.ProxyConfiguration$InterceptorDispatcher.intercept(ProxyConfiguration.java:51)
	at starter.user.authentication.Login$ByteBuddy$Y1iWtJ6y.sendRequestValidLoginUser(Unknown Source)
	at starter.stepdefinitions.authentication.LoginSteps.sendRequestValidLoginUser(LoginSteps.java:31)
	at .I send request to login user "<email>" and "<password>"(file:///Users/miaapriliasatya/IdeaProjects/ALTASHOP/src/test/resources/features/api/authentication/Login.feature:57)
Caused by: java.lang.ExceptionInInitializerError: Exception java.lang.UnsupportedOperationException: Cannot define class using reflection: Unable to make protected java.lang.Package java.lang.ClassLoader.getPackage(java.lang.String) accessible: module java.base does not "opens java.lang" to unnamed module @603ee946 [in thread "main"]
	at net.bytebuddy.dynamic.loading.ClassInjector$UsingReflection$Dispatcher$Initializable$Unavailable.defineClass(ClassInjector.java:472)
	at net.bytebuddy.dynamic.loading.ClassInjector$UsingReflection.injectRaw(ClassInjector.java:284)
	at net.bytebuddy.dynamic.loading.ClassInjector$AbstractBase.inject(ClassInjector.java:118)
	at net.bytebuddy.dynamic.loading.ClassLoadingStrategy$Default$InjectionDispatcher.load(ClassLoadingStrategy.java:241)
	at net.bytebuddy.dynamic.loading.ClassLoadingStrategy$Default.load(ClassLoadingStrategy.java:148)
	at net.bytebuddy.dynamic.TypeResolutionStrategy$Passive.initialize(TypeResolutionStrategy.java:101)
	at net.bytebuddy.dynamic.DynamicType$Default$Unloaded.load(DynamicType.java:6317)
	at net.serenitybdd.rest.utils.RestSpecificationFactory.<clinit>(RestSpecificationFactory.java:57)
	at net.serenitybdd.rest.utils.RestDecorationHelper.decorate(RestDecorationHelper.java:20)
	at net.serenitybdd.rest.SerenityRest.fetchRequestSpecification(SerenityRest.java:233)
	at net.serenitybdd.rest.SerenityRest.given(SerenityRest.java:220)
	at starter.utils.GenerateToken.generateToken(GenerateToken.java:13)
	at starter.user.authentication.Login.sendRequestValidLoginUser(Login.java:33)
	at starter.user.authentication.Login$ByteBuddy$Y1iWtJ6y.sendRequestValidLoginUser$accessor$GgP7luPR(Unknown Source)
	at java.base/jdk.internal.reflect.DirectMethodHandleAccessor.invoke(DirectMethodHandleAccessor.java:103)
	at java.base/java.lang.reflect.Method.invoke(Method.java:580)
	at net.thucydides.core.steps.StepInterceptor.invokeMethod(StepInterceptor.java:518)
	at net.thucydides.core.steps.StepInterceptor.executeTestStepMethod(StepInterceptor.java:498)
	at net.thucydides.core.steps.StepInterceptor.runTestStep(StepInterceptor.java:472)
	at net.thucydides.core.steps.StepInterceptor.runOrSkipMethod(StepInterceptor.java:211)
	at net.thucydides.core.steps.StepInterceptor.testStepResult(StepInterceptor.java:198)
	at net.thucydides.core.steps.StepInterceptor.intercept(StepInterceptor.java:86)
	at net.thucydides.core.steps.ProxyConfiguration$InterceptorDispatcher.intercept(ProxyConfiguration.java:51)
	at starter.user.authentication.Login$ByteBuddy$Y1iWtJ6y.sendRequestValidLoginUser(Unknown Source)
	at starter.stepdefinitions.authentication.LoginSteps.sendRequestValidLoginUser(LoginSteps.java:31)
	at java.base/jdk.internal.reflect.DirectMethodHandleAccessor.invoke(DirectMethodHandleAccessor.java:103)
	at java.base/java.lang.reflect.Method.invoke(Method.java:580)
	at io.cucumber.java.Invoker.doInvoke(Invoker.java:66)
	at io.cucumber.java.Invoker.invoke(Invoker.java:24)
	at io.cucumber.java.AbstractGlueDefinition.invokeMethod(AbstractGlueDefinition.java:47)
	at io.cucumber.java.JavaStepDefinition.execute(JavaStepDefinition.java:29)
	at io.cucumber.core.runner.CoreStepDefinition.execute(CoreStepDefinition.java:66)
	at io.cucumber.core.runner.PickleStepDefinitionMatch.runStep(PickleStepDefinitionMatch.java:63)
	at io.cucumber.core.runner.ExecutionMode$1.execute(ExecutionMode.java:10)
	at io.cucumber.core.runner.TestStep.executeStep(TestStep.java:84)
	at io.cucumber.core.runner.TestStep.run(TestStep.java:56)
	at io.cucumber.core.runner.PickleStepTestStep.run(PickleStepTestStep.java:51)
	at io.cucumber.core.runner.TestCase.run(TestCase.java:84)
	at io.cucumber.core.runner.Runner.runPickle(Runner.java:75)
	at io.cucumber.junit.PickleRunners$NoStepDescriptions.lambda$run$0(PickleRunners.java:151)
	at io.cucumber.core.runtime.CucumberExecutionContext.lambda$runTestCase$5(CucumberExecutionContext.java:130)
	at io.cucumber.core.runtime.RethrowingThrowableCollector.executeAndThrow(RethrowingThrowableCollector.java:23)
	at io.cucumber.core.runtime.CucumberExecutionContext.runTestCase(CucumberExecutionContext.java:130)
	at io.cucumber.junit.PickleRunners$NoStepDescriptions.run(PickleRunners.java:148)
	at io.cucumber.junit.FeatureRunner.runChild(FeatureRunner.java:144)
	at io.cucumber.junit.FeatureRunner.runChild(FeatureRunner.java:28)
	at org.junit.runners.ParentRunner$4.run(ParentRunner.java:331)
	at org.junit.runners.ParentRunner$1.schedule(ParentRunner.java:79)
	at org.junit.runners.ParentRunner.runChildren(ParentRunner.java:329)
	at org.junit.runners.ParentRunner.access$100(ParentRunner.java:66)
	at org.junit.runners.ParentRunner$2.evaluate(ParentRunner.java:293)
	at org.junit.runners.ParentRunner$3.evaluate(ParentRunner.java:306)
	at org.junit.runners.ParentRunner.run(ParentRunner.java:413)
	at io.cucumber.junit.FeatureRunner.run(FeatureRunner.java:137)
	at io.cucumber.junit.CucumberSerenityRunner.runChild(CucumberSerenityRunner.java:259)
	at io.cucumber.junit.CucumberSerenityRunner.runChild(CucumberSerenityRunner.java:59)
	at org.junit.runners.ParentRunner$4.run(ParentRunner.java:331)
	at org.junit.runners.ParentRunner$1.schedule(ParentRunner.java:79)
	at org.junit.runners.ParentRunner.runChildren(ParentRunner.java:329)
	at org.junit.runners.ParentRunner.access$100(ParentRunner.java:66)
	at org.junit.runners.ParentRunner$2.evaluate(ParentRunner.java:293)
	at io.cucumber.junit.CucumberSerenityRunner$RunCucumber.evaluate(CucumberSerenityRunner.java:288)
	at org.junit.runners.ParentRunner$3.evaluate(ParentRunner.java:306)
	at org.junit.runners.ParentRunner.run(ParentRunner.java:413)
	at org.apache.maven.surefire.junit4.JUnit4Provider.execute(JUnit4Provider.java:365)
	at org.apache.maven.surefire.junit4.JUnit4Provider.executeWithRerun(JUnit4Provider.java:273)
	at org.apache.maven.surefire.junit4.JUnit4Provider.executeTestSet(JUnit4Provider.java:238)
	at org.apache.maven.surefire.junit4.JUnit4Provider.invoke(JUnit4Provider.java:159)
	at org.apache.maven.surefire.booter.ForkedBooter.invokeProviderInSameClassLoader(ForkedBooter.java:384)
	at org.apache.maven.surefire.booter.ForkedBooter.runSuitesInProcess(ForkedBooter.java:345)
	at org.apache.maven.surefire.booter.ForkedBooter.execute(ForkedBooter.java:126)
	at org.apache.maven.surefire.booter.ForkedBooter.main(ForkedBooter.java:418)
&amp#27;[0m
  &amp#27;[36mThen &amp#27;[0m&amp#27;[36mI received status code 400 Bad Request in request login user&amp#27;[0m
  &amp#27;[36mAnd &amp#27;[0m&amp#27;[36mI received an error message "email or password is invalid" response&amp#27;[0m &amp#27;[90m# starter.stepdefinitions.authentication.LoginSteps.receivedErrorMessageEmailOrPasswordIsRequired()&amp#27;[0m
]]></system-out>
  </testcase>
  <testcase name="As a user I can login with a valid credentials" classname="Register User" time="0.072">
    <error message="The step &apos;I set API endpoint valid for register user&apos; and 2 other step(s) are undefined.&#10;You can implement these steps using the snippet(s) below:&#10;&#10;@Given(&quot;I set API endpoint valid for register user&quot;)&#10;public void i_set_api_endpoint_valid_for_register_user() {&#10;    // Write code here that turns the phrase above into concrete actions&#10;    throw new io.cucumber.java.PendingException();&#10;}&#10;@When(&quot;I enter a valid fullname&quot;)&#10;public void i_enter_a_valid_fullname() {&#10;    // Write code here that turns the phrase above into concrete actions&#10;    throw new io.cucumber.java.PendingException();&#10;}&#10;@When(&quot;I send request to login user {string} and {string} and {string}&quot;)&#10;public void i_send_request_to_login_user_and_and(String string, String string2, String string3) {&#10;    // Write code here that turns the phrase above into concrete actions&#10;    throw new io.cucumber.java.PendingException();&#10;}&#10;" type="io.cucumber.junit.UndefinedStepException">io.cucumber.junit.UndefinedStepException: 
The step 'I set API endpoint valid for register user' and 2 other step(s) are undefined.
You can implement these steps using the snippet(s) below:

@Given("I set API endpoint valid for register user")
public void i_set_api_endpoint_valid_for_register_user() {
    // Write code here that turns the phrase above into concrete actions
    throw new io.cucumber.java.PendingException();
}
@When("I enter a valid fullname")
public void i_enter_a_valid_fullname() {
    // Write code here that turns the phrase above into concrete actions
    throw new io.cucumber.java.PendingException();
}
@When("I send request to login user {string} and {string} and {string}")
public void i_send_request_to_login_user_and_and(String string, String string2, String string3) {
    // Write code here that turns the phrase above into concrete actions
    throw new io.cucumber.java.PendingException();
}

</error>
    <system-out><![CDATA[18:28:24.911 [main] ERROR  -- 
  _____   ___   ___   _____     ___   ___   ___    ___    ___ 
 |_   _| | __| / __| |_   _|   | __| | _ \ | _ \  / _ \  | _ \
   | |   | _|  \__ \   | |     | _|  |   / |   / | (_) | |   /
   |_|   |___| |___/   |_|     |___| |_|_\ |_|_\  \___/  |_|_\

As a user I can't login with an invalid password
---------------------------------------------------------------
18:28:24.912 [main] DEBUG  -- RELATED ISSUES: 
18:28:24.912 [main] ERROR  --     Test failed at step: I send request to login user {string} and {string}
18:28:24.912 [main] ERROR  --     Could not initialize class net.serenitybdd.rest.utils.RestSpecificationFactory
18:28:24.918 [main] INFO io.cucumber.core.plugin.SerenityReporter -- Running feature from file:///Users/miaapriliasatya/IdeaProjects/ALTASHOP/src/test/resources/features/api/authentication/Register.feature
18:28:24.921 [main] DEBUG net.thucydides.core.steps.StepEventBus -- Test suite started for story net.thucydides.core.model.Story@69901f78
18:28:24.922 [main] INFO  -- Test Suite Started: Register User

Scenario Outline: As a user I can login with a valid credentials                               &amp#27;[90m# src/test/resources/features/api/authentication/Register.feature:19&amp#27;[0m
18:28:24.942 [main] INFO io.cucumber.core.plugin.SerenityReporter -- Running feature from file:///Users/miaapriliasatya/IdeaProjects/ALTASHOP/src/test/resources/features/api/authentication/Register.feature
18:28:24.946 [main] INFO  -- 
  _____   ___   ___   _____     ___   _____     _     ___   _____   ___   ___  
 |_   _| | __| / __| |_   _|   / __| |_   _|   /_\   | _ \ |_   _| | __| |   \ 
   | |   | _|  \__ \   | |     \__ \   | |    / _ \  |   /   | |   | _|  | |) |
   |_|   |___| |___/   |_|     |___/   |_|   /_/ \_\ |_|_\   |_|   |___| |___/ 

As a user I can login with a valid credentials(register-user;as-a-user-i-can-login-with-a-valid-credentials)
--------------------------------------------------------------------------------
  &amp#27;[33mGiven &amp#27;[0m&amp#27;[33mI set API endpoint valid for register user&amp#27;[0m
  &amp#27;[36mWhen &amp#27;[0m&amp#27;[36mI enter a valid email&amp#27;[0m                                                                   &amp#27;[90m# starter.stepdefinitions.authentication.LoginSteps.enterValidEmail()&amp#27;[0m
  &amp#27;[36mAnd &amp#27;[0m&amp#27;[36mI enter a valid password&amp#27;[0m                                                                 &amp#27;[90m# starter.stepdefinitions.authentication.LoginSteps.enterValidPassword()&amp#27;[0m
  &amp#27;[36mAnd &amp#27;[0m&amp#27;[36mI enter a valid fullname&amp#27;[0m
  &amp#27;[36mAnd &amp#27;[0m&amp#27;[36mI send request to login user "someoneme1@mail.com" and "123123" and "Firstname Lastname"&amp#27;[0m
  &amp#27;[36mThen &amp#27;[0m&amp#27;[36mI received status code 200 OK login user&amp#27;[0m                                                &amp#27;[90m# starter.stepdefinitions.authentication.LoginSteps.receivedStatusCode200OKLoginUser()&amp#27;[0m
  &amp#27;[36mAnd &amp#27;[0m&amp#27;[36mI received token login user data response&amp#27;[0m                                                &amp#27;[90m# starter.stepdefinitions.authentication.LoginSteps.receivedTokenLoginUserDataResponse()&amp#27;[0m
]]></system-out>
  </testcase>
  <testcase name="As a user I can&apos;t login without path" classname="Register User" time="0.03">
    <error message="The step &apos;I set API endpoint valid for register user&apos; and 1 other step(s) are undefined.&#10;You can implement these steps using the snippet(s) below:&#10;&#10;@Given(&quot;I set API endpoint valid for register user&quot;)&#10;public void i_set_api_endpoint_valid_for_register_user() {&#10;    // Write code here that turns the phrase above into concrete actions&#10;    throw new io.cucumber.java.PendingException();&#10;}&#10;@Then(&quot;I received error message {string} format HTML response&quot;)&#10;public void i_received_error_message_format_html_response(String string) {&#10;    // Write code here that turns the phrase above into concrete actions&#10;    throw new io.cucumber.java.PendingException();&#10;}&#10;" type="io.cucumber.junit.UndefinedStepException">io.cucumber.junit.UndefinedStepException: 
The step 'I set API endpoint valid for register user' and 1 other step(s) are undefined.
You can implement these steps using the snippet(s) below:

@Given("I set API endpoint valid for register user")
public void i_set_api_endpoint_valid_for_register_user() {
    // Write code here that turns the phrase above into concrete actions
    throw new io.cucumber.java.PendingException();
}
@Then("I received error message {string} format HTML response")
public void i_received_error_message_format_html_response(String string) {
    // Write code here that turns the phrase above into concrete actions
    throw new io.cucumber.java.PendingException();
}

</error>
    <system-out><![CDATA[18:28:24.997 [main] INFO  -- 
  _____   ___   ___   _____     ___   ___   _  _   ___    ___   _  _    ___ 
 |_   _| | __| / __| |_   _|   | _ \ | __| | \| | |   \  |_ _| | \| |  / __|
   | |   | _|  \__ \   | |     |  _/ | _|  | .` | | |) |  | |  | .` | | (_ |
   |_|   |___| |___/   |_|     |_|   |___| |_|\_| |___/  |___| |_|\_|  \___|

As a user I can login with a valid credentials
-----------------------------------------------------------------------------

Scenario: As a user I can't login without path                       &amp#27;[90m# src/test/resources/features/api/authentication/Register.feature:22&amp#27;[0m
18:28:25.007 [main] INFO io.cucumber.core.plugin.SerenityReporter -- Running feature from file:///Users/miaapriliasatya/IdeaProjects/ALTASHOP/src/test/resources/features/api/authentication/Register.feature
18:28:25.009 [main] INFO  -- 
  _____   ___   ___   _____     ___   _____     _     ___   _____   ___   ___  
 |_   _| | __| / __| |_   _|   / __| |_   _|   /_\   | _ \ |_   _| | __| |   \ 
   | |   | _|  \__ \   | |     \__ \   | |    / _ \  |   /   | |   | _|  | |) |
   |_|   |___| |___/   |_|     |___/   |_|   /_/ \_\ |_|_\   |_|   |___| |___/ 

As a user I can't login without path(register-user;as-a-user-i-can-t-login-without-path)
--------------------------------------------------------------------------------
  &amp#27;[33mGiven &amp#27;[0m&amp#27;[33mI set API endpoint valid for register user&amp#27;[0m
  &amp#27;[36mGiven &amp#27;[0m&amp#27;[36mI set API endpoint invalid for login user without the path&amp#27;[0m   &amp#27;[90m# starter.stepdefinitions.authentication.LoginSteps.setAPIEndpointInvalidLoginUser()&amp#27;[0m
  &amp#27;[36mWhen &amp#27;[0m&amp#27;[36mI send request to login user no path&amp#27;[0m                          &amp#27;[90m# starter.stepdefinitions.authentication.LoginSteps.sendRequestLoginUserNoPath()&amp#27;[0m
  &amp#27;[36mThen &amp#27;[0m&amp#27;[36mI received status code 404 Not Found in request to login user&amp#27;[0m &amp#27;[90m# starter.stepdefinitions.authentication.LoginSteps.receivedStatusCode404NotFoundInRequestLoginUser()&amp#27;[0m
  &amp#27;[36mAnd &amp#27;[0m&amp#27;[36mI received error message "Cannot POST" format HTML response&amp#27;[0m
]]></system-out>
  </testcase>
  <testcase name="As a user I can&apos;t login if I don&apos;t fill in the login request" classname="Register User" time="0.036">
    <error message="The step &apos;I set API endpoint valid for register user&apos; and 3 other step(s) are undefined.&#10;You can implement these steps using the snippet(s) below:&#10;&#10;@Given(&quot;I set API endpoint valid for register user&quot;)&#10;public void i_set_api_endpoint_valid_for_register_user() {&#10;    // Write code here that turns the phrase above into concrete actions&#10;    throw new io.cucumber.java.PendingException();&#10;}&#10;@When(&quot;I am not to fill in the login request&quot;)&#10;public void i_am_not_to_fill_in_the_login_request() {&#10;    // Write code here that turns the phrase above into concrete actions&#10;    throw new io.cucumber.java.PendingException();&#10;}&#10;@When(&quot;I sent a request to the login user to fill in the username &amp; password&quot;)&#10;public void i_sent_a_request_to_the_login_user_to_fill_in_the_username_password() {&#10;    // Write code here that turns the phrase above into concrete actions&#10;    throw new io.cucumber.java.PendingException();&#10;}&#10;@Then(&quot;I received error message {string} response&quot;)&#10;public void i_received_error_message_response(String string) {&#10;    // Write code here that turns the phrase above into concrete actions&#10;    throw new io.cucumber.java.PendingException();&#10;}&#10;" type="io.cucumber.junit.UndefinedStepException"><![CDATA[io.cucumber.junit.UndefinedStepException: 
The step 'I set API endpoint valid for register user' and 3 other step(s) are undefined.
You can implement these steps using the snippet(s) below:

@Given("I set API endpoint valid for register user")
public void i_set_api_endpoint_valid_for_register_user() {
    // Write code here that turns the phrase above into concrete actions
    throw new io.cucumber.java.PendingException();
}
@When("I am not to fill in the login request")
public void i_am_not_to_fill_in_the_login_request() {
    // Write code here that turns the phrase above into concrete actions
    throw new io.cucumber.java.PendingException();
}
@When("I sent a request to the login user to fill in the username & password")
public void i_sent_a_request_to_the_login_user_to_fill_in_the_username_password() {
    // Write code here that turns the phrase above into concrete actions
    throw new io.cucumber.java.PendingException();
}
@Then("I received error message {string} response")
public void i_received_error_message_response(String string) {
    // Write code here that turns the phrase above into concrete actions
    throw new io.cucumber.java.PendingException();
}

]]></error>
    <system-out><![CDATA[18:28:25.030 [main] INFO  -- 
  _____   ___   ___   _____     ___   ___   _  _   ___    ___   _  _    ___ 
 |_   _| | __| / __| |_   _|   | _ \ | __| | \| | |   \  |_ _| | \| |  / __|
   | |   | _|  \__ \   | |     |  _/ | _|  | .` | | |) |  | |  | .` | | (_ |
   |_|   |___| |___/   |_|     |_|   |___| |_|\_| |___/  |___| |_|\_|  \___|

As a user I can't login without path
-----------------------------------------------------------------------------

Scenario: As a user I can't login if I don't fill in the login request                          &amp#27;[90m# src/test/resources/features/api/authentication/Register.feature:28&amp#27;[0m
18:28:25.042 [main] INFO io.cucumber.core.plugin.SerenityReporter -- Running feature from file:///Users/miaapriliasatya/IdeaProjects/ALTASHOP/src/test/resources/features/api/authentication/Register.feature
18:28:25.043 [main] INFO  -- 
  _____   ___   ___   _____     ___   _____     _     ___   _____   ___   ___  
 |_   _| | __| / __| |_   _|   / __| |_   _|   /_\   | _ \ |_   _| | __| |   \ 
   | |   | _|  \__ \   | |     \__ \   | |    / _ \  |   /   | |   | _|  | |) |
   |_|   |___| |___/   |_|     |___/   |_|   /_/ \_\ |_|_\   |_|   |___| |___/ 

As a user I can't login if I don't fill in the login request(register-user;as-a-user-i-can-t-login-if-i-don-t-fill-in-the-login-request)
--------------------------------------------------------------------------------
  &amp#27;[33mGiven &amp#27;[0m&amp#27;[33mI set API endpoint valid for register user&amp#27;[0m
  &amp#27;[36mWhen &amp#27;[0m&amp#27;[36mI am not to fill in the login request&amp#27;[0m
  &amp#27;[36mAnd &amp#27;[0m&amp#27;[36mI sent a request to the login user to fill in the username & password&amp#27;[0m
  &amp#27;[36mThen &amp#27;[0m&amp#27;[36mI received status code 400 Bad Request in request to login user&amp#27;[0m                          &amp#27;[90m# starter.stepdefinitions.authentication.LoginSteps.receivedStatusCode400BadRequestInRequestLoginUser()&amp#27;[0m
  &amp#27;[36mAnd &amp#27;[0m&amp#27;[36mI received error message "username and password are not provided in JSON format" response&amp#27;[0m
]]></system-out>
  </testcase>
  <testcase name="As a user I can&apos;t login with an invalid username" classname="Register User" time="0.037">
    <error message="The step &apos;I set API endpoint valid for register user&apos; and 5 other step(s) are undefined.&#10;You can implement these steps using the snippet(s) below:&#10;&#10;@Given(&quot;I set API endpoint valid for register user&quot;)&#10;public void i_set_api_endpoint_valid_for_register_user() {&#10;    // Write code here that turns the phrase above into concrete actions&#10;    throw new io.cucumber.java.PendingException();&#10;}&#10;@When(&quot;I fill in an invalid username&quot;)&#10;public void i_fill_in_an_invalid_username() {&#10;    // Write code here that turns the phrase above into concrete actions&#10;    throw new io.cucumber.java.PendingException();&#10;}&#10;@When(&quot;I filled in a valid password&quot;)&#10;public void i_filled_in_a_valid_password() {&#10;    // Write code here that turns the phrase above into concrete actions&#10;    throw new io.cucumber.java.PendingException();&#10;}&#10;@When(&quot;I sent a request the login user&quot;)&#10;public void i_sent_a_request_the_login_user() {&#10;    // Write code here that turns the phrase above into concrete actions&#10;    throw new io.cucumber.java.PendingException();&#10;}&#10;@Then(&quot;I received status code {int} Unauthorized in request login user&quot;)&#10;public void i_received_status_code_unauthorized_in_request_login_user(Integer int1) {&#10;    // Write code here that turns the phrase above into concrete actions&#10;    throw new io.cucumber.java.PendingException();&#10;}&#10;@Then(&quot;I received an error message {string} response&quot;)&#10;public void i_received_an_error_message_response(String string) {&#10;    // Write code here that turns the phrase above into concrete actions&#10;    throw new io.cucumber.java.PendingException();&#10;}&#10;" type="io.cucumber.junit.UndefinedStepException">io.cucumber.junit.UndefinedStepException: 
The step 'I set API endpoint valid for register user' and 5 other step(s) are undefined.
You can implement these steps using the snippet(s) below:

@Given("I set API endpoint valid for register user")
public void i_set_api_endpoint_valid_for_register_user() {
    // Write code here that turns the phrase above into concrete actions
    throw new io.cucumber.java.PendingException();
}
@When("I fill in an invalid username")
public void i_fill_in_an_invalid_username() {
    // Write code here that turns the phrase above into concrete actions
    throw new io.cucumber.java.PendingException();
}
@When("I filled in a valid password")
public void i_filled_in_a_valid_password() {
    // Write code here that turns the phrase above into concrete actions
    throw new io.cucumber.java.PendingException();
}
@When("I sent a request the login user")
public void i_sent_a_request_the_login_user() {
    // Write code here that turns the phrase above into concrete actions
    throw new io.cucumber.java.PendingException();
}
@Then("I received status code {int} Unauthorized in request login user")
public void i_received_status_code_unauthorized_in_request_login_user(Integer int1) {
    // Write code here that turns the phrase above into concrete actions
    throw new io.cucumber.java.PendingException();
}
@Then("I received an error message {string} response")
public void i_received_an_error_message_response(String string) {
    // Write code here that turns the phrase above into concrete actions
    throw new io.cucumber.java.PendingException();
}

</error>
    <system-out><![CDATA[18:28:25.068 [main] INFO  -- 
  _____   ___   ___   _____     ___   ___   _  _   ___    ___   _  _    ___ 
 |_   _| | __| / __| |_   _|   | _ \ | __| | \| | |   \  |_ _| | \| |  / __|
   | |   | _|  \__ \   | |     |  _/ | _|  | .` | | |) |  | |  | .` | | (_ |
   |_|   |___| |___/   |_|     |_|   |___| |_|\_| |___/  |___| |_|\_|  \___|

As a user I can't login if I don't fill in the login request
-----------------------------------------------------------------------------

Scenario: As a user I can't login with an invalid username                     &amp#27;[90m# src/test/resources/features/api/authentication/Register.feature:34&amp#27;[0m
18:28:25.079 [main] INFO io.cucumber.core.plugin.SerenityReporter -- Running feature from file:///Users/miaapriliasatya/IdeaProjects/ALTASHOP/src/test/resources/features/api/authentication/Register.feature
18:28:25.082 [main] INFO  -- 
  _____   ___   ___   _____     ___   _____     _     ___   _____   ___   ___  
 |_   _| | __| / __| |_   _|   / __| |_   _|   /_\   | _ \ |_   _| | __| |   \ 
   | |   | _|  \__ \   | |     \__ \   | |    / _ \  |   /   | |   | _|  | |) |
   |_|   |___| |___/   |_|     |___/   |_|   /_/ \_\ |_|_\   |_|   |___| |___/ 

As a user I can't login with an invalid username(register-user;as-a-user-i-can-t-login-with-an-invalid-username)
--------------------------------------------------------------------------------
  &amp#27;[33mGiven &amp#27;[0m&amp#27;[33mI set API endpoint valid for register user&amp#27;[0m
  &amp#27;[36mWhen &amp#27;[0m&amp#27;[36mI fill in an invalid username&amp#27;[0m
  &amp#27;[36mAnd &amp#27;[0m&amp#27;[36mI filled in a valid password&amp#27;[0m
  &amp#27;[36mAnd &amp#27;[0m&amp#27;[36mI sent a request the login user&amp#27;[0m
  &amp#27;[36mThen &amp#27;[0m&amp#27;[36mI received status code 401 Unauthorized in request login user&amp#27;[0m
  &amp#27;[36mAnd &amp#27;[0m&amp#27;[36mI received an error message "username or password is incorrect" response&amp#27;[0m
]]></system-out>
  </testcase>
  <testcase name="As a user I can&apos;t login with an invalid password" classname="Register User" time="0.044">
    <error message="The step &apos;I set API endpoint valid for register user&apos; and 5 other step(s) are undefined.&#10;You can implement these steps using the snippet(s) below:&#10;&#10;@Given(&quot;I set API endpoint valid for register user&quot;)&#10;public void i_set_api_endpoint_valid_for_register_user() {&#10;    // Write code here that turns the phrase above into concrete actions&#10;    throw new io.cucumber.java.PendingException();&#10;}&#10;@When(&quot;I filled in a valid username&quot;)&#10;public void i_filled_in_a_valid_username() {&#10;    // Write code here that turns the phrase above into concrete actions&#10;    throw new io.cucumber.java.PendingException();&#10;}&#10;@When(&quot;I filled in an invalid password&quot;)&#10;public void i_filled_in_an_invalid_password() {&#10;    // Write code here that turns the phrase above into concrete actions&#10;    throw new io.cucumber.java.PendingException();&#10;}&#10;@When(&quot;I sent a request the login user&quot;)&#10;public void i_sent_a_request_the_login_user() {&#10;    // Write code here that turns the phrase above into concrete actions&#10;    throw new io.cucumber.java.PendingException();&#10;}&#10;@Then(&quot;I received status code {int} Unauthorized in request login user&quot;)&#10;public void i_received_status_code_unauthorized_in_request_login_user(Integer int1) {&#10;    // Write code here that turns the phrase above into concrete actions&#10;    throw new io.cucumber.java.PendingException();&#10;}&#10;@Then(&quot;I received an error message {string} response&quot;)&#10;public void i_received_an_error_message_response(String string) {&#10;    // Write code here that turns the phrase above into concrete actions&#10;    throw new io.cucumber.java.PendingException();&#10;}&#10;" type="io.cucumber.junit.UndefinedStepException">io.cucumber.junit.UndefinedStepException: 
The step 'I set API endpoint valid for register user' and 5 other step(s) are undefined.
You can implement these steps using the snippet(s) below:

@Given("I set API endpoint valid for register user")
public void i_set_api_endpoint_valid_for_register_user() {
    // Write code here that turns the phrase above into concrete actions
    throw new io.cucumber.java.PendingException();
}
@When("I filled in a valid username")
public void i_filled_in_a_valid_username() {
    // Write code here that turns the phrase above into concrete actions
    throw new io.cucumber.java.PendingException();
}
@When("I filled in an invalid password")
public void i_filled_in_an_invalid_password() {
    // Write code here that turns the phrase above into concrete actions
    throw new io.cucumber.java.PendingException();
}
@When("I sent a request the login user")
public void i_sent_a_request_the_login_user() {
    // Write code here that turns the phrase above into concrete actions
    throw new io.cucumber.java.PendingException();
}
@Then("I received status code {int} Unauthorized in request login user")
public void i_received_status_code_unauthorized_in_request_login_user(Integer int1) {
    // Write code here that turns the phrase above into concrete actions
    throw new io.cucumber.java.PendingException();
}
@Then("I received an error message {string} response")
public void i_received_an_error_message_response(String string) {
    // Write code here that turns the phrase above into concrete actions
    throw new io.cucumber.java.PendingException();
}

</error>
    <system-out><![CDATA[18:28:25.104 [main] INFO  -- 
  _____   ___   ___   _____     ___   ___   _  _   ___    ___   _  _    ___ 
 |_   _| | __| / __| |_   _|   | _ \ | __| | \| | |   \  |_ _| | \| |  / __|
   | |   | _|  \__ \   | |     |  _/ | _|  | .` | | |) |  | |  | .` | | (_ |
   |_|   |___| |___/   |_|     |_|   |___| |_|\_| |___/  |___| |_|\_|  \___|

As a user I can't login with an invalid username
-----------------------------------------------------------------------------

Scenario: As a user I can't login with an invalid password                     &amp#27;[90m# src/test/resources/features/api/authentication/Register.feature:41&amp#27;[0m
18:28:25.118 [main] INFO io.cucumber.core.plugin.SerenityReporter -- Running feature from file:///Users/miaapriliasatya/IdeaProjects/ALTASHOP/src/test/resources/features/api/authentication/Register.feature
18:28:25.122 [main] INFO  -- 
  _____   ___   ___   _____     ___   _____     _     ___   _____   ___   ___  
 |_   _| | __| / __| |_   _|   / __| |_   _|   /_\   | _ \ |_   _| | __| |   \ 
   | |   | _|  \__ \   | |     \__ \   | |    / _ \  |   /   | |   | _|  | |) |
   |_|   |___| |___/   |_|     |___/   |_|   /_/ \_\ |_|_\   |_|   |___| |___/ 

As a user I can't login with an invalid password(register-user;as-a-user-i-can-t-login-with-an-invalid-password)
--------------------------------------------------------------------------------
  &amp#27;[33mGiven &amp#27;[0m&amp#27;[33mI set API endpoint valid for register user&amp#27;[0m
  &amp#27;[36mWhen &amp#27;[0m&amp#27;[36mI filled in a valid username&amp#27;[0m
  &amp#27;[36mAnd &amp#27;[0m&amp#27;[36mI filled in an invalid password&amp#27;[0m
  &amp#27;[36mAnd &amp#27;[0m&amp#27;[36mI sent a request the login user&amp#27;[0m
  &amp#27;[36mThen &amp#27;[0m&amp#27;[36mI received status code 401 Unauthorized in request login user&amp#27;[0m
  &amp#27;[36mAnd &amp#27;[0m&amp#27;[36mI received an error message "username or password is incorrect" response&amp#27;[0m
]]></system-out>
  </testcase>
  <testcase name="As a user I can get all product with valid path" classname="Get All Products" time="0.089">
    <error message="Could not initialize class net.serenitybdd.rest.utils.RestSpecificationFactory" type="net.serenitybdd.core.exceptions.SerenityManagedException">net.serenitybdd.core.exceptions.SerenityManagedException: Could not initialize class net.serenitybdd.rest.utils.RestSpecificationFactory
Caused by: java.lang.ExceptionInInitializerError: Exception java.lang.UnsupportedOperationException: Cannot define class using reflection: Unable to make protected java.lang.Package java.lang.ClassLoader.getPackage(java.lang.String) accessible: module java.base does not "opens java.lang" to unnamed module @603ee946 [in thread "main"]
</error>
    <system-out><![CDATA[18:28:25.149 [main] INFO  -- 
  _____   ___   ___   _____     ___   ___   _  _   ___    ___   _  _    ___ 
 |_   _| | __| / __| |_   _|   | _ \ | __| | \| | |   \  |_ _| | \| |  / __|
   | |   | _|  \__ \   | |     |  _/ | _|  | .` | | |) |  | |  | .` | | (_ |
   |_|   |___| |___/   |_|     |_|   |___| |_|\_| |___/  |___| |_|\_|  \___|

As a user I can't login with an invalid password
-----------------------------------------------------------------------------
18:28:25.150 [main] INFO io.cucumber.core.plugin.SerenityReporter -- Running feature from file:///Users/miaapriliasatya/IdeaProjects/ALTASHOP/src/test/resources/features/api/products/GetAllProducts.feature
18:28:25.153 [main] DEBUG net.thucydides.core.steps.StepEventBus -- Test suite started for story net.thucydides.core.model.Story@3f653de6
18:28:25.153 [main] INFO  -- Test Suite Started: Get All Products

Scenario: As a user I can get all product with valid path &amp#27;[90m# src/test/resources/features/api/products/GetAllProducts.feature:7&amp#27;[0m
18:28:25.159 [main] INFO io.cucumber.core.plugin.SerenityReporter -- Running feature from file:///Users/miaapriliasatya/IdeaProjects/ALTASHOP/src/test/resources/features/api/products/GetAllProducts.feature
18:28:25.164 [main] INFO  -- 
  _____   ___   ___   _____     ___   _____     _     ___   _____   ___   ___  
 |_   _| | __| / __| |_   _|   / __| |_   _|   /_\   | _ \ |_   _| | __| |   \ 
   | |   | _|  \__ \   | |     \__ \   | |    / _ \  |   /   | |   | _|  | |) |
   |_|   |___| |___/   |_|     |___/   |_|   /_/ \_\ |_|_\   |_|   |___| |___/ 

As a user I can get all product with valid path(get-all-products;as-a-user-i-can-get-all-product-with-valid-path)
--------------------------------------------------------------------------------
18:28:25.208 [main] DEBUG net.thucydides.core.steps.StepInterceptor -- STARTING STEP: GetAllProductsSteps.setAPIEndpointValidGetAllProduct - I set API endpoint valid for get all product
18:28:25.208 [main] DEBUG net.thucydides.core.steps.StepInterceptor -- STEP DONE: I set API endpoint valid for get all product
  &amp#27;[32mGiven &amp#27;[0m&amp#27;[32mI set API endpoint valid for get all product&amp#27;[0m      &amp#27;[90m# starter.stepdefinitions.products.GetAllProductsSteps.setAPIEndpointValidGetAllProduct()&amp#27;[0m
18:28:25.212 [main] DEBUG net.thucydides.core.steps.StepInterceptor -- STARTING STEP: GetAllProductsSteps.sendRequestGetAllProduct - I send request to get all product
  &amp#27;[31mWhen &amp#27;[0m&amp#27;[31mI send request to get all product&amp#27;[0m                  &amp#27;[90m# starter.stepdefinitions.products.GetAllProductsSteps.sendRequestGetAllProduct()&amp#27;[0m
      &amp#27;[31mnet.serenitybdd.core.exceptions.SerenityManagedException: Could not initialize class net.serenitybdd.rest.utils.RestSpecificationFactory
	at net.serenitybdd.rest.utils.RestDecorationHelper.decorate(RestDecorationHelper.java:20)
	at net.serenitybdd.rest.SerenityRest.fetchRequestSpecification(SerenityRest.java:233)
	at net.serenitybdd.rest.SerenityRest.given(SerenityRest.java:220)
	at starter.user.products.GetAllProducts.sendRequestGetAllProduct(GetAllProducts.java:21)
	at starter.user.products.GetAllProducts$ByteBuddy$P8bETskV.sendRequestGetAllProduct$accessor$OjVgcpb0(Unknown Source)
	at java.base/jdk.internal.reflect.DirectMethodHandleAccessor.invoke(DirectMethodHandleAccessor.java:103)
	at java.base/java.lang.reflect.Method.invoke(Method.java:580)
	at net.thucydides.core.steps.StepInterceptor.invokeMethod(StepInterceptor.java:518)
	at net.thucydides.core.steps.StepInterceptor.executeTestStepMethod(StepInterceptor.java:498)
	at net.thucydides.core.steps.StepInterceptor.runTestStep(StepInterceptor.java:472)
	at net.thucydides.core.steps.StepInterceptor.runOrSkipMethod(StepInterceptor.java:211)
	at net.thucydides.core.steps.StepInterceptor.testStepResult(StepInterceptor.java:198)
	at net.thucydides.core.steps.StepInterceptor.intercept(StepInterceptor.java:86)
	at net.thucydides.core.steps.ProxyConfiguration$InterceptorDispatcher.intercept(ProxyConfiguration.java:51)
	at starter.user.products.GetAllProducts$ByteBuddy$P8bETskV.sendRequestGetAllProduct(Unknown Source)
	at starter.stepdefinitions.products.GetAllProductsSteps.sendRequestGetAllProduct(GetAllProductsSteps.java:21)
	at .I send request to get all product(file:///Users/miaapriliasatya/IdeaProjects/ALTASHOP/src/test/resources/features/api/products/GetAllProducts.feature:9)
Caused by: java.lang.ExceptionInInitializerError: Exception java.lang.UnsupportedOperationException: Cannot define class using reflection: Unable to make protected java.lang.Package java.lang.ClassLoader.getPackage(java.lang.String) accessible: module java.base does not "opens java.lang" to unnamed module @603ee946 [in thread "main"]
	at net.bytebuddy.dynamic.loading.ClassInjector$UsingReflection$Dispatcher$Initializable$Unavailable.defineClass(ClassInjector.java:472)
	at net.bytebuddy.dynamic.loading.ClassInjector$UsingReflection.injectRaw(ClassInjector.java:284)
	at net.bytebuddy.dynamic.loading.ClassInjector$AbstractBase.inject(ClassInjector.java:118)
	at net.bytebuddy.dynamic.loading.ClassLoadingStrategy$Default$InjectionDispatcher.load(ClassLoadingStrategy.java:241)
	at net.bytebuddy.dynamic.loading.ClassLoadingStrategy$Default.load(ClassLoadingStrategy.java:148)
	at net.bytebuddy.dynamic.TypeResolutionStrategy$Passive.initialize(TypeResolutionStrategy.java:101)
	at net.bytebuddy.dynamic.DynamicType$Default$Unloaded.load(DynamicType.java:6317)
	at net.serenitybdd.rest.utils.RestSpecificationFactory.<clinit>(RestSpecificationFactory.java:57)
	at net.serenitybdd.rest.utils.RestDecorationHelper.decorate(RestDecorationHelper.java:20)
	at net.serenitybdd.rest.SerenityRest.fetchRequestSpecification(SerenityRest.java:233)
	at net.serenitybdd.rest.SerenityRest.given(SerenityRest.java:220)
	at starter.utils.GenerateToken.generateToken(GenerateToken.java:13)
	at starter.user.authentication.Login.sendRequestValidLoginUser(Login.java:33)
	at starter.user.authentication.Login$ByteBuddy$Y1iWtJ6y.sendRequestValidLoginUser$accessor$GgP7luPR(Unknown Source)
	at java.base/jdk.internal.reflect.DirectMethodHandleAccessor.invoke(DirectMethodHandleAccessor.java:103)
	at java.base/java.lang.reflect.Method.invoke(Method.java:580)
	at net.thucydides.core.steps.StepInterceptor.invokeMethod(StepInterceptor.java:518)
	at net.thucydides.core.steps.StepInterceptor.executeTestStepMethod(StepInterceptor.java:498)
	at net.thucydides.core.steps.StepInterceptor.runTestStep(StepInterceptor.java:472)
	at net.thucydides.core.steps.StepInterceptor.runOrSkipMethod(StepInterceptor.java:211)
	at net.thucydides.core.steps.StepInterceptor.testStepResult(StepInterceptor.java:198)
	at net.thucydides.core.steps.StepInterceptor.intercept(StepInterceptor.java:86)
	at net.thucydides.core.steps.ProxyConfiguration$InterceptorDispatcher.intercept(ProxyConfiguration.java:51)
	at starter.user.authentication.Login$ByteBuddy$Y1iWtJ6y.sendRequestValidLoginUser(Unknown Source)
	at starter.stepdefinitions.authentication.LoginSteps.sendRequestValidLoginUser(LoginSteps.java:31)
	at java.base/jdk.internal.reflect.DirectMethodHandleAccessor.invoke(DirectMethodHandleAccessor.java:103)
	at java.base/java.lang.reflect.Method.invoke(Method.java:580)
	at io.cucumber.java.Invoker.doInvoke(Invoker.java:66)
	at io.cucumber.java.Invoker.invoke(Invoker.java:24)
	at io.cucumber.java.AbstractGlueDefinition.invokeMethod(AbstractGlueDefinition.java:47)
	at io.cucumber.java.JavaStepDefinition.execute(JavaStepDefinition.java:29)
	at io.cucumber.core.runner.CoreStepDefinition.execute(CoreStepDefinition.java:66)
	at io.cucumber.core.runner.PickleStepDefinitionMatch.runStep(PickleStepDefinitionMatch.java:63)
	at io.cucumber.core.runner.ExecutionMode$1.execute(ExecutionMode.java:10)
	at io.cucumber.core.runner.TestStep.executeStep(TestStep.java:84)
	at io.cucumber.core.runner.TestStep.run(TestStep.java:56)
	at io.cucumber.core.runner.PickleStepTestStep.run(PickleStepTestStep.java:51)
	at io.cucumber.core.runner.TestCase.run(TestCase.java:84)
	at io.cucumber.core.runner.Runner.runPickle(Runner.java:75)
	at io.cucumber.junit.PickleRunners$NoStepDescriptions.lambda$run$0(PickleRunners.java:151)
	at io.cucumber.core.runtime.CucumberExecutionContext.lambda$runTestCase$5(CucumberExecutionContext.java:130)
	at io.cucumber.core.runtime.RethrowingThrowableCollector.executeAndThrow(RethrowingThrowableCollector.java:23)
	at io.cucumber.core.runtime.CucumberExecutionContext.runTestCase(CucumberExecutionContext.java:130)
	at io.cucumber.junit.PickleRunners$NoStepDescriptions.run(PickleRunners.java:148)
	at io.cucumber.junit.FeatureRunner.runChild(FeatureRunner.java:144)
	at io.cucumber.junit.FeatureRunner.runChild(FeatureRunner.java:28)
	at org.junit.runners.ParentRunner$4.run(ParentRunner.java:331)
	at org.junit.runners.ParentRunner$1.schedule(ParentRunner.java:79)
	at org.junit.runners.ParentRunner.runChildren(ParentRunner.java:329)
	at org.junit.runners.ParentRunner.access$100(ParentRunner.java:66)
	at org.junit.runners.ParentRunner$2.evaluate(ParentRunner.java:293)
	at org.junit.runners.ParentRunner$3.evaluate(ParentRunner.java:306)
	at org.junit.runners.ParentRunner.run(ParentRunner.java:413)
	at io.cucumber.junit.FeatureRunner.run(FeatureRunner.java:137)
	at io.cucumber.junit.CucumberSerenityRunner.runChild(CucumberSerenityRunner.java:259)
	at io.cucumber.junit.CucumberSerenityRunner.runChild(CucumberSerenityRunner.java:59)
	at org.junit.runners.ParentRunner$4.run(ParentRunner.java:331)
	at org.junit.runners.ParentRunner$1.schedule(ParentRunner.java:79)
	at org.junit.runners.ParentRunner.runChildren(ParentRunner.java:329)
	at org.junit.runners.ParentRunner.access$100(ParentRunner.java:66)
	at org.junit.runners.ParentRunner$2.evaluate(ParentRunner.java:293)
	at io.cucumber.junit.CucumberSerenityRunner$RunCucumber.evaluate(CucumberSerenityRunner.java:288)
	at org.junit.runners.ParentRunner$3.evaluate(ParentRunner.java:306)
	at org.junit.runners.ParentRunner.run(ParentRunner.java:413)
	at org.apache.maven.surefire.junit4.JUnit4Provider.execute(JUnit4Provider.java:365)
	at org.apache.maven.surefire.junit4.JUnit4Provider.executeWithRerun(JUnit4Provider.java:273)
	at org.apache.maven.surefire.junit4.JUnit4Provider.executeTestSet(JUnit4Provider.java:238)
	at org.apache.maven.surefire.junit4.JUnit4Provider.invoke(JUnit4Provider.java:159)
	at org.apache.maven.surefire.booter.ForkedBooter.invokeProviderInSameClassLoader(ForkedBooter.java:384)
	at org.apache.maven.surefire.booter.ForkedBooter.runSuitesInProcess(ForkedBooter.java:345)
	at org.apache.maven.surefire.booter.ForkedBooter.execute(ForkedBooter.java:126)
	at org.apache.maven.surefire.booter.ForkedBooter.main(ForkedBooter.java:418)
&amp#27;[0m
  &amp#27;[36mThen &amp#27;[0m&amp#27;[36mI received status code 200 OK get all products&amp#27;[0m     &amp#27;[90m# starter.stepdefinitions.products.GetAllProductsSteps.receivedStatusCode200OKGetAllProduct()&amp#27;[0m
  &amp#27;[36mAnd &amp#27;[0m&amp#27;[36mI received list valid data for all product response&amp#27;[0m &amp#27;[90m# starter.stepdefinitions.products.GetAllProductsSteps.receivedListValidDataAllProduct()&amp#27;[0m
]]></system-out>
  </testcase>
  <testcase name="As a user I can&apos;t get all product without path" classname="Get All Products" time="0.074">
    <error message="Could not initialize class net.serenitybdd.rest.utils.RestSpecificationFactory" type="net.serenitybdd.core.exceptions.SerenityManagedException">net.serenitybdd.core.exceptions.SerenityManagedException: Could not initialize class net.serenitybdd.rest.utils.RestSpecificationFactory
Caused by: java.lang.ExceptionInInitializerError: Exception java.lang.UnsupportedOperationException: Cannot define class using reflection: Unable to make protected java.lang.Package java.lang.ClassLoader.getPackage(java.lang.String) accessible: module java.base does not "opens java.lang" to unnamed module @603ee946 [in thread "main"]
</error>
    <system-out><![CDATA[18:28:25.244 [main] ERROR  -- 
  _____   ___   ___   _____     ___   ___   ___    ___    ___ 
 |_   _| | __| / __| |_   _|   | __| | _ \ | _ \  / _ \  | _ \
   | |   | _|  \__ \   | |     | _|  |   / |   / | (_) | |   /
   |_|   |___| |___/   |_|     |___| |_|_\ |_|_\  \___/  |_|_\

As a user I can get all product with valid path
---------------------------------------------------------------
18:28:25.246 [main] DEBUG  -- RELATED ISSUES: 
18:28:25.246 [main] ERROR  --     Test failed at step: I send request to get all product
18:28:25.246 [main] ERROR  --     Could not initialize class net.serenitybdd.rest.utils.RestSpecificationFactory

Scenario: As a user I can't get all product without path                  &amp#27;[90m# src/test/resources/features/api/products/GetAllProducts.feature:14&amp#27;[0m
18:28:25.256 [main] INFO io.cucumber.core.plugin.SerenityReporter -- Running feature from file:///Users/miaapriliasatya/IdeaProjects/ALTASHOP/src/test/resources/features/api/products/GetAllProducts.feature
18:28:25.259 [main] INFO  -- 
  _____   ___   ___   _____     ___   _____     _     ___   _____   ___   ___  
 |_   _| | __| / __| |_   _|   / __| |_   _|   /_\   | _ \ |_   _| | __| |   \ 
   | |   | _|  \__ \   | |     \__ \   | |    / _ \  |   /   | |   | _|  | |) |
   |_|   |___| |___/   |_|     |___/   |_|   /_/ \_\ |_|_\   |_|   |___| |___/ 

As a user I can't get all product without path(get-all-products;as-a-user-i-can-t-get-all-product-without-path)
--------------------------------------------------------------------------------
18:28:25.272 [main] DEBUG net.thucydides.core.steps.StepInterceptor -- STARTING STEP: GetAllProductsSteps.setAPIEndpointInvalidGetAllProductWithoutPath - I set API endpoint for get all product without the path
18:28:25.272 [main] DEBUG net.thucydides.core.steps.StepInterceptor -- STEP DONE: I set API endpoint for get all product without the path
  &amp#27;[32mGiven &amp#27;[0m&amp#27;[32mI set API endpoint for get all product without the path&amp#27;[0m           &amp#27;[90m# starter.stepdefinitions.products.GetAllProductsSteps.setAPIEndpointInvalidGetAllProductWithoutPath()&amp#27;[0m
18:28:25.277 [main] DEBUG net.thucydides.core.steps.StepInterceptor -- STARTING STEP: GetAllProductsSteps.sendRequestGetAllProductNoPath - I send request to get all product no path
  &amp#27;[31mWhen &amp#27;[0m&amp#27;[31mI send request to get all product no path&amp#27;[0m                          &amp#27;[90m# starter.stepdefinitions.products.GetAllProductsSteps.sendRequestGetAllProductNoPath()&amp#27;[0m
      &amp#27;[31mnet.serenitybdd.core.exceptions.SerenityManagedException: Could not initialize class net.serenitybdd.rest.utils.RestSpecificationFactory
	at net.serenitybdd.rest.utils.RestDecorationHelper.decorate(RestDecorationHelper.java:20)
	at net.serenitybdd.rest.SerenityRest.fetchRequestSpecification(SerenityRest.java:233)
	at net.serenitybdd.rest.SerenityRest.given(SerenityRest.java:220)
	at starter.user.products.GetAllProducts.sendRequestGetAllProductNoPath(GetAllProducts.java:43)
	at starter.user.products.GetAllProducts$ByteBuddy$P8bETskV.sendRequestGetAllProductNoPath$accessor$OjVgcpb0(Unknown Source)
	at java.base/jdk.internal.reflect.DirectMethodHandleAccessor.invoke(DirectMethodHandleAccessor.java:103)
	at java.base/java.lang.reflect.Method.invoke(Method.java:580)
	at net.thucydides.core.steps.StepInterceptor.invokeMethod(StepInterceptor.java:518)
	at net.thucydides.core.steps.StepInterceptor.executeTestStepMethod(StepInterceptor.java:498)
	at net.thucydides.core.steps.StepInterceptor.runTestStep(StepInterceptor.java:472)
	at net.thucydides.core.steps.StepInterceptor.runOrSkipMethod(StepInterceptor.java:211)
	at net.thucydides.core.steps.StepInterceptor.testStepResult(StepInterceptor.java:198)
	at net.thucydides.core.steps.StepInterceptor.intercept(StepInterceptor.java:86)
	at net.thucydides.core.steps.ProxyConfiguration$InterceptorDispatcher.intercept(ProxyConfiguration.java:51)
	at starter.user.products.GetAllProducts$ByteBuddy$P8bETskV.sendRequestGetAllProductNoPath(Unknown Source)
	at starter.stepdefinitions.products.GetAllProductsSteps.sendRequestGetAllProductNoPath(GetAllProductsSteps.java:38)
	at .I send request to get all product no path(file:///Users/miaapriliasatya/IdeaProjects/ALTASHOP/src/test/resources/features/api/products/GetAllProducts.feature:16)
Caused by: java.lang.ExceptionInInitializerError: Exception java.lang.UnsupportedOperationException: Cannot define class using reflection: Unable to make protected java.lang.Package java.lang.ClassLoader.getPackage(java.lang.String) accessible: module java.base does not "opens java.lang" to unnamed module @603ee946 [in thread "main"]
	at net.bytebuddy.dynamic.loading.ClassInjector$UsingReflection$Dispatcher$Initializable$Unavailable.defineClass(ClassInjector.java:472)
	at net.bytebuddy.dynamic.loading.ClassInjector$UsingReflection.injectRaw(ClassInjector.java:284)
	at net.bytebuddy.dynamic.loading.ClassInjector$AbstractBase.inject(ClassInjector.java:118)
	at net.bytebuddy.dynamic.loading.ClassLoadingStrategy$Default$InjectionDispatcher.load(ClassLoadingStrategy.java:241)
	at net.bytebuddy.dynamic.loading.ClassLoadingStrategy$Default.load(ClassLoadingStrategy.java:148)
	at net.bytebuddy.dynamic.TypeResolutionStrategy$Passive.initialize(TypeResolutionStrategy.java:101)
	at net.bytebuddy.dynamic.DynamicType$Default$Unloaded.load(DynamicType.java:6317)
	at net.serenitybdd.rest.utils.RestSpecificationFactory.<clinit>(RestSpecificationFactory.java:57)
	at net.serenitybdd.rest.utils.RestDecorationHelper.decorate(RestDecorationHelper.java:20)
	at net.serenitybdd.rest.SerenityRest.fetchRequestSpecification(SerenityRest.java:233)
	at net.serenitybdd.rest.SerenityRest.given(SerenityRest.java:220)
	at starter.utils.GenerateToken.generateToken(GenerateToken.java:13)
	at starter.user.authentication.Login.sendRequestValidLoginUser(Login.java:33)
	at starter.user.authentication.Login$ByteBuddy$Y1iWtJ6y.sendRequestValidLoginUser$accessor$GgP7luPR(Unknown Source)
	at java.base/jdk.internal.reflect.DirectMethodHandleAccessor.invoke(DirectMethodHandleAccessor.java:103)
	at java.base/java.lang.reflect.Method.invoke(Method.java:580)
	at net.thucydides.core.steps.StepInterceptor.invokeMethod(StepInterceptor.java:518)
	at net.thucydides.core.steps.StepInterceptor.executeTestStepMethod(StepInterceptor.java:498)
	at net.thucydides.core.steps.StepInterceptor.runTestStep(StepInterceptor.java:472)
	at net.thucydides.core.steps.StepInterceptor.runOrSkipMethod(StepInterceptor.java:211)
	at net.thucydides.core.steps.StepInterceptor.testStepResult(StepInterceptor.java:198)
	at net.thucydides.core.steps.StepInterceptor.intercept(StepInterceptor.java:86)
	at net.thucydides.core.steps.ProxyConfiguration$InterceptorDispatcher.intercept(ProxyConfiguration.java:51)
	at starter.user.authentication.Login$ByteBuddy$Y1iWtJ6y.sendRequestValidLoginUser(Unknown Source)
	at starter.stepdefinitions.authentication.LoginSteps.sendRequestValidLoginUser(LoginSteps.java:31)
	at java.base/jdk.internal.reflect.DirectMethodHandleAccessor.invoke(DirectMethodHandleAccessor.java:103)
	at java.base/java.lang.reflect.Method.invoke(Method.java:580)
	at io.cucumber.java.Invoker.doInvoke(Invoker.java:66)
	at io.cucumber.java.Invoker.invoke(Invoker.java:24)
	at io.cucumber.java.AbstractGlueDefinition.invokeMethod(AbstractGlueDefinition.java:47)
	at io.cucumber.java.JavaStepDefinition.execute(JavaStepDefinition.java:29)
	at io.cucumber.core.runner.CoreStepDefinition.execute(CoreStepDefinition.java:66)
	at io.cucumber.core.runner.PickleStepDefinitionMatch.runStep(PickleStepDefinitionMatch.java:63)
	at io.cucumber.core.runner.ExecutionMode$1.execute(ExecutionMode.java:10)
	at io.cucumber.core.runner.TestStep.executeStep(TestStep.java:84)
	at io.cucumber.core.runner.TestStep.run(TestStep.java:56)
	at io.cucumber.core.runner.PickleStepTestStep.run(PickleStepTestStep.java:51)
	at io.cucumber.core.runner.TestCase.run(TestCase.java:84)
	at io.cucumber.core.runner.Runner.runPickle(Runner.java:75)
	at io.cucumber.junit.PickleRunners$NoStepDescriptions.lambda$run$0(PickleRunners.java:151)
	at io.cucumber.core.runtime.CucumberExecutionContext.lambda$runTestCase$5(CucumberExecutionContext.java:130)
	at io.cucumber.core.runtime.RethrowingThrowableCollector.executeAndThrow(RethrowingThrowableCollector.java:23)
	at io.cucumber.core.runtime.CucumberExecutionContext.runTestCase(CucumberExecutionContext.java:130)
	at io.cucumber.junit.PickleRunners$NoStepDescriptions.run(PickleRunners.java:148)
	at io.cucumber.junit.FeatureRunner.runChild(FeatureRunner.java:144)
	at io.cucumber.junit.FeatureRunner.runChild(FeatureRunner.java:28)
	at org.junit.runners.ParentRunner$4.run(ParentRunner.java:331)
	at org.junit.runners.ParentRunner$1.schedule(ParentRunner.java:79)
	at org.junit.runners.ParentRunner.runChildren(ParentRunner.java:329)
	at org.junit.runners.ParentRunner.access$100(ParentRunner.java:66)
	at org.junit.runners.ParentRunner$2.evaluate(ParentRunner.java:293)
	at org.junit.runners.ParentRunner$3.evaluate(ParentRunner.java:306)
	at org.junit.runners.ParentRunner.run(ParentRunner.java:413)
	at io.cucumber.junit.FeatureRunner.run(FeatureRunner.java:137)
	at io.cucumber.junit.CucumberSerenityRunner.runChild(CucumberSerenityRunner.java:259)
	at io.cucumber.junit.CucumberSerenityRunner.runChild(CucumberSerenityRunner.java:59)
	at org.junit.runners.ParentRunner$4.run(ParentRunner.java:331)
	at org.junit.runners.ParentRunner$1.schedule(ParentRunner.java:79)
	at org.junit.runners.ParentRunner.runChildren(ParentRunner.java:329)
	at org.junit.runners.ParentRunner.access$100(ParentRunner.java:66)
	at org.junit.runners.ParentRunner$2.evaluate(ParentRunner.java:293)
	at io.cucumber.junit.CucumberSerenityRunner$RunCucumber.evaluate(CucumberSerenityRunner.java:288)
	at org.junit.runners.ParentRunner$3.evaluate(ParentRunner.java:306)
	at org.junit.runners.ParentRunner.run(ParentRunner.java:413)
	at org.apache.maven.surefire.junit4.JUnit4Provider.execute(JUnit4Provider.java:365)
	at org.apache.maven.surefire.junit4.JUnit4Provider.executeWithRerun(JUnit4Provider.java:273)
	at org.apache.maven.surefire.junit4.JUnit4Provider.executeTestSet(JUnit4Provider.java:238)
	at org.apache.maven.surefire.junit4.JUnit4Provider.invoke(JUnit4Provider.java:159)
	at org.apache.maven.surefire.booter.ForkedBooter.invokeProviderInSameClassLoader(ForkedBooter.java:384)
	at org.apache.maven.surefire.booter.ForkedBooter.runSuitesInProcess(ForkedBooter.java:345)
	at org.apache.maven.surefire.booter.ForkedBooter.execute(ForkedBooter.java:126)
	at org.apache.maven.surefire.booter.ForkedBooter.main(ForkedBooter.java:418)
&amp#27;[0m
  &amp#27;[36mThen &amp#27;[0m&amp#27;[36mI received status code 404 Not found in request to get all product&amp#27;[0m &amp#27;[90m# starter.stepdefinitions.products.GetAllProductsSteps.receivedStatusCode404NotFoundInRequestGetAllProduct()&amp#27;[0m
  &amp#27;[36mAnd &amp#27;[0m&amp#27;[36mI received message error "not found" response&amp#27;[0m                       &amp#27;[90m# starter.stepdefinitions.products.GetAllProductsSteps.receivedMessageErrorNotFoundResponse()&amp#27;[0m
]]></system-out>
  </testcase>
</testsuite>