<?xml version="1.0" encoding="UTF-8"?>
<testsuite xmlns:xsi="http://www.w3.org/2001/XMLSchema-instance" xsi:noNamespaceSchemaLocation="https://maven.apache.org/surefire/maven-failsafe-plugin/xsd/failsafe-test-report.xsd" name="starter.CucumberTestSuite" time="7.615" tests="14" errors="14" skipped="0" failures="0">
  <properties>
[...]
</properties>
  <testcase name="As a user I can login with a valid credentials" classname="Login User" time="2.162">
    <error type="net.serenitybdd.core.exceptions.SerenityManagedException">net.serenitybdd.core.exceptions.SerenityManagedException
Caused by: java.lang.UnsupportedOperationException: Cannot define class using reflection: Unable to make protected java.lang.Package java.lang.ClassLoader.getPackage(java.lang.String) accessible: module java.base does not "opens java.lang" to unnamed module @603ee946
</error>
    <system-out><![CDATA[18:28:21.853 [main] DEBUG net.thucydides.core.guice.Injectors -- Created injector for module net.thucydides.core.guice.ThucydidesModule
18:28:21.950 [main] INFO io.cucumber.core.plugin.SerenityReporter -- Running feature from file:///Users/miaapriliasatya/IdeaProjects/ALTASHOP/src/test/resources/features/api/authentication/Login.feature
18:28:22.078 [main] DEBUG net.thucydides.core.guice.Injectors -- Created injector for module net.thucydides.core.guice.webdriver.WebDriverModule
18:28:22.093 [main] INFO  -- 

-------------------------------------------------------------------------------------
     _______. _______ .______       _______ .__   __.  __  .___________.____    ____ 
    /       ||   ____||   _  \     |   ____||  \ |  | |  | |           |\   \  /   / 
   |   (----`|  |__   |  |_)  |    |  |__   |   \|  | |  | `---|  |----` \   \/   /  
    \   \    |   __|  |      /     |   __|  |  . `  | |  |     |  |       \_    _/   
.----)   |   |  |____ |  |\  \----.|  |____ |  |\   | |  |     |  |         |  |     
|_______/    |_______|| _| `._____||_______||__| \__| |__|     |__|         |__|    
                                                                                     
 News and tutorials at http://www.serenity-bdd.info                                  
 Documentation at https://wakaleo.gitbooks.io/the-serenity-book/content/             
 Join the Serenity Community on Gitter: https://gitter.im/serenity-bdd/serenity-core 
 Serenity BDD Support and Training at http://serenity-bdd.info/#/trainingandsupport  
-------------------------------------------------------------------------------------

18:28:22.097 [main] DEBUG net.thucydides.core.steps.StepEventBus -- Test suite started for story net.thucydides.core.model.Story@2892c00
18:28:22.100 [main] INFO  -- Test Suite Started: Login User
18:28:22.124 [main] INFO io.cucumber.core.plugin.SerenityReporter -- Running feature from file:///Users/miaapriliasatya/IdeaProjects/ALTASHOP/src/test/resources/features/api/authentication/Register.feature
18:28:22.133 [main] DEBUG net.thucydides.core.steps.StepEventBus -- Test suite started for story net.thucydides.core.model.Story@69901f78
18:28:22.133 [main] INFO  -- Test Suite Started: Register User
18:28:22.134 [main] INFO io.cucumber.core.plugin.SerenityReporter -- Running feature from file:///Users/miaapriliasatya/IdeaProjects/ALTASHOP/src/test/resources/features/api/products/GetAllProducts.feature
18:28:22.142 [main] DEBUG net.thucydides.core.steps.StepEventBus -- Test suite started for story net.thucydides.core.model.Story@3f653de6
18:28:22.142 [main] INFO  -- Test Suite Started: Get All Products
18:28:22.143 [main] INFO io.cucumber.core.plugin.SerenityReporter -- Running feature from file:///Users/miaapriliasatya/IdeaProjects/ALTASHOP/src/test/resources/features/api/authentication/Login.feature
18:28:22.149 [main] DEBUG net.thucydides.core.steps.StepEventBus -- Test suite started for story net.thucydides.core.model.Story@2892c00
18:28:22.151 [main] INFO  -- Test Suite Started: Login User

Scenario Outline: As a user I can login with a valid credentials         &amp#27;[90m# src/test/resources/features/api/authentication/Login.feature:18&amp#27;[0m
18:28:22.306 [main] INFO io.cucumber.core.plugin.SerenityReporter -- Running feature from file:///Users/miaapriliasatya/IdeaProjects/ALTASHOP/src/test/resources/features/api/authentication/Login.feature
18:28:22.491 [main] INFO  -- 
  _____   ___   ___   _____     ___   _____     _     ___   _____   ___   ___  
 |_   _| | __| / __| |_   _|   / __| |_   _|   /_\   | _ \ |_   _| | __| |   \ 
   | |   | _|  \__ \   | |     \__ \   | |    / _ \  |   /   | |   | _|  | |) |
   |_|   |___| |___/   |_|     |___/   |_|   /_/ \_\ |_|_\   |_|   |___| |___/ 

As a user I can login with a valid credentials(login-user;as-a-user-i-can-login-with-a-valid-credentials)
--------------------------------------------------------------------------------
18:28:22.549 [main] DEBUG net.thucydides.core.requirements.FileSystemRequirementsTagProvider -- Loading requirements from directory: /Users/miaapriliasatya/IdeaProjects/ALTASHOP/src/test/resources/features/api (/Users/miaapriliasatya/IdeaProjects/ALTASHOP/src/test/resources/features/api)
18:28:22.549 [main] DEBUG net.thucydides.core.requirements.FileSystemRequirementsTagProvider -- Get requirements type for: /Users/miaapriliasatya/IdeaProjects/ALTASHOP/src/test/resources/features/api (/Users/miaapriliasatya/IdeaProjects/ALTASHOP/src/test/resources/features/api)
18:28:22.557 [main] DEBUG net.thucydides.core.requirements.FileSystemRequirementsTagProvider -- Loading requirements from directory: /Users/miaapriliasatya/IdeaProjects/ALTASHOP/src/test/resources/features/api/product_categories (/Users/miaapriliasatya/IdeaProjects/ALTASHOP/src/test/resources/features/api/product_categories)
18:28:22.557 [main] DEBUG net.thucydides.core.requirements.FileSystemRequirementsTagProvider -- Get requirements type for: /Users/miaapriliasatya/IdeaProjects/ALTASHOP/src/test/resources/features/api/product_categories (/Users/miaapriliasatya/IdeaProjects/ALTASHOP/src/test/resources/features/api/product_categories)
18:28:22.591 [main] DEBUG net.thucydides.core.requirements.FileSystemRequirementsTagProvider -- Loading requirements from directory: /Users/miaapriliasatya/IdeaProjects/ALTASHOP/src/test/resources/features/api/products (/Users/miaapriliasatya/IdeaProjects/ALTASHOP/src/test/resources/features/api/products)
18:28:22.591 [main] DEBUG net.thucydides.core.requirements.FileSystemRequirementsTagProvider -- Get requirements type for: /Users/miaapriliasatya/IdeaProjects/ALTASHOP/src/test/resources/features/api/products (/Users/miaapriliasatya/IdeaProjects/ALTASHOP/src/test/resources/features/api/products)
18:28:22.629 [main] DEBUG net.thucydides.core.requirements.FileSystemRequirementsTagProvider -- Loading requirements from directory: /Users/miaapriliasatya/IdeaProjects/ALTASHOP/src/test/resources/features/api/hello (/Users/miaapriliasatya/IdeaProjects/ALTASHOP/src/test/resources/features/api/hello)
18:28:22.630 [main] DEBUG net.thucydides.core.requirements.FileSystemRequirementsTagProvider -- Get requirements type for: /Users/miaapriliasatya/IdeaProjects/ALTASHOP/src/test/resources/features/api/hello (/Users/miaapriliasatya/IdeaProjects/ALTASHOP/src/test/resources/features/api/hello)
18:28:22.637 [main] DEBUG net.thucydides.core.requirements.FileSystemRequirementsTagProvider -- Loading requirements from directory: /Users/miaapriliasatya/IdeaProjects/ALTASHOP/src/test/resources/features/api/orders (/Users/miaapriliasatya/IdeaProjects/ALTASHOP/src/test/resources/features/api/orders)
18:28:22.637 [main] DEBUG net.thucydides.core.requirements.FileSystemRequirementsTagProvider -- Get requirements type for: /Users/miaapriliasatya/IdeaProjects/ALTASHOP/src/test/resources/features/api/orders (/Users/miaapriliasatya/IdeaProjects/ALTASHOP/src/test/resources/features/api/orders)
18:28:22.648 [main] DEBUG net.thucydides.core.requirements.FileSystemRequirementsTagProvider -- Loading requirements from directory: /Users/miaapriliasatya/IdeaProjects/ALTASHOP/src/test/resources/features/api/authentication (/Users/miaapriliasatya/IdeaProjects/ALTASHOP/src/test/resources/features/api/authentication)
18:28:22.648 [main] DEBUG net.thucydides.core.requirements.FileSystemRequirementsTagProvider -- Get requirements type for: /Users/miaapriliasatya/IdeaProjects/ALTASHOP/src/test/resources/features/api/authentication (/Users/miaapriliasatya/IdeaProjects/ALTASHOP/src/test/resources/features/api/authentication)
18:28:23.137 [main] DEBUG net.thucydides.core.steps.StepInterceptor -- STARTING STEP: LoginSteps.setAPIEndpointValidLoginUser - I set API endpoint valid for login user
18:28:23.172 [main] DEBUG net.thucydides.core.steps.StepInterceptor -- STEP DONE: I set API endpoint valid for login user
  &amp#27;[32mGiven &amp#27;[0m&amp#27;[32mI set API endpoint valid for login user&amp#27;[0m                          &amp#27;[90m# starter.stepdefinitions.authentication.LoginSteps.setAPIEndpointValidLoginUser()&amp#27;[0m
18:28:23.231 [main] DEBUG net.thucydides.core.steps.StepInterceptor -- STARTING STEP: LoginSteps.enterValidEmail - I enter a valid email
18:28:23.232 [main] DEBUG net.thucydides.core.steps.StepInterceptor -- STEP DONE: I enter a valid email
  &amp#27;[32mWhen &amp#27;[0m&amp#27;[32mI enter a valid email&amp#27;[0m                                             &amp#27;[90m# starter.stepdefinitions.authentication.LoginSteps.enterValidEmail()&amp#27;[0m
18:28:23.267 [main] DEBUG net.thucydides.core.steps.StepInterceptor -- STARTING STEP: LoginSteps.enterValidPassword - I enter a valid password
18:28:23.268 [main] DEBUG net.thucydides.core.steps.StepInterceptor -- STEP DONE: I enter a valid password
  &amp#27;[32mAnd &amp#27;[0m&amp#27;[32mI enter a valid password&amp#27;[0m                                           &amp#27;[90m# starter.stepdefinitions.authentication.LoginSteps.enterValidPassword()&amp#27;[0m
18:28:23.275 [main] DEBUG net.thucydides.core.steps.StepInterceptor -- STARTING STEP: LoginSteps.sendRequestValidLoginUser - I send request to login user {string} and {string}
  &amp#27;[31mAnd &amp#27;[0m&amp#27;[31mI send request to login user &amp#27;[0m&amp#27;[31m&amp#27;[1m"miaaprilia2803@gmail.com"&amp#27;[0m&amp#27;[31m and &amp#27;[0m&amp#27;[31m&amp#27;[1m"test"&amp#27;[0m &amp#27;[90m# starter.stepdefinitions.authentication.LoginSteps.sendRequestValidLoginUser(java.lang.String,java.lang.String)&amp#27;[0m
      &amp#27;[31mnet.serenitybdd.core.exceptions.SerenityManagedException
	at net.serenitybdd.rest.utils.RestDecorationHelper.decorate(RestDecorationHelper.java:20)
	at net.serenitybdd.rest.SerenityRest.fetchRequestSpecification(SerenityRest.java:233)
	at net.serenitybdd.rest.SerenityRest.given(SerenityRest.java:220)
	at starter.utils.GenerateToken.generateToken(GenerateToken.java:13)
	at starter.user.authentication.Login.sendRequestValidLoginUser(Login.java:33)
	at starter.user.authentication.Login$ByteBuddy$Y1iWtJ6y.sendRequestValidLoginUser$accessor$GgP7luPR(Unknown Source)
	at java.base/jdk.internal.reflect.DirectMethodHandleAccessor.invoke(DirectMethodHandleAccessor.java:103)
	at java.base/java.lang.reflect.Method.invoke(Method.java:580)
	at net.thucydides.core.steps.StepInterceptor.invokeMethod(StepInterceptor.java:518)
	at net.thucydides.core.steps.StepInterceptor.executeTestStepMethod(StepInterceptor.java:498)
	at net.thucydides.core.steps.StepInterceptor.runTestStep(StepInterceptor.java:472)
	at net.thucydides.core.steps.StepInterceptor.runOrSkipMethod(StepInterceptor.java:211)
	at net.thucydides.core.steps.StepInterceptor.testStepResult(StepInterceptor.java:198)
	at net.thucydides.core.steps.StepInterceptor.intercept(StepInterceptor.java:86)
	at net.thucydides.core.steps.ProxyConfiguration$InterceptorDispatcher.intercept(ProxyConfiguration.java:51)
	at starter.user.authentication.Login$ByteBuddy$Y1iWtJ6y.sendRequestValidLoginUser(Unknown Source)
	at starter.stepdefinitions.authentication.LoginSteps.sendRequestValidLoginUser(LoginSteps.java:31)
	at ✽.I send request to login user "miaaprilia2803@gmail.com" and "test"(file:///Users/miaapriliasatya/IdeaProjects/ALTASHOP/src/test/resources/features/api/authentication/Login.feature:13)
Caused by: java.lang.UnsupportedOperationException: Cannot define class using reflection: Unable to make protected java.lang.Package java.lang.ClassLoader.getPackage(java.lang.String) accessible: module java.base does not "opens java.lang" to unnamed module @603ee946
	at net.bytebuddy.dynamic.loading.ClassInjector$UsingReflection$Dispatcher$Initializable$Unavailable.defineClass(ClassInjector.java:472)
	at net.bytebuddy.dynamic.loading.ClassInjector$UsingReflection.injectRaw(ClassInjector.java:284)
	at net.bytebuddy.dynamic.loading.ClassInjector$AbstractBase.inject(ClassInjector.java:118)
	at net.bytebuddy.dynamic.loading.ClassLoadingStrategy$Default$InjectionDispatcher.load(ClassLoadingStrategy.java:241)
	at net.bytebuddy.dynamic.loading.ClassLoadingStrategy$Default.load(ClassLoadingStrategy.java:148)
	at net.bytebuddy.dynamic.TypeResolutionStrategy$Passive.initialize(TypeResolutionStrategy.java:101)
	at net.bytebuddy.dynamic.DynamicType$Default$Unloaded.load(DynamicType.java:6317)
	at net.serenitybdd.rest.utils.RestSpecificationFactory.<clinit>(RestSpecificationFactory.java:57)
	at net.serenitybdd.rest.utils.RestDecorationHelper.decorate(RestDecorationHelper.java:20)
	at net.serenitybdd.rest.SerenityRest.fetchRequestSpecification(SerenityRest.java:233)
	at net.serenitybdd.rest.SerenityRest.given(SerenityRest.java:220)
	at starter.utils.GenerateToken.generateToken(GenerateToken.java:13)
	at starter.user.authentication.Login.sendRequestValidLoginUser(Login.java:33)
	at starter.user.authentication.Login$ByteBuddy$Y1iWtJ6y.sendRequestValidLoginUser$accessor$GgP7luPR(Unknown Source)
	at java.base/jdk.internal.reflect.DirectMethodHandleAccessor.invoke(DirectMethodHandleAccessor.java:103)
	at java.base/java.lang.reflect.Method.invoke(Method.java:580)
	at net.thucydides.core.steps.StepInterceptor.invokeMethod(StepInterceptor.java:518)
	at net.thucydides.core.steps.StepInterceptor.executeTestStepMethod(StepInterceptor.java:498)
	at net.thucydides.core.steps.StepInterceptor.runTestStep(StepInterceptor.java:472)
	at net.thucydides.core.steps.StepInterceptor.runOrSkipMethod(StepInterceptor.java:211)
	at net.thucydides.core.steps.StepInterceptor.testStepResult(StepInterceptor.java:198)
	at net.thucydides.core.steps.StepInterceptor.intercept(StepInterceptor.java:86)
	at net.thucydides.core.steps.ProxyConfiguration$InterceptorDispatcher.intercept(ProxyConfiguration.java:51)
	at starter.user.authentication.Login$ByteBuddy$Y1iWtJ6y.sendRequestValidLoginUser(Unknown Source)
	at starter.stepdefinitions.authentication.LoginSteps.sendRequestValidLoginUser(LoginSteps.java:31)
	at java.base/jdk.internal.reflect.DirectMethodHandleAccessor.invoke(DirectMethodHandleAccessor.java:103)
	at java.base/java.lang.reflect.Method.invoke(Method.java:580)
	at io.cucumber.java.Invoker.doInvoke(Invoker.java:66)
	at io.cucumber.java.Invoker.invoke(Invoker.java:24)
	at io.cucumber.java.AbstractGlueDefinition.invokeMethod(AbstractGlueDefinition.java:47)
	at io.cucumber.java.JavaStepDefinition.execute(JavaStepDefinition.java:29)
	at io.cucumber.core.runner.CoreStepDefinition.execute(CoreStepDefinition.java:66)
	at io.cucumber.core.runner.PickleStepDefinitionMatch.runStep(PickleStepDefinitionMatch.java:63)
	at io.cucumber.core.runner.ExecutionMode$1.execute(ExecutionMode.java:10)
	at io.cucumber.core.runner.TestStep.executeStep(TestStep.java:84)
	at io.cucumber.core.runner.TestStep.run(TestStep.java:56)
	at io.cucumber.core.runner.PickleStepTestStep.run(PickleStepTestStep.java:51)
	at io.cucumber.core.runner.TestCase.run(TestCase.java:84)
	at io.cucumber.core.runner.Runner.runPickle(Runner.java:75)
	at io.cucumber.junit.PickleRunners$NoStepDescriptions.lambda$run$0(PickleRunners.java:151)
	at io.cucumber.core.runtime.CucumberExecutionContext.lambda$runTestCase$5(CucumberExecutionContext.java:130)
	at io.cucumber.core.runtime.RethrowingThrowableCollector.executeAndThrow(RethrowingThrowableCollector.java:23)
	at io.cucumber.core.runtime.CucumberExecutionContext.runTestCase(CucumberExecutionContext.java:130)
	at io.cucumber.junit.PickleRunners$NoStepDescriptions.run(PickleRunners.java:148)
	at io.cucumber.junit.FeatureRunner.runChild(FeatureRunner.java:144)
	at io.cucumber.junit.FeatureRunner.runChild(FeatureRunner.java:28)
	at org.junit.runners.ParentRunner$4.run(ParentRunner.java:331)
	at org.junit.runners.ParentRunner$1.schedule(ParentRunner.java:79)
	at org.junit.runners.ParentRunner.runChildren(ParentRunner.java:329)
	at org.junit.runners.ParentRunner.access$100(ParentRunner.java:66)
	at org.junit.runners.ParentRunner$2.evaluate(ParentRunner.java:293)
	at org.junit.runners.ParentRunner$3.evaluate(ParentRunner.java:306)
	at org.junit.runners.ParentRunner.run(ParentRunner.java:413)
	at io.cucumber.junit.FeatureRunner.run(FeatureRunner.java:137)
	at io.cucumber.junit.CucumberSerenityRunner.runChild(CucumberSerenityRunner.java:259)
	at io.cucumber.junit.CucumberSerenityRunner.runChild(CucumberSerenityRunner.java:59)
	at org.junit.runners.ParentRunner$4.run(ParentRunner.java:331)
	at org.junit.runners.ParentRunner$1.schedule(ParentRunner.java:79)
	at org.junit.runners.ParentRunner.runChildren(ParentRunner.java:329)
	at org.junit.runners.ParentRunner.access$100(ParentRunner.java:66)
	at org.junit.runners.ParentRunner$2.evaluate(ParentRunner.java:293)
	at io.cucumber.junit.CucumberSerenityRunner$RunCucumber.evaluate(CucumberSerenityRunner.java:288)
	at org.junit.runners.ParentRunner$3.evaluate(ParentRunner.java:306)
	at org.junit.runners.ParentRunner.run(ParentRunner.java:413)
	at org.apache.maven.surefire.junit4.JUnit4Provider.execute(JUnit4Provider.java:365)
	at org.apache.maven.surefire.junit4.JUnit4Provider.executeWithRerun(JUnit4Provider.java:273)
	at org.apache.maven.surefire.junit4.JUnit4Provider.executeTestSet(JUnit4Provider.java:238)
	at org.apache.maven.surefire.junit4.JUnit4Provider.invoke(JUnit4Provider.java:159)
	at org.apache.maven.surefire.booter.ForkedBooter.invokeProviderInSameClassLoader(ForkedBooter.java:384)
	at org.apache.maven.surefire.booter.ForkedBooter.runSuitesInProcess(ForkedBooter.java:345)
	at org.apache.maven.surefire.booter.ForkedBooter.execute(ForkedBooter.java:126)
	at org.apache.maven.surefire.booter.ForkedBooter.main(ForkedBooter.java:418)
&amp#27;[0m
  &amp#27;[36mThen &amp#27;[0m&amp#27;[36mI received status code 200 OK login user&amp#27;[0m                          &amp#27;[90m# starter.stepdefinitions.authentication.LoginSteps.receivedStatusCode200OKLoginUser()&amp#27;[0m
  &amp#27;[36mAnd &amp#27;[0m&amp#27;[36mI received token login user data response&amp#27;[0m                          &amp#27;[90m# starter.stepdefinitions.authentication.LoginSteps.receivedTokenLoginUserDataResponse()&amp#27;[0m
]]></system-out>
  </testcase>
  <testcase name="As a user I can&apos;t login without path" classname="Login User" time="0.085">
    <error message="Could not initialize class net.serenitybdd.rest.utils.RestSpecificationFactory" type="net.serenitybdd.core.exceptions.SerenityManagedException">net.serenitybdd.core.exceptions.SerenityManagedException: Could not initialize class net.serenitybdd.rest.utils.RestSpecificationFactory
Caused by: java.lang.ExceptionInInitializerError: Exception java.lang.UnsupportedOperationException: Cannot define class using reflection: Unable to make protected java.lang.Package java.lang.ClassLoader.getPackage(java.lang.String) accessible: module java.base does not "opens java.lang" to unnamed module @603ee946 [in thread "main"]
</error>
    <system-out><![CDATA[18:28:24.239 [main] ERROR  -- 
  _____   ___   ___   _____     ___   ___   ___    ___    ___ 
 |_   _| | __| / __| |_   _|   | __| | _ \ | _ \  / _ \  | _ \
   | |   | _|  \__ \   | |     | _|  |   / |   / | (_) | |   /
   |_|   |___| |___/   |_|     |___| |_|_\ |_|_\  \___/  |_|_\

As a user I can login with a valid credentials
---------------------------------------------------------------
18:28:24.240 [main] DEBUG  -- RELATED ISSUES: 
18:28:24.327 [main] ERROR  --     Test failed at step: I send request to login user {string} and {string}
18:28:24.328 [main] ERROR  --     

Scenario: As a user I can't login without path                       &amp#27;[90m# src/test/resources/features/api/authentication/Login.feature:21&amp#27;[0m
18:28:24.350 [main] INFO io.cucumber.core.plugin.SerenityReporter -- Running feature from file:///Users/miaapriliasatya/IdeaProjects/ALTASHOP/src/test/resources/features/api/authentication/Login.feature
18:28:24.353 [main] INFO  -- 
  _____   ___   ___   _____     ___   _____     _     ___   _____   ___   ___  
 |_   _| | __| / __| |_   _|   / __| |_   _|   /_\   | _ \ |_   _| | __| |   \ 
   | |   | _|  \__ \   | |     \__ \   | |    / _ \  |   /   | |   | _|  | |) |
   |_|   |___| |___/   |_|     |___/   |_|   /_/ \_\ |_|_\   |_|   |___| |___/ 

As a user I can't login without path(login-user;as-a-user-i-can-t-login-without-path)
--------------------------------------------------------------------------------
18:28:24.370 [main] DEBUG net.thucydides.core.steps.StepInterceptor -- STARTING STEP: LoginSteps.setAPIEndpointValidLoginUser - I set API endpoint valid for login user
18:28:24.370 [main] DEBUG net.thucydides.core.steps.StepInterceptor -- STEP DONE: I set API endpoint valid for login user
  &amp#27;[32mGiven &amp#27;[0m&amp#27;[32mI set API endpoint valid for login user&amp#27;[0m                      &amp#27;[90m# starter.stepdefinitions.authentication.LoginSteps.setAPIEndpointValidLoginUser()&amp#27;[0m
18:28:24.375 [main] DEBUG net.thucydides.core.steps.StepInterceptor -- STARTING STEP: LoginSteps.setAPIEndpointInvalidLoginUser - I set API endpoint invalid for login user without the path
18:28:24.375 [main] DEBUG net.thucydides.core.steps.StepInterceptor -- STEP DONE: I set API endpoint invalid for login user without the path
  &amp#27;[32mGiven &amp#27;[0m&amp#27;[32mI set API endpoint invalid for login user without the path&amp#27;[0m   &amp#27;[90m# starter.stepdefinitions.authentication.LoginSteps.setAPIEndpointInvalidLoginUser()&amp#27;[0m
18:28:24.385 [main] DEBUG net.thucydides.core.steps.StepInterceptor -- STARTING STEP: LoginSteps.sendRequestLoginUserNoPath - I send request to login user no path
  &amp#27;[31mWhen &amp#27;[0m&amp#27;[31mI send request to login user no path&amp#27;[0m                          &amp#27;[90m# starter.stepdefinitions.authentication.LoginSteps.sendRequestLoginUserNoPath()&amp#27;[0m
      &amp#27;[31mnet.serenitybdd.core.exceptions.SerenityManagedException: Could not initialize class net.serenitybdd.rest.utils.RestSpecificationFactory
	at net.serenitybdd.rest.utils.RestDecorationHelper.decorate(RestDecorationHelper.java:20)
	at net.serenitybdd.rest.SerenityRest.fetchRequestSpecification(SerenityRest.java:233)
	at net.serenitybdd.rest.SerenityRest.given(SerenityRest.java:220)
	at starter.user.authentication.Login.sendRequestLoginUserNoPath(Login.java:60)
	at starter.user.authentication.Login$ByteBuddy$Y1iWtJ6y.sendRequestLoginUserNoPath$accessor$GgP7luPR(Unknown Source)
	at java.base/jdk.internal.reflect.DirectMethodHandleAccessor.invoke(DirectMethodHandleAccessor.java:103)
	at java.base/java.lang.reflect.Method.invoke(Method.java:580)
	at net.thucydides.core.steps.StepInterceptor.invokeMethod(StepInterceptor.java:518)
	at net.thucydides.core.steps.StepInterceptor.executeTestStepMethod(StepInterceptor.java:498)
	at net.thucydides.core.steps.StepInterceptor.runTestStep(StepInterceptor.java:472)
	at net.thucydides.core.steps.StepInterceptor.runOrSkipMethod(StepInterceptor.java:211)
	at net.thucydides.core.steps.StepInterceptor.testStepResult(StepInterceptor.java:198)
	at net.thucydides.core.steps.StepInterceptor.intercept(StepInterceptor.java:86)
	at net.thucydides.core.steps.ProxyConfiguration$InterceptorDispatcher.intercept(ProxyConfiguration.java:51)
	at starter.user.authentication.Login$ByteBuddy$Y1iWtJ6y.sendRequestLoginUserNoPath(Unknown Source)
	at starter.stepdefinitions.authentication.LoginSteps.sendRequestLoginUserNoPath(LoginSteps.java:44)
	at ✽.I send request to login user no path(file:///Users/miaapriliasatya/IdeaProjects/ALTASHOP/src/test/resources/features/api/authentication/Login.feature:23)
Caused by: java.lang.ExceptionInInitializerError: Exception java.lang.UnsupportedOperationException: Cannot define class using reflection: Unable to make protected java.lang.Package java.lang.ClassLoader.getPackage(java.lang.String) accessible: module java.base does not "opens java.lang" to unnamed module @603ee946 [in thread "main"]
	at net.bytebuddy.dynamic.loading.ClassInjector$UsingReflection$Dispatcher$Initializable$Unavailable.defineClass(ClassInjector.java:472)
	at net.bytebuddy.dynamic.loading.ClassInjector$UsingReflection.injectRaw(ClassInjector.java:284)
	at net.bytebuddy.dynamic.loading.ClassInjector$AbstractBase.inject(ClassInjector.java:118)
	at net.bytebuddy.dynamic.loading.ClassLoadingStrategy$Default$InjectionDispatcher.load(ClassLoadingStrategy.java:241)
	at net.bytebuddy.dynamic.loading.ClassLoadingStrategy$Default.load(ClassLoadingStrategy.java:148)
	at net.bytebuddy.dynamic.TypeResolutionStrategy$Passive.initialize(TypeResolutionStrategy.java:101)
	at net.bytebuddy.dynamic.DynamicType$Default$Unloaded.load(DynamicType.java:6317)
	at net.serenitybdd.rest.utils.RestSpecificationFactory.<clinit>(RestSpecificationFactory.java:57)
	at net.serenitybdd.rest.utils.RestDecorationHelper.decorate(RestDecorationHelper.java:20)
	at net.serenitybdd.rest.SerenityRest.fetchRequestSpecification(SerenityRest.java:233)
	at net.serenitybdd.rest.SerenityRest.given(SerenityRest.java:220)
	at starter.utils.GenerateToken.generateToken(GenerateToken.java:13)
	at starter.user.authentication.Login.sendRequestValidLoginUser(Login.java:33)
	at starter.user.authentication.Login$ByteBuddy$Y1iWtJ6y.sendRequestValidLoginUser$accessor$GgP7luPR(Unknown Source)
	at java.base/jdk.internal.reflect.DirectMethodHandleAccessor.invoke(DirectMethodHandleAccessor.java:103)
	at java.base/java.lang.reflect.Method.invoke(Method.java:580)
	at net.thucydides.core.steps.StepInterceptor.invokeMethod(StepInterceptor.java:518)
	at net.thucydides.core.steps.StepInterceptor.executeTestStepMethod(StepInterceptor.java:498)
	at net.thucydides.core.steps.StepInterceptor.runTestStep(StepInterceptor.java:472)
	at net.thucydides.core.steps.StepInterceptor.runOrSkipMethod(StepInterceptor.java:211)
	at net.thucydides.core.steps.StepInterceptor.testStepResult(StepInterceptor.java:198)
	at net.thucydides.core.steps.StepInterceptor.intercept(StepInterceptor.java:86)
	at net.thucydides.core.steps.ProxyConfiguration$InterceptorDispatcher.intercept(ProxyConfiguration.java:51)
	at starter.user.authentication.Login$ByteBuddy$Y1iWtJ6y.sendRequestValidLoginUser(Unknown Source)
	at starter.stepdefinitions.authentication.LoginSteps.sendRequestValidLoginUser(LoginSteps.java:31)
	at java.base/jdk.internal.reflect.DirectMethodHandleAccessor.invoke(DirectMethodHandleAccessor.java:103)
	at java.base/java.lang.reflect.Method.invoke(Method.java:580)
	at io.cucumber.java.Invoker.doInvoke(Invoker.java:66)
	at io.cucumber.java.Invoker.invoke(Invoker.java:24)
	at io.cucumber.java.AbstractGlueDefinition.invokeMethod(AbstractGlueDefinition.java:47)
	at io.cucumber.java.JavaStepDefinition.execute(JavaStepDefinition.java:29)
	at io.cucumber.core.runner.CoreStepDefinition.execute(CoreStepDefinition.java:66)
	at io.cucumber.core.runner.PickleStepDefinitionMatch.runStep(PickleStepDefinitionMatch.java:63)
	at io.cucumber.core.runner.ExecutionMode$1.execute(ExecutionMode.java:10)
	at io.cucumber.core.runner.TestStep.executeStep(TestStep.java:84)
	at io.cucumber.core.runner.TestStep.run(TestStep.java:56)
	at io.cucumber.core.runner.PickleStepTestStep.run(PickleStepTestStep.java:51)
	at io.cucumber.core.runner.TestCase.run(TestCase.java:84)
	at io.cucumber.core.runner.Runner.runPickle(Runner.java:75)
	at io.cucumber.junit.PickleRunners$NoStepDescriptions.lambda$run$0(PickleRunners.java:151)
	at io.cucumber.core.runtime.CucumberExecutionContext.lambda$runTestCase$5(CucumberExecutionContext.java:130)
	at io.cucumber.core.runtime.RethrowingThrowableCollector.executeAndThrow(RethrowingThrowableCollector.java:23)
	at io.cucumber.core.runtime.CucumberExecutionContext.runTestCase(CucumberExecutionContext.java:130)
	at io.cucumber.junit.PickleRunners$NoStepDescriptions.run(PickleRunners.java:148)
	at io.cucumber.junit.FeatureRunner.runChild(FeatureRunner.java:144)
	at io.cucumber.junit.FeatureRunner.runChild(FeatureRunner.java:28)
	at org.junit.runners.ParentRunner$4.run(ParentRunner.java:331)
	at org.junit.runners.ParentRunner$1.schedule(ParentRunner.java:79)
	at org.junit.runners.ParentRunner.runChildren(ParentRunner.java:329)
	at org.junit.runners.ParentRunner.access$100(ParentRunner.java:66)
	at org.junit.runners.ParentRunner$2.evaluate(ParentRunner.java:293)
	at org.junit.runners.ParentRunner$3.evaluate(ParentRunner.java:306)
	at org.junit.runners.ParentRunner.run(ParentRunner.java:413)
	at io.cucumber.junit.FeatureRunner.run(FeatureRunner.java:137)
	at io.cucumber.junit.CucumberSerenityRunner.runChild(CucumberSerenityRunner.java:259)
	at io.cucumber.junit.CucumberSerenityRunner.runChild(CucumberSerenityRunner.java:59)
	at org.junit.runners.ParentRunner$4.run(ParentRunner.java:331)
	at org.junit.runners.ParentRunner$1.schedule(ParentRunner.java:79)
	at org.junit.runners.ParentRunner.runChildren(ParentRunner.java:329)
	at org.junit.runners.ParentRunner.access$100(ParentRunner.java:66)
	at org.junit.runners.ParentRunner$2.evaluate(ParentRunner.java:293)
	at io.cucumber.junit.CucumberSerenityRunner$RunCucumber.evaluate(CucumberSerenityRunner.java:288)
	at org.junit.runners.ParentRunner$3.evaluate(ParentRunner.java:306)
	at org.junit.runners.ParentRunner.run(ParentRunner.java:413)
	at org.apache.maven.surefire.junit4.JUnit4Provider.execute(JUnit4Provider.java:365)
	at org.apache.maven.surefire.junit4.JUnit4Provider.executeWithRerun(JUnit4Provider.java:273)
	at org.apache.maven.surefire.junit4.JUnit4Provider.executeTestSet(JUnit4Provider.java:238)
	at org.apache.maven.surefire.junit4.JUnit4Provider.invoke(JUnit4Provider.java:159)
	at org.apache.maven.surefire.booter.ForkedBooter.invokeProviderInSameClassLoader(ForkedBooter.java:384)
	at org.apache.maven.surefire.booter.ForkedBooter.runSuitesInProcess(ForkedBooter.java:345)
	at org.apache.maven.surefire.booter.ForkedBooter.execute(ForkedBooter.java:126)
	at org.apache.maven.surefire.booter.ForkedBooter.main(ForkedBooter.java:418)
&amp#27;[0m
  &amp#27;[36mThen &amp#27;[0m&amp#27;[36mI received status code 404 Not Found in request to login user&amp#27;[0m &amp#27;[90m# starter.stepdefinitions.authentication.LoginSteps.receivedStatusCode404NotFoundInRequestLoginUser()&amp#27;[0m
  &amp#27;[36mAnd &amp#27;[0m&amp#27;[36mI received error message "not found" response&amp#27;[0m                  &amp#27;[90m# starter.stepdefinitions.authentication.LoginSteps.receivedErrorMessageNotFound()&amp#27;[0m
]]></system-out>
  </testcase>
  <testcase name="As a user I can&apos;t login if I don&apos;t fill in the login request" classname="Login User" time="0.073">
    <error message="Could not initialize class net.serenitybdd.rest.utils.RestSpecificationFactory" type="net.serenitybdd.core.exceptions.SerenityManagedException">net.serenitybdd.core.exceptions.SerenityManagedException: Could not initialize class net.serenitybdd.rest.utils.RestSpecificationFactory
Caused by: java.lang.ExceptionInInitializerError: Exception java.lang.UnsupportedOperationException: Cannot define class using reflection: Unable to make protected java.lang.Package java.lang.ClassLoader.getPackage(java.lang.String) accessible: module java.base does not "opens java.lang" to unnamed module @603ee946 [in thread "main"]
</error>
    <system-out><![CDATA[18:28:24.430 [main] ERROR  -- 
  _____   ___   ___   _____     ___   ___   ___    ___    ___ 
 |_   _| | __| / __| |_   _|   | __| | _ \ | _ \  / _ \  | _ \
   | |   | _|  \__ \   | |     | _|  |   / |   / | (_) | |   /
   |_|   |___| |___/   |_|     |___| |_|_\ |_|_\  \___/  |_|_\

As a user I can't login without path
---------------------------------------------------------------
18:28:24.430 [main] DEBUG  -- RELATED ISSUES: 
18:28:24.431 [main] ERROR  --     Test failed at step: I send request to login user no path
18:28:24.431 [main] ERROR  --     Could not initialize class net.serenitybdd.rest.utils.RestSpecificationFactory

Scenario: As a user I can't login if I don't fill in the login request &amp#27;[90m# src/test/resources/features/api/authentication/Login.feature:27&amp#27;[0m
18:28:24.446 [main] INFO io.cucumber.core.plugin.SerenityReporter -- Running feature from file:///Users/miaapriliasatya/IdeaProjects/ALTASHOP/src/test/resources/features/api/authentication/Login.feature
18:28:24.450 [main] INFO  -- 
  _____   ___   ___   _____     ___   _____     _     ___   _____   ___   ___  
 |_   _| | __| / __| |_   _|   / __| |_   _|   /_\   | _ \ |_   _| | __| |   \ 
   | |   | _|  \__ \   | |     \__ \   | |    / _ \  |   /   | |   | _|  | |) |
   |_|   |___| |___/   |_|     |___/   |_|   /_/ \_\ |_|_\   |_|   |___| |___/ 

As a user I can't login if I don't fill in the login request(login-user;as-a-user-i-can-t-login-if-i-don-t-fill-in-the-login-request)
--------------------------------------------------------------------------------
18:28:24.465 [main] DEBUG net.thucydides.core.steps.StepInterceptor -- STARTING STEP: LoginSteps.setAPIEndpointValidLoginUser - I set API endpoint valid for login user
18:28:24.466 [main] DEBUG net.thucydides.core.steps.StepInterceptor -- STEP DONE: I set API endpoint valid for login user
  &amp#27;[32mGiven &amp#27;[0m&amp#27;[32mI set API endpoint valid for login user&amp#27;[0m                        &amp#27;[90m# starter.stepdefinitions.authentication.LoginSteps.setAPIEndpointValidLoginUser()&amp#27;[0m
18:28:24.471 [main] DEBUG net.thucydides.core.steps.StepInterceptor -- STARTING STEP: LoginSteps.blankLoginRequest - I blank the login request
18:28:24.472 [main] DEBUG net.thucydides.core.steps.StepInterceptor -- STEP DONE: I blank the login request
  &amp#27;[32mWhen &amp#27;[0m&amp#27;[32mI blank the login request&amp#27;[0m                                       &amp#27;[90m# starter.stepdefinitions.authentication.LoginSteps.blankLoginRequest()&amp#27;[0m
18:28:24.478 [main] DEBUG net.thucydides.core.steps.StepInterceptor -- STARTING STEP: LoginSteps.sentRequestLoginUser - I send a request to the login user
  &amp#27;[31mAnd &amp#27;[0m&amp#27;[31mI send a request to the login user&amp#27;[0m                               &amp#27;[90m# starter.stepdefinitions.authentication.LoginSteps.sentRequestLoginUser()&amp#27;[0m
      &amp#27;[31mnet.serenitybdd.core.exceptions.SerenityManagedException: Could not initialize class net.serenitybdd.rest.utils.RestSpecificationFactory
	at net.serenitybdd.rest.utils.RestDecorationHelper.decorate(RestDecorationHelper.java:20)
	at net.serenitybdd.rest.SerenityRest.fetchRequestSpecification(SerenityRest.java:233)
	at net.serenitybdd.rest.SerenityRest.given(SerenityRest.java:220)
	at starter.user.authentication.Login.sentRequestLoginUser(Login.java:79)
	at starter.user.authentication.Login$ByteBuddy$Y1iWtJ6y.sentRequestLoginUser$accessor$GgP7luPR(Unknown Source)
	at java.base/jdk.internal.reflect.DirectMethodHandleAccessor.invoke(DirectMethodHandleAccessor.java:103)
	at java.base/java.lang.reflect.Method.invoke(Method.java:580)
	at net.thucydides.core.steps.StepInterceptor.invokeMethod(StepInterceptor.java:518)
	at net.thucydides.core.steps.StepInterceptor.executeTestStepMethod(StepInterceptor.java:498)
	at net.thucydides.core.steps.StepInterceptor.runTestStep(StepInterceptor.java:472)
	at net.thucydides.core.steps.StepInterceptor.runOrSkipMethod(StepInterceptor.java:211)
	at net.thucydides.core.steps.StepInterceptor.testStepResult(StepInterceptor.java:198)
	at net.thucydides.core.steps.StepInterceptor.intercept(StepInterceptor.java:86)
	at net.thucydides.core.steps.ProxyConfiguration$InterceptorDispatcher.intercept(ProxyConfiguration.java:51)
	at starter.user.authentication.Login$ByteBuddy$Y1iWtJ6y.sentRequestLoginUser(Unknown Source)
	at starter.stepdefinitions.authentication.LoginSteps.sentRequestLoginUser(LoginSteps.java:56)
	at ✽.I send a request to the login user(file:///Users/miaapriliasatya/IdeaProjects/ALTASHOP/src/test/resources/features/api/authentication/Login.feature:29)
Caused by: java.lang.ExceptionInInitializerError: Exception java.lang.UnsupportedOperationException: Cannot define class using reflection: Unable to make protected java.lang.Package java.lang.ClassLoader.getPackage(java.lang.String) accessible: module java.base does not "opens java.lang" to unnamed module @603ee946 [in thread "main"]
	at net.bytebuddy.dynamic.loading.ClassInjector$UsingReflection$Dispatcher$Initializable$Unavailable.defineClass(ClassInjector.java:472)
	at net.bytebuddy.dynamic.loading.ClassInjector$UsingReflection.injectRaw(ClassInjector.java:284)
	at net.bytebuddy.dynamic.loading.ClassInjector$AbstractBase.inject(ClassInjector.java:118)
	at net.bytebuddy.dynamic.loading.ClassLoadingStrategy$Default$InjectionDispatcher.load(ClassLoadingStrategy.java:241)
	at net.bytebuddy.dynamic.loading.ClassLoadingStrategy$Default.load(ClassLoadingStrategy.java:148)
	at net.bytebuddy.dynamic.TypeResolutionStrategy$Passive.initialize(TypeResolutionStrategy.java:101)
	at net.bytebuddy.dynamic.DynamicType$Default$Unloaded.load(DynamicType.java:6317)
	at net.serenitybdd.rest.utils.RestSpecificationFactory.<clinit>(RestSpecificationFactory.java:57)
	at net.serenitybdd.rest.utils.RestDecorationHelper.decorate(RestDecorationHelper.java:20)
	at net.serenitybdd.rest.SerenityRest.fetchRequestSpecification(SerenityRest.java:233)
	at net.serenitybdd.rest.SerenityRest.given(SerenityRest.java:220)
	at starter.utils.GenerateToken.generateToken(GenerateToken.java:13)
	at starter.user.authentication.Login.sendRequestValidLoginUser(Login.java:33)
	at starter.user.authentication.Login$ByteBuddy$Y1iWtJ6y.sendRequestValidLoginUser$accessor$GgP7luPR(Unknown Source)
	at java.base/jdk.internal.reflect.DirectMethodHandleAccessor.invoke(DirectMethodHandleAccessor.java:103)
	at java.base/java.lang.reflect.Method.invoke(Method.java:580)
	at net.thucydides.core.steps.StepInterceptor.invokeMethod(StepInterceptor.java:518)
	at net.thucydides.core.steps.StepInterceptor.executeTestStepMethod(StepInterceptor.java:498)
	at net.thucydides.core.steps.StepInterceptor.runTestStep(StepInterceptor.java:472)
	at net.thucydides.core.steps.StepInterceptor.runOrSkipMethod(StepInterceptor.java:211)
	at net.thucydides.core.steps.StepInterceptor.testStepResult(StepInterceptor.java:198)
	at net.thucydides.core.steps.StepInterceptor.intercept(StepInterceptor.java:86)
	at net.thucydides.core.steps.ProxyConfiguration$InterceptorDispatcher.intercept(ProxyConfiguration.java:51)
	at starter.user.authentication.Login$ByteBuddy$Y1iWtJ6y.sendRequestValidLoginUser(Unknown Source)
	at starter.stepdefinitions.authentication.LoginSteps.sendRequestValidLoginUser(LoginSteps.java:31)
	at java.base/jdk.internal.reflect.DirectMethodHandleAccessor.invoke(DirectMethodHandleAccessor.java:103)
	at java.base/java.lang.reflect.Method.invoke(Method.java:580)
	at io.cucumber.java.Invoker.doInvoke(Invoker.java:66)
	at io.cucumber.java.Invoker.invoke(Invoker.java:24)
	at io.cucumber.java.AbstractGlueDefinition.invokeMethod(AbstractGlueDefinition.java:47)
	at io.cucumber.java.JavaStepDefinition.execute(JavaStepDefinition.java:29)
	at io.cucumber.core.runner.CoreStepDefinition.execute(CoreStepDefinition.java:66)
	at io.cucumber.core.runner.PickleStepDefinitionMatch.runStep(PickleStepDefinitionMatch.java:63)
	at io.cucumber.core.runner.ExecutionMode$1.execute(ExecutionMode.java:10)
	at io.cucumber.core.runner.TestStep.executeStep(TestStep.java:84)
	at io.cucumber.core.runner.TestStep.run(TestStep.java:56)
	at io.cucumber.core.runner.PickleStepTestStep.run(PickleStepTestStep.java:51)
	at io.cucumber.core.runner.TestCase.run(TestCase.java:84)
	at io.cucumber.core.runner.Runner.runPickle(Runner.java:75)
	at io.cucumber.junit.PickleRunners$NoStepDescriptions.lambda$run$0(PickleRunners.java:151)
	at io.cucumber.core.runtime.CucumberExecutionContext.lambda$runTestCase$5(CucumberExecutionContext.java:130)
	at io.cucumber.core.runtime.RethrowingThrowableCollector.executeAndThrow(RethrowingThrowableCollector.java:23)
	at io.cucumber.core.runtime.CucumberExecutionContext.runTestCase(CucumberExecutionContext.java:130)
	at io.cucumber.junit.PickleRunners$NoStepDescriptions.run(PickleRunners.java:148)
	at io.cucumber.junit.FeatureRunner.runChild(FeatureRunner.java:144)
	at io.cucumber.junit.FeatureRunner.runChild(FeatureRunner.java:28)
	at org.junit.runners.ParentRunner$4.run(ParentRunner.java:331)
	at org.junit.runners.ParentRunner$1.schedule(ParentRunner.java:79)
	at org.junit.runners.ParentRunner.runChildren(ParentRunner.java:329)
	at org.junit.runners.ParentRunner.access$100(ParentRunner.java:66)
	at org.junit.runners.ParentRunner$2.evaluate(ParentRunner.java:293)
	at org.junit.runners.ParentRunner$3.evaluate(ParentRunner.java:306)
	at org.junit.runners.ParentRunner.run(ParentRunner.java:413)
	at io.cucumber.junit.FeatureRunner.run(FeatureRunner.java:137)
	at io.cucumber.junit.CucumberSerenityRunner.runChild(CucumberSerenityRunner.java:259)
	at io.cucumber.junit.CucumberSerenityRunner.runChild(CucumberSerenityRunner.java:59)
	at org.junit.runners.ParentRunner$4.run(ParentRunner.java:331)
	at org.junit.runners.ParentRunner$1.schedule(ParentRunner.java:79)
	at org.junit.runners.ParentRunner.runChildren(ParentRunner.java:329)
	at org.junit.runners.ParentRunner.access$100(ParentRunner.java:66)
	at org.junit.runners.ParentRunner$2.evaluate(ParentRunner.java:293)
	at io.cucumber.junit.CucumberSerenityRunner$RunCucumber.evaluate(CucumberSerenityRunner.java:288)
	at org.junit.runners.ParentRunner$3.evaluate(ParentRunner.java:306)
	at org.junit.runners.ParentRunner.run(ParentRunner.java:413)
	at org.apache.maven.surefire.junit4.JUnit4Provider.execute(JUnit4Provider.java:365)
	at org.apache.maven.surefire.junit4.JUnit4Provider.executeWithRerun(JUnit4Provider.java:273)
	at org.apache.maven.surefire.junit4.JUnit4Provider.executeTestSet(JUnit4Provider.java:238)
	at org.apache.maven.surefire.junit4.JUnit4Provider.invoke(JUnit4Provider.java:159)
	at org.apache.maven.surefire.booter.ForkedBooter.invokeProviderInSameClassLoader(ForkedBooter.java:384)
	at org.apache.maven.surefire.booter.ForkedBooter.runSuitesInProcess(ForkedBooter.java:345)
	at org.apache.maven.surefire.booter.ForkedBooter.execute(ForkedBooter.java:126)
	at org.apache.maven.surefire.booter.ForkedBooter.main(ForkedBooter.java:418)
&amp#27;[0m
  &amp#27;[36mThen &amp#27;[0m&amp#27;[36mI received status code 400 Bad Request in request to login user&amp#27;[0m &amp#27;[90m# starter.stepdefinitions.authentication.LoginSteps.receivedStatusCode400BadRequestInRequestLoginUser()&amp#27;[0m
  &amp#27;[36mAnd &amp#27;[0m&amp#27;[36mI received the error message "email is required" response&amp#27;[0m        &amp#27;[90m# starter.stepdefinitions.authentication.LoginSteps.receivedErrorMessageEmailIsRequired()&amp#27;[0m
]]></system-out>
  </testcase>
  <testcase name="As a user I can&apos;t login if I don&apos;t fill in the email request" classname="Login User" time="0.127">
    <error message="The step &apos;I sent a request to the login user &quot;&lt;email&gt;&quot; and &quot;&lt;password&gt;&quot;&apos; is undefined.&#10;You can implement this step using the snippet(s) below:&#10;&#10;@When(&quot;I sent a request to the login user {string} and {string}&quot;)&#10;public void i_sent_a_request_to_the_login_user_and(String string, String string2) {&#10;    // Write code here that turns the phrase above into concrete actions&#10;    throw new io.cucumber.java.PendingException();&#10;}&#10;" type="io.cucumber.junit.UndefinedStepException"><![CDATA[io.cucumber.junit.UndefinedStepException: 
The step 'I sent a request to the login user "<email>" and "<password>"' is undefined.
You can implement this step using the snippet(s) below:

@When("I sent a request to the login user {string} and {string}")
public void i_sent_a_request_to_the_login_user_and(String string, String string2) {
    // Write code here that turns the phrase above into concrete actions
    throw new io.cucumber.java.PendingException();
}

]]></error>
    <system-out><![CDATA[18:28:24.512 [main] ERROR  -- 
  _____   ___   ___   _____     ___   ___   ___    ___    ___ 
 |_   _| | __| / __| |_   _|   | __| | _ \ | _ \  / _ \  | _ \
   | |   | _|  \__ \   | |     | _|  |   / |   / | (_) | |   /
   |_|   |___| |___/   |_|     |___| |_|_\ |_|_\  \___/  |_|_\

As a user I can't login if I don't fill in the login request
---------------------------------------------------------------
18:28:24.513 [main] DEBUG  -- RELATED ISSUES: 
18:28:24.513 [main] ERROR  --     Test failed at step: I send a request to the login user
18:28:24.513 [main] ERROR  --     Could not initialize class net.serenitybdd.rest.utils.RestSpecificationFactory

Scenario: As a user I can't login if I don't fill in the email request &amp#27;[90m# src/test/resources/features/api/authentication/Login.feature:33&amp#27;[0m
18:28:24.579 [main] INFO io.cucumber.core.plugin.SerenityReporter -- Running feature from file:///Users/miaapriliasatya/IdeaProjects/ALTASHOP/src/test/resources/features/api/authentication/Login.feature
18:28:24.584 [main] INFO  -- 
  _____   ___   ___   _____     ___   _____     _     ___   _____   ___   ___  
 |_   _| | __| / __| |_   _|   / __| |_   _|   /_\   | _ \ |_   _| | __| |   \ 
   | |   | _|  \__ \   | |     \__ \   | |    / _ \  |   /   | |   | _|  | |) |
   |_|   |___| |___/   |_|     |___/   |_|   /_/ \_\ |_|_\   |_|   |___| |___/ 

As a user I can't login if I don't fill in the email request(login-user;as-a-user-i-can-t-login-if-i-don-t-fill-in-the-email-request)
--------------------------------------------------------------------------------
18:28:24.607 [main] DEBUG net.thucydides.core.steps.StepInterceptor -- STARTING STEP: LoginSteps.setAPIEndpointValidLoginUser - I set API endpoint valid for login user
18:28:24.608 [main] DEBUG net.thucydides.core.steps.StepInterceptor -- STEP DONE: I set API endpoint valid for login user
  &amp#27;[32mGiven &amp#27;[0m&amp#27;[32mI set API endpoint valid for login user&amp#27;[0m                        &amp#27;[90m# starter.stepdefinitions.authentication.LoginSteps.setAPIEndpointValidLoginUser()&amp#27;[0m
18:28:24.619 [main] DEBUG net.thucydides.core.steps.StepInterceptor -- STARTING STEP: LoginSteps.BlankEmailRequest - I blank the email request
18:28:24.620 [main] DEBUG net.thucydides.core.steps.StepInterceptor -- STEP DONE: I blank the email request
  &amp#27;[32mWhen &amp#27;[0m&amp#27;[32mI blank the email request&amp#27;[0m                                       &amp#27;[90m# starter.stepdefinitions.authentication.LoginSteps.BlankEmailRequest()&amp#27;[0m
18:28:24.625 [main] DEBUG net.thucydides.core.steps.StepInterceptor -- STARTING STEP: LoginSteps.enterValidPassword - I enter a valid password
18:28:24.625 [main] DEBUG net.thucydides.core.steps.StepInterceptor -- STEP DONE: I enter a valid password
  &amp#27;[32mAnd &amp#27;[0m&amp#27;[32mI enter a valid password&amp#27;[0m                                         &amp#27;[90m# starter.stepdefinitions.authentication.LoginSteps.enterValidPassword()&amp#27;[0m
  &amp#27;[33mAnd &amp#27;[0m&amp#27;[33mI sent a request to the login user "<email>" and "<password>"&amp#27;[0m
  &amp#27;[36mThen &amp#27;[0m&amp#27;[36mI received status code 400 Bad Request in request to login user&amp#27;[0m &amp#27;[90m# starter.stepdefinitions.authentication.LoginSteps.receivedStatusCode400BadRequestInRequestLoginUser()&amp#27;[0m
  &amp#27;[36mAnd &amp#27;[0m&amp#27;[36mI received the error message "email is required" response&amp#27;[0m        &amp#27;[90m# starter.stepdefinitions.authentication.LoginSteps.receivedErrorMessageEmailIsRequired()&amp#27;[0m
]]></system-out>
  </testcase>
  <testcase name="As a user I can&apos;t login if I don&apos;t fill in the password request" classname="Login User" time="0.081">
    <error message="The step &apos;I sent a request to the login user &quot;&lt;email&gt;&quot; and &quot;&lt;password&gt;&quot;&apos; is undefined.&#10;You can implement this step using the snippet(s) below:&#10;&#10;@When(&quot;I sent a request to the login user {string} and {string}&quot;)&#10;public void i_sent_a_request_to_the_login_user_and(String string, String string2) {&#10;    // Write code here that turns the phrase above into concrete actions&#10;    throw new io.cucumber.java.PendingException();&#10;}&#10;" type="io.cucumber.junit.UndefinedStepException"><![CDATA[io.cucumber.junit.UndefinedStepException: 
The step 'I sent a request to the login user "<email>" and "<password>"' is undefined.
You can implement this step using the snippet(s) below:

@When("I sent a request to the login user {string} and {string}")
public void i_sent_a_request_to_the_login_user_and(String string, String string2) {
    // Write code here that turns the phrase above into concrete actions
    throw new io.cucumber.java.PendingException();
}

]]></error>
    <system-out><![CDATA[18:28:24.645 [main] INFO  -- 
  _____   ___   ___   _____     ___   ___   _  _   ___    ___   _  _    ___ 
 |_   _| | __| / __| |_   _|   | _ \ | __| | \| | |   \  |_ _| | \| |  / __|
   | |   | _|  \__ \   | |     |  _/ | _|  | .` | | |) |  | |  | .` | | (_ |
   |_|   |___| |___/   |_|     |_|   |___| |_|\_| |___/  |___| |_|\_|  \___|

As a user I can't login if I don't fill in the email request
-----------------------------------------------------------------------------

Scenario: As a user I can't login if I don't fill in the password request &amp#27;[90m# src/test/resources/features/api/authentication/Login.feature:40&amp#27;[0m
18:28:24.656 [main] INFO io.cucumber.core.plugin.SerenityReporter -- Running feature from file:///Users/miaapriliasatya/IdeaProjects/ALTASHOP/src/test/resources/features/api/authentication/Login.feature
18:28:24.661 [main] INFO  -- 
  _____   ___   ___   _____     ___   _____     _     ___   _____   ___   ___  
 |_   _| | __| / __| |_   _|   / __| |_   _|   /_\   | _ \ |_   _| | __| |   \ 
   | |   | _|  \__ \   | |     \__ \   | |    / _ \  |   /   | |   | _|  | |) |
   |_|   |___| |___/   |_|     |___/   |_|   /_/ \_\ |_|_\   |_|   |___| |___/ 

As a user I can't login if I don't fill in the password request(login-user;as-a-user-i-can-t-login-if-i-don-t-fill-in-the-password-request)
--------------------------------------------------------------------------------
18:28:24.696 [main] DEBUG net.thucydides.core.steps.StepInterceptor -- STARTING STEP: LoginSteps.setAPIEndpointValidLoginUser - I set API endpoint valid for login user
18:28:24.696 [main] DEBUG net.thucydides.core.steps.StepInterceptor -- STEP DONE: I set API endpoint valid for login user
  &amp#27;[32mGiven &amp#27;[0m&amp#27;[32mI set API endpoint valid for login user&amp#27;[0m                           &amp#27;[90m# starter.stepdefinitions.authentication.LoginSteps.setAPIEndpointValidLoginUser()&amp#27;[0m
18:28:24.702 [main] DEBUG net.thucydides.core.steps.StepInterceptor -- STARTING STEP: LoginSteps.enterValidEmail - I enter a valid email
18:28:24.702 [main] DEBUG net.thucydides.core.steps.StepInterceptor -- STEP DONE: I enter a valid email
  &amp#27;[32mWhen &amp#27;[0m&amp#27;[32mI enter a valid email&amp#27;[0m                                              &amp#27;[90m# starter.stepdefinitions.authentication.LoginSteps.enterValidEmail()&amp#27;[0m
18:28:24.707 [main] DEBUG net.thucydides.core.steps.StepInterceptor -- STARTING STEP: LoginSteps.blankPasswordRequest - I blank the password request
18:28:24.707 [main] DEBUG net.thucydides.core.steps.StepInterceptor -- STEP DONE: I blank the password request
  &amp#27;[32mAnd &amp#27;[0m&amp#27;[32mI blank the password request&amp#27;[0m                                        &amp#27;[90m# starter.stepdefinitions.authentication.LoginSteps.blankPasswordRequest()&amp#27;[0m
  &amp#27;[33mAnd &amp#27;[0m&amp#27;[33mI sent a request to the login user "<email>" and "<password>"&amp#27;[0m
  &amp#27;[36mThen &amp#27;[0m&amp#27;[36mI received status code 400 Bad Request in request to login user&amp#27;[0m    &amp#27;[90m# starter.stepdefinitions.authentication.LoginSteps.receivedStatusCode400BadRequestInRequestLoginUser()&amp#27;[0m
  &amp#27;[36mAnd &amp#27;[0m&amp#27;[36mI received the error message "password is required" response&amp#27;[0m        &amp#27;[90m# starter.stepdefinitions.authentication.LoginSteps.receivedErrorMessagePasswordIsRequired()&amp#27;[0m
]]></system-out>
  </testcase>
  <testcase name="As a user I can&apos;t login with an invalid email" classname="Login User" time="0.083">
    <error message="Could not initialize class net.serenitybdd.rest.utils.RestSpecificationFactory" type="net.serenitybdd.core.exceptions.SerenityManagedException">net.serenitybdd.core.exceptions.SerenityManagedException: Could not initialize class net.serenitybdd.rest.utils.RestSpecificationFactory
Caused by: java.lang.ExceptionInInitializerError: Exception java.lang.UnsupportedOperationException: Cannot define class using reflection: Unable to make protected java.lang.Package java.lang.ClassLoader.getPackage(java.lang.String) accessible: module java.base does not "opens java.lang" to unnamed module @603ee946 [in thread "main"]
</error>
    <system-out><![CDATA[18:28:24.730 [main] INFO  -- 
  _____   ___   ___   _____     ___   ___   _  _   ___    ___   _  _    ___ 
 |_   _| | __| / __| |_   _|   | _ \ | __| | \| | |   \  |_ _| | \| |  / __|
   | |   | _|  \__ \   | |     |  _/ | _|  | .` | | |) |  | |  | .` | | (_ |
   |_|   |___| |___/   |_|     |_|   |___| |_|\_| |___/  |___| |_|\_|  \___|

As a user I can't login if I don't fill in the password request
-----------------------------------------------------------------------------

Scenario: As a user I can't login with an invalid email             &amp#27;[90m# src/test/resources/features/api/authentication/Login.feature:47&amp#27;[0m
18:28:24.757 [main] INFO io.cucumber.core.plugin.SerenityReporter -- Running feature from file:///Users/miaapriliasatya/IdeaProjects/ALTASHOP/src/test/resources/features/api/authentication/Login.feature
18:28:24.762 [main] INFO  -- 
  _____   ___   ___   _____     ___   _____     _     ___   _____   ___   ___  
 |_   _| | __| / __| |_   _|   / __| |_   _|   /_\   | _ \ |_   _| | __| |   \ 
   | |   | _|  \__ \   | |     \__ \   | |    / _ \  |   /   | |   | _|  | |) |
   |_|   |___| |___/   |_|     |___/   |_|   /_/ \_\ |_|_\   |_|   |___| |___/ 

As a user I can't login with an invalid email(login-user;as-a-user-i-can-t-login-with-an-invalid-email)
--------------------------------------------------------------------------------
18:28:24.774 [main] DEBUG net.thucydides.core.steps.StepInterceptor -- STARTING STEP: LoginSteps.setAPIEndpointValidLoginUser - I set API endpoint valid for login user
18:28:24.775 [main] DEBUG net.thucydides.core.steps.StepInterceptor -- STEP DONE: I set API endpoint valid for login user
  &amp#27;[32mGiven &amp#27;[0m&amp#27;[32mI set API endpoint valid for login user&amp#27;[0m                     &amp#27;[90m# starter.stepdefinitions.authentication.LoginSteps.setAPIEndpointValidLoginUser()&amp#27;[0m
18:28:24.780 [main] DEBUG net.thucydides.core.steps.StepInterceptor -- STARTING STEP: LoginSteps.enterInvalidEmail - I enter an invalid email
18:28:24.780 [main] DEBUG net.thucydides.core.steps.StepInterceptor -- STEP DONE: I enter an invalid email
  &amp#27;[32mWhen &amp#27;[0m&amp#27;[32mI enter an invalid email&amp#27;[0m                                     &amp#27;[90m# starter.stepdefinitions.authentication.LoginSteps.enterInvalidEmail()&amp#27;[0m
18:28:24.784 [main] DEBUG net.thucydides.core.steps.StepInterceptor -- STARTING STEP: LoginSteps.enterValidPassword - I enter a valid password
18:28:24.784 [main] DEBUG net.thucydides.core.steps.StepInterceptor -- STEP DONE: I enter a valid password
  &amp#27;[32mAnd &amp#27;[0m&amp#27;[32mI enter a valid password&amp#27;[0m                                      &amp#27;[90m# starter.stepdefinitions.authentication.LoginSteps.enterValidPassword()&amp#27;[0m
18:28:24.791 [main] DEBUG net.thucydides.core.steps.StepInterceptor -- STARTING STEP: LoginSteps.sendRequestValidLoginUser - I send request to login user {string} and {string}
  &amp#27;[31mAnd &amp#27;[0m&amp#27;[31mI send request to login user &amp#27;[0m&amp#27;[31m&amp#27;[1m"<email>"&amp#27;[0m&amp#27;[31m and &amp#27;[0m&amp#27;[31m&amp#27;[1m"<password>"&amp#27;[0m       &amp#27;[90m# starter.stepdefinitions.authentication.LoginSteps.sendRequestValidLoginUser(java.lang.String,java.lang.String)&amp#27;[0m
      &amp#27;[31mnet.serenitybdd.core.exceptions.SerenityManagedException: Could not initialize class net.serenitybdd.rest.utils.RestSpecificationFactory
	at net.serenitybdd.rest.utils.RestDecorationHelper.decorate(RestDecorationHelper.java:20)
	at net.serenitybdd.rest.SerenityRest.fetchRequestSpecification(SerenityRest.java:233)
	at net.serenitybdd.rest.SerenityRest.given(SerenityRest.java:220)
	at starter.utils.GenerateToken.generateToken(GenerateToken.java:13)
	at starter.user.authentication.Login.sendRequestValidLoginUser(Login.java:33)
	at starter.user.authentication.Login$ByteBuddy$Y1iWtJ6y.sendRequestValidLoginUser$accessor$GgP7luPR(Unknown Source)
	at java.base/jdk.internal.reflect.DirectMethodHandleAccessor.invoke(DirectMethodHandleAccessor.java:103)
	at java.base/java.lang.reflect.Method.invoke(Method.java:580)
	at net.thucydides.core.steps.StepInterceptor.invokeMethod(StepInterceptor.java:518)
	at net.thucydides.core.steps.StepInterceptor.executeTestStepMethod(StepInterceptor.java:498)
	at net.thucydides.core.steps.StepInterceptor.runTestStep(StepInterceptor.java:472)
	at net.thucydides.core.steps.StepInterceptor.runOrSkipMethod(StepInterceptor.java:211)
	at net.thucydides.core.steps.StepInterceptor.testStepResult(StepInterceptor.java:198)
	at net.thucydides.core.steps.StepInterceptor.intercept(StepInterceptor.java:86)
	at net.thucydides.core.steps.ProxyConfiguration$InterceptorDispatcher.intercept(ProxyConfiguration.java:51)
	at starter.user.authentication.Login$ByteBuddy$Y1iWtJ6y.sendRequestValidLoginUser(Unknown Source)
	at starter.stepdefinitions.authentication.LoginSteps.sendRequestValidLoginUser(LoginSteps.java:31)
	at ✽.I send request to login user "<email>" and "<password>"(file:///Users/miaapriliasatya/IdeaProjects/ALTASHOP/src/test/resources/features/api/authentication/Login.feature:50)
Caused by: java.lang.ExceptionInInitializerError: Exception java.lang.UnsupportedOperationException: Cannot define class using reflection: Unable to make protected java.lang.Package java.lang.ClassLoader.getPackage(java.lang.String) accessible: module java.base does not "opens java.lang" to unnamed module @603ee946 [in thread "main"]
	at net.bytebuddy.dynamic.loading.ClassInjector$UsingReflection$Dispatcher$Initializable$Unavailable.defineClass(ClassInjector.java:472)
	at net.bytebuddy.dynamic.loading.ClassInjector$UsingReflection.injectRaw(ClassInjector.java:284)
	at net.bytebuddy.dynamic.loading.ClassInjector$AbstractBase.inject(ClassInjector.java:118)
	at net.bytebuddy.dynamic.loading.ClassLoadingStrategy$Default$InjectionDispatcher.load(ClassLoadingStrategy.java:241)
	at net.bytebuddy.dynamic.loading.ClassLoadingStrategy$Default.load(ClassLoadingStrategy.java:148)
	at net.bytebuddy.dynamic.TypeResolutionStrategy$Passive.initialize(TypeResolutionStrategy.java:101)
	at net.bytebuddy.dynamic.DynamicType$Default$Unloaded.load(DynamicType.java:6317)
	at net.serenitybdd.rest.utils.RestSpecificationFactory.<clinit>(RestSpecificationFactory.java:57)
	at net.serenitybdd.rest.utils.RestDecorationHelper.decorate(RestDecorationHelper.java:20)
	at net.serenitybdd.rest.SerenityRest.fetchRequestSpecification(SerenityRest.java:233)
	at net.serenitybdd.rest.SerenityRest.given(SerenityRest.java:220)
	at starter.utils.GenerateToken.generateToken(GenerateToken.java:13)
	at starter.user.authentication.Login.sendRequestValidLoginUser(Login.java:33)
	at starter.user.authentication.Login$ByteBuddy$Y1iWtJ6y.sendRequestValidLoginUser$accessor$GgP7luPR(Unknown Source)
	at java.base/jdk.internal.reflect.DirectMethodHandleAccessor.invoke(DirectMethodHandleAccessor.java:103)
	at java.base/java.lang.reflect.Method.invoke(Method.java:580)
	at net.thucydides.core.steps.StepInterceptor.invokeMethod(StepInterceptor.java:518)
	at net.thucydides.core.steps.StepInterceptor.executeTestStepMethod(StepInterceptor.java:498)
	at net.thucydides.core.steps.StepInterceptor.runTestStep(StepInterceptor.java:472)
	at net.thucydides.core.steps.StepInterceptor.runOrSkipMethod(StepInterceptor.java:211)
	at net.thucydides.core.steps.StepInterceptor.testStepResult(StepInterceptor.java:198)
	at net.thucydides.core.steps.StepInterceptor.intercept(StepInterceptor.java:86)
	at net.thucydides.core.steps.ProxyConfiguration$InterceptorDispatcher.intercept(ProxyConfiguration.java:51)
	at starter.user.authentication.Login$ByteBuddy$Y1iWtJ6y.sendRequestValidLoginUser(Unknown Source)
	at starter.stepdefinitions.authentication.LoginSteps.sendRequestValidLoginUser(LoginSteps.java:31)
	at java.base/jdk.internal.reflect.DirectMethodHandleAccessor.invoke(DirectMethodHandleAccessor.java:103)
	at java.base/java.lang.reflect.Method.invoke(Method.java:580)
	at io.cucumber.java.Invoker.doInvoke(Invoker.java:66)
	at io.cucumber.java.Invoker.invoke(Invoker.java:24)
	at io.cucumber.java.AbstractGlueDefinition.invokeMethod(AbstractGlueDefinition.java:47)
	at io.cucumber.java.JavaStepDefinition.execute(JavaStepDefinition.java:29)
	at io.cucumber.core.runner.CoreStepDefinition.execute(CoreStepDefinition.java:66)
	at io.cucumber.core.runner.PickleStepDefinitionMatch.runStep(PickleStepDefinitionMatch.java:63)
	at io.cucumber.core.runner.ExecutionMode$1.execute(ExecutionMode.java:10)
	at io.cucumber.core.runner.TestStep.executeStep(TestStep.java:84)
	at io.cucumber.core.runner.TestStep.run(TestStep.java:56)
	at io.cucumber.core.runner.PickleStepTestStep.run(PickleStepTestStep.java:51)
	at io.cucumber.core.runner.TestCase.run(TestCase.java:84)
	at io.cucumber.core.runner.Runner.runPickle(Runner.java:75)
	at io.cucumber.junit.PickleRunners$NoStepDescriptions.lambda$run$0(PickleRunners.java:151)
	at io.cucumber.core.runtime.CucumberExecutionContext.lambda$runTestCase$5(CucumberExecutionContext.java:130)
	at io.cucumber.core.runtime.RethrowingThrowableCollector.executeAndThrow(RethrowingThrowableCollector.java:23)
	at io.cucumber.core.runtime.CucumberExecutionContext.runTestCase(CucumberExecutionContext.java:130)
	at io.cucumber.junit.PickleRunners$NoStepDescriptions.run(PickleRunners.java:148)
	at io.cucumber.junit.FeatureRunner.runChild(FeatureRunner.java:144)
	at io.cucumber.junit.FeatureRunner.runChild(FeatureRunner.java:28)
	at org.junit.runners.ParentRunner$4.run(ParentRunner.java:331)
	at org.junit.runners.ParentRunner$1.schedule(ParentRunner.java:79)
	at org.junit.runners.ParentRunner.runChildren(ParentRunner.java:329)
	at org.junit.runners.ParentRunner.access$100(ParentRunner.java:66)
	at org.junit.runners.ParentRunner$2.evaluate(ParentRunner.java:293)
	at org.junit.runners.ParentRunner$3.evaluate(ParentRunner.java:306)
	at org.junit.runners.ParentRunner.run(ParentRunner.java:413)
	at io.cucumber.junit.FeatureRunner.run(FeatureRunner.java:137)
	at io.cucumber.junit.CucumberSerenityRunner.runChild(CucumberSerenityRunner.java:259)
	at io.cucumber.junit.CucumberSerenityRunner.runChild(CucumberSerenityRunner.java:59)
	at org.junit.runners.ParentRunner$4.run(ParentRunner.java:331)
	at org.junit.runners.ParentRunner$1.schedule(ParentRunner.java:79)
	at org.junit.runners.ParentRunner.runChildren(ParentRunner.java:329)
	at org.junit.runners.ParentRunner.access$100(ParentRunner.java:66)
	at org.junit.runners.ParentRunner$2.evaluate(ParentRunner.java:293)
	at io.cucumber.junit.CucumberSerenityRunner$RunCucumber.evaluate(CucumberSerenityRunner.java:288)
	at org.junit.runners.ParentRunner$3.evaluate(ParentRunner.java:306)
	at org.junit.runners.ParentRunner.run(ParentRunner.java:413)
	at org.apache.maven.surefire.junit4.JUnit4Provider.execute(JUnit4Provider.java:365)
	at org.apache.maven.surefire.junit4.JUnit4Provider.executeWithRerun(JUnit4Provider.java:273)
	at org.apache.maven.surefire.junit4.JUnit4Provider.executeTestSet(JUnit4Provider.java:238)
	at org.apache.maven.surefire.junit4.JUnit4Provider.invoke(JUnit4Provider.java:159)
	at org.apache.maven.surefire.booter.ForkedBooter.invokeProviderInSameClassLoader(ForkedBooter.java:384)
	at org.apache.maven.surefire.booter.ForkedBooter.runSuitesInProcess(ForkedBooter.java:345)
	at org.apache.maven.surefire.booter.ForkedBooter.execute(ForkedBooter.java:126)
	at org.apache.maven.surefire.booter.ForkedBooter.main(ForkedBooter.java:418)
&amp#27;[0m
  &amp#27;[36mThen &amp#27;[0m&amp#27;[36mI received status code 400 Bad Request in request login user&amp#27;[0m
  &amp#27;[36mAnd &amp#27;[0m&amp#27;[36mI received an error message "record not found" response&amp#27;[0m       &amp#27;[90m# starter.stepdefinitions.authentication.LoginSteps.receivedErrorMessageRecordNotFound()&amp#27;[0m
]]></system-out>
  </testcase>
  <testcase name="As a user I can&apos;t login with an invalid password" classname="Login User" time="0.086">
    <error message="Could not initialize class net.serenitybdd.rest.utils.RestSpecificationFactory" type="net.serenitybdd.core.exceptions.SerenityManagedException">net.serenitybdd.core.exceptions.SerenityManagedException: Could not initialize class net.serenitybdd.rest.utils.RestSpecificationFactory
Caused by: java.lang.ExceptionInInitializerError: Exception java.lang.UnsupportedOperationException: Cannot define class using reflection: Unable to make protected java.lang.Package java.lang.ClassLoader.getPackage(java.lang.String) accessible: module java.base does not "opens java.lang" to unnamed module @603ee946 [in thread "main"]
</error>
    <system-out><![CDATA[18:28:24.820 [main] ERROR  -- 
  _____   ___   ___   _____     ___   ___   ___    ___    ___ 
 |_   _| | __| / __| |_   _|   | __| | _ \ | _ \  / _ \  | _ \
   | |   | _|  \__ \   | |     | _|  |   / |   / | (_) | |   /
   |_|   |___| |___/   |_|     |___| |_|_\ |_|_\  \___/  |_|_\

As a user I can't login with an invalid email
---------------------------------------------------------------
18:28:24.821 [main] DEBUG  -- RELATED ISSUES: 
18:28:24.821 [main] ERROR  --     Test failed at step: I send request to login user {string} and {string}
18:28:24.821 [main] ERROR  --     Could not initialize class net.serenitybdd.rest.utils.RestSpecificationFactory

Scenario: As a user I can't login with an invalid password                &amp#27;[90m# src/test/resources/features/api/authentication/Login.feature:54&amp#27;[0m
18:28:24.835 [main] INFO io.cucumber.core.plugin.SerenityReporter -- Running feature from file:///Users/miaapriliasatya/IdeaProjects/ALTASHOP/src/test/resources/features/api/authentication/Login.feature
18:28:24.838 [main] INFO  -- 
  _____   ___   ___   _____     ___   _____     _     ___   _____   ___   ___  
 |_   _| | __| / __| |_   _|   / __| |_   _|   /_\   | _ \ |_   _| | __| |   \ 
   | |   | _|  \__ \   | |     \__ \   | |    / _ \  |   /   | |   | _|  | |) |
   |_|   |___| |___/   |_|     |___/   |_|   /_/ \_\ |_|_\   |_|   |___| |___/ 

As a user I can't login with an invalid password(login-user;as-a-user-i-can-t-login-with-an-invalid-password)
--------------------------------------------------------------------------------
18:28:24.852 [main] DEBUG net.thucydides.core.steps.StepInterceptor -- STARTING STEP: LoginSteps.setAPIEndpointValidLoginUser - I set API endpoint valid for login user
18:28:24.852 [main] DEBUG net.thucydides.core.steps.StepInterceptor -- STEP DONE: I set API endpoint valid for login user
  &amp#27;[32mGiven &amp#27;[0m&amp#27;[32mI set API endpoint valid for login user&amp#27;[0m                           &amp#27;[90m# starter.stepdefinitions.authentication.LoginSteps.setAPIEndpointValidLoginUser()&amp#27;[0m
18:28:24.859 [main] DEBUG net.thucydides.core.steps.StepInterceptor -- STARTING STEP: LoginSteps.enterValidEmail - I enter a valid email
18:28:24.859 [main] DEBUG net.thucydides.core.steps.StepInterceptor -- STEP DONE: I enter a valid email
  &amp#27;[32mWhen &amp#27;[0m&amp#27;[32mI enter a valid email&amp#27;[0m                                              &amp#27;[90m# starter.stepdefinitions.authentication.LoginSteps.enterValidEmail()&amp#27;[0m
18:28:24.865 [main] DEBUG net.thucydides.core.steps.StepInterceptor -- STARTING STEP: LoginSteps.enterInvalidPassword - I enter an invalid password
18:28:24.866 [main] DEBUG net.thucydides.core.steps.StepInterceptor -- STEP DONE: I enter an invalid password
  &amp#27;[32mAnd &amp#27;[0m&amp#27;[32mI enter an invalid password&amp#27;[0m                                         &amp#27;[90m# starter.stepdefinitions.authentication.LoginSteps.enterInvalidPassword()&amp#27;[0m
18:28:24.871 [main] DEBUG net.thucydides.core.steps.StepInterceptor -- STARTING STEP: LoginSteps.sendRequestValidLoginUser - I send request to login user {string} and {string}
  &amp#27;[31mAnd &amp#27;[0m&amp#27;[31mI send request to login user &amp#27;[0m&amp#27;[31m&amp#27;[1m"<email>"&amp#27;[0m&amp#27;[31m and &amp#27;[0m&amp#27;[31m&amp#27;[1m"<password>"&amp#27;[0m             &amp#27;[90m# starter.stepdefinitions.authentication.LoginSteps.sendRequestValidLoginUser(java.lang.String,java.lang.String)&amp#27;[0m
      &amp#27;[31mnet.serenitybdd.core.exceptions.SerenityManagedException: Could not initialize class net.serenitybdd.rest.utils.RestSpecificationFactory
	at net.serenitybdd.rest.utils.RestDecorationHelper.decorate(RestDecorationHelper.java:20)
	at net.serenitybdd.rest.SerenityRest.fetchRequestSpecification(SerenityRest.java:233)
	at net.serenitybdd.rest.SerenityRest.given(SerenityRest.java:220)
	at starter.utils.GenerateToken.generateToken(GenerateToken.java:13)
	at starter.user.authentication.Login.sendRequestValidLoginUser(Login.java:33)
	at starter.user.authentication.Login$ByteBuddy$Y1iWtJ6y.sendRequestValidLoginUser$accessor$GgP7luPR(Unknown Source)
	at java.base/jdk.internal.reflect.DirectMethodHandleAccessor.invoke(DirectMethodHandleAccessor.java:103)
	at java.base/java.lang.reflect.Method.invoke(Method.java:580)
	at net.thucydides.core.steps.StepInterceptor.invokeMethod(StepInterceptor.java:518)
	at net.thucydides.core.steps.StepInterceptor.executeTestStepMethod(StepInterceptor.java:498)
	at net.thucydides.core.steps.StepInterceptor.runTestStep(StepInterceptor.java:472)
	at net.thucydides.core.steps.StepInterceptor.runOrSkipMethod(StepInterceptor.java:211)
	at net.thucydides.core.steps.StepInterceptor.testStepResult(StepInterceptor.java:198)
	at net.thucydides.core.steps.StepInterceptor.intercept(StepInterceptor.java:86)
	at net.thucydides.core.steps.ProxyConfiguration$InterceptorDispatcher.intercept(ProxyConfiguration.java:51)
	at starter.user.authentication.Login$ByteBuddy$Y1iWtJ6y.sendRequestValidLoginUser(Unknown Source)
	at starter.stepdefinitions.authentication.LoginSteps.sendRequestValidLoginUser(LoginSteps.java:31)
	at ✽.I send request to login user "<email>" and "<password>"(file:///Users/miaapriliasatya/IdeaProjects/ALTASHOP/src/test/resources/features/api/authentication/Login.feature:57)
Caused by: java.lang.ExceptionInInitializerError: Exception java.lang.UnsupportedOperationException: Cannot define class using reflection: Unable to make protected java.lang.Package java.lang.ClassLoader.getPackage(java.lang.String) accessible: module java.base does not "opens java.lang" to unnamed module @603ee946 [in thread "main"]
	at net.bytebuddy.dynamic.loading.ClassInjector$UsingReflection$Dispatcher$Initializable$Unavailable.defineClass(ClassInjector.java:472)
	at net.bytebuddy.dynamic.loading.ClassInjector$UsingReflection.injectRaw(ClassInjector.java:284)
	at net.bytebuddy.dynamic.loading.ClassInjector$AbstractBase.inject(ClassInjector.java:118)
	at net.bytebuddy.dynamic.loading.ClassLoadingStrategy$Default$InjectionDispatcher.load(ClassLoadingStrategy.java:241)
	at net.bytebuddy.dynamic.loading.ClassLoadingStrategy$Default.load(ClassLoadingStrategy.java:148)
	at net.bytebuddy.dynamic.TypeResolutionStrategy$Passive.initialize(TypeResolutionStrategy.java:101)
	at net.bytebuddy.dynamic.DynamicType$Default$Unloaded.load(DynamicType.java:6317)
	at net.serenitybdd.rest.utils.RestSpecificationFactory.<clinit>(RestSpecificationFactory.java:57)
	at net.serenitybdd.rest.utils.RestDecorationHelper.decorate(RestDecorationHelper.java:20)
	at net.serenitybdd.rest.SerenityRest.fetchRequestSpecification(SerenityRest.java:233)
	at net.serenitybdd.rest.SerenityRest.given(SerenityRest.java:220)
	at starter.utils.GenerateToken.generateToken(GenerateToken.java:13)
	at starter.user.authentication.Login.sendRequestValidLoginUser(Login.java:33)
	at starter.user.authentication.Login$ByteBuddy$Y1iWtJ6y.sendRequestValidLoginUser$accessor$GgP7luPR(Unknown Source)
	at java.base/jdk.internal.reflect.DirectMethodHandleAccessor.invoke(DirectMethodHandleAccessor.java:103)
	at java.base/java.lang.reflect.Method.invoke(Method.java:580)
	at net.thucydides.core.steps.StepInterceptor.invokeMethod(StepInterceptor.java:518)
	at net.thucydides.core.steps.StepInterceptor.executeTestStepMethod(StepInterceptor.java:498)
	at net.thucydides.core.steps.StepInterceptor.runTestStep(StepInterceptor.java:472)
	at net.thucydides.core.steps.StepInterceptor.runOrSkipMethod(StepInterceptor.java:211)
	at net.thucydides.core.steps.StepInterceptor.testStepResult(StepInterceptor.java:198)
	at net.thucydides.core.steps.StepInterceptor.intercept(StepInterceptor.java:86)
	at net.thucydides.core.steps.ProxyConfiguration$InterceptorDispatcher.intercept(ProxyConfiguration.java:51)
	at starter.user.authentication.Login$ByteBuddy$Y1iWtJ6y.sendRequestValidLoginUser(Unknown Source)
	at starter.stepdefinitions.authentication.LoginSteps.sendRequestValidLoginUser(LoginSteps.java:31)
	at java.base/jdk.internal.reflect.DirectMethodHandleAccessor.invoke(DirectMethodHandleAccessor.java:103)
	at java.base/java.lang.reflect.Method.invoke(Method.java:580)
	at io.cucumber.java.Invoker.doInvoke(Invoker.java:66)
	at io.cucumber.java.Invoker.invoke(Invoker.java:24)
	at io.cucumber.java.AbstractGlueDefinition.invokeMethod(AbstractGlueDefinition.java:47)
	at io.cucumber.java.JavaStepDefinition.execute(JavaStepDefinition.java:29)
	at io.cucumber.core.runner.CoreStepDefinition.execute(CoreStepDefinition.java:66)
	at io.cucumber.core.runner.PickleStepDefinitionMatch.runStep(PickleStepDefinitionMatch.java:63)
	at io.cucumber.core.runner.ExecutionMode$1.execute(ExecutionMode.java:10)
	at io.cucumber.core.runner.TestStep.executeStep(TestStep.java:84)
	at io.cucumber.core.runner.TestStep.run(TestStep.java:56)
	at io.cucumber.core.runner.PickleStepTestStep.run(PickleStepTestStep.java:51)
	at io.cucumber.core.runner.TestCase.run(TestCase.java:84)
	at io.cucumber.core.runner.Runner.runPickle(Runner.java:75)
	at io.cucumber.junit.PickleRunners$NoStepDescriptions.lambda$run$0(PickleRunners.java:151)
	at io.cucumber.core.runtime.CucumberExecutionContext.lambda$runTestCase$5(CucumberExecutionContext.java:130)
	at io.cucumber.core.runtime.RethrowingThrowableCollector.executeAndThrow(RethrowingThrowableCollector.java:23)
	at io.cucumber.core.runtime.CucumberExecutionContext.runTestCase(CucumberExecutionContext.java:130)
	at io.cucumber.junit.PickleRunners$NoStepDescriptions.run(PickleRunners.java:148)
	at io.cucumber.junit.FeatureRunner.runChild(FeatureRunner.java:144)
	at io.cucumber.junit.FeatureRunner.runChild(FeatureRunner.java:28)
	at org.junit.runners.ParentRunner$4.run(ParentRunner.java:331)
	at org.junit.runners.ParentRunner$1.schedule(ParentRunner.java:79)
	at org.junit.runners.ParentRunner.runChildren(ParentRunner.java:329)
	at org.junit.runners.ParentRunner.access$100(ParentRunner.java:66)
	at org.junit.runners.ParentRunner$2.evaluate(ParentRunner.java:293)
	at org.junit.runners.ParentRunner$3.evaluate(ParentRunner.java:306)
	at org.junit.runners.ParentRunner.run(ParentRunner.java:413)
	at io.cucumber.junit.FeatureRunner.run(FeatureRunner.java:137)
	at io.cucumber.junit.CucumberSerenityRunner.runChild(CucumberSerenityRunner.java:259)
	at io.cucumber.junit.CucumberSerenityRunner.runChild(CucumberSerenityRunner.java:59)
	at org.junit.runners.ParentRunner$4.run(ParentRunner.java:331)
	at org.junit.runners.ParentRunner$1.schedule(ParentRunner.java:79)
	at org.junit.runners.ParentRunner.runChildren(ParentRunner.java:329)
	at org.junit.runners.ParentRunner.access$100(ParentRunner.java:66)
	at org.junit.runners.ParentRunner$2.evaluate(ParentRunner.java:293)
	at io.cucumber.junit.CucumberSerenityRunner$RunCucumber.evaluate(CucumberSerenityRunner.java:288)
	at org.junit.runners.ParentRunner$3.evaluate(ParentRunner.java:306)
	at org.junit.runners.ParentRunner.run(ParentRunner.java:413)
	at org.apache.maven.surefire.junit4.JUnit4Provider.execute(JUnit4Provider.java:365)
	at org.apache.maven.surefire.junit4.JUnit4Provider.executeWithRerun(JUnit4Provider.java:273)
	at org.apache.maven.surefire.junit4.JUnit4Provider.executeTestSet(JUnit4Provider.java:238)
	at org.apache.maven.surefire.junit4.JUnit4Provider.invoke(JUnit4Provider.java:159)
	at org.apache.maven.surefire.booter.ForkedBooter.invokeProviderInSameClassLoader(ForkedBooter.java:384)
	at org.apache.maven.surefire.booter.ForkedBooter.runSuitesInProcess(ForkedBooter.java:345)
	at org.apache.maven.surefire.booter.ForkedBooter.execute(ForkedBooter.java:126)
	at org.apache.maven.surefire.booter.ForkedBooter.main(ForkedBooter.java:418)
&amp#27;[0m
  &amp#27;[36mThen &amp#27;[0m&amp#27;[36mI received status code 400 Bad Request in request login user&amp#27;[0m
  &amp#27;[36mAnd &amp#27;[0m&amp#27;[36mI received an error message "email or password is invalid" response&amp#27;[0m &amp#27;[90m# starter.stepdefinitions.authentication.LoginSteps.receivedErrorMessageEmailOrPasswordIsRequired()&amp#27;[0m
]]></system-out>
  </testcase>
  <testcase name="As a user I can login with a valid credentials" classname="Register User" time="0.072">
    <error message="The step &apos;I set API endpoint valid for register user&apos; and 2 other step(s) are undefined.&#10;You can implement these steps using the snippet(s) below:&#10;&#10;@Given(&quot;I set API endpoint valid for register user&quot;)&#10;public void i_set_api_endpoint_valid_for_register_user() {&#10;    // Write code here that turns the phrase above into concrete actions&#10;    throw new io.cucumber.java.PendingException();&#10;}&#10;@When(&quot;I enter a valid fullname&quot;)&#10;public void i_enter_a_valid_fullname() {&#10;    // Write code here that turns the phrase above into concrete actions&#10;    throw new io.cucumber.java.PendingException();&#10;}&#10;@When(&quot;I send request to login user {string} and {string} and {string}&quot;)&#10;public void i_send_request_to_login_user_and_and(String string, String string2, String string3) {&#10;    // Write code here that turns the phrase above into concrete actions&#10;    throw new io.cucumber.java.PendingException();&#10;}&#10;" type="io.cucumber.junit.UndefinedStepException">io.cucumber.junit.UndefinedStepException: 
The step 'I set API endpoint valid for register user' and 2 other step(s) are undefined.
You can implement these steps using the snippet(s) below:

@Given("I set API endpoint valid for register user")
[...]
	at java.base/jdk.internal.reflect.DirectMethodHandleAccessor.invoke(DirectMethodHandleAccessor.java:103)
	at java.base/java.lang.reflect.Method.invoke(Method.java:580)
	at net.thucydides.core.steps.StepInterceptor.invokeMethod(StepInterceptor.java:518)
	at net.thucydides.core.steps.StepInterceptor.executeTestStepMethod(StepInterceptor.java:498)
	at net.thucydides.core.steps.StepInterceptor.runTestStep(StepInterceptor.java:472)
	at net.thucydides.core.steps.StepInterceptor.runOrSkipMethod(StepInterceptor.java:211)
	at net.thucydides.core.steps.StepInterceptor.testStepResult(StepInterceptor.java:198)
	at net.thucydides.core.steps.StepInterceptor.intercept(StepInterceptor.java:86)
	at net.thucydides.core.steps.ProxyConfiguration$InterceptorDispatcher.intercept(ProxyConfiguration.java:51)
	at starter.user.products.GetAllProducts$ByteBuddy$P8bETskV.sendRequestGetAllProduct(Unknown Source)
	at starter.stepdefinitions.products.GetAllProductsSteps.sendRequestGetAllProduct(GetAllProductsSteps.java:21)
	at ✽.I send request to get all product(file:///Users/miaapriliasatya/IdeaProjects/ALTASHOP/src/test/resources/features/api/products/GetAllProducts.feature:9)
Caused by: java.lang.ExceptionInInitializerError: Exception java.lang.UnsupportedOperationException: Cannot define class using reflection: Unable to make protected java.lang.Package java.lang.ClassLoader.getPackage(java.lang.String) accessible: module java.base does not "opens java.lang" to unnamed module @603ee946 [in thread "main"]
	at net.bytebuddy.dynamic.loading.ClassInjector$UsingReflection$Dispatcher$Initializable$Unavailable.defineClass(ClassInjector.java:472)
	at net.bytebuddy.dynamic.loading.ClassInjector$UsingReflection.injectRaw(ClassInjector.java:284)
	at net.bytebuddy.dynamic.loading.ClassInjector$AbstractBase.inject(ClassInjector.java:118)
	at net.bytebuddy.dynamic.loading.ClassLoadingStrategy$Default$InjectionDispatcher.load(ClassLoadingStrategy.java:241)
	at net.bytebuddy.dynamic.loading.ClassLoadingStrategy$Default.load(ClassLoadingStrategy.java:148)
	at net.bytebuddy.dynamic.TypeResolutionStrategy$Passive.initialize(TypeResolutionStrategy.java:101)
	at net.bytebuddy.dynamic.DynamicType$Default$Unloaded.load(DynamicType.java:6317)
	at net.serenitybdd.rest.utils.RestSpecificationFactory.<clinit>(RestSpecificationFactory.java:57)
	at net.serenitybdd.rest.utils.RestDecorationHelper.decorate(RestDecorationHelper.java:20)
	at net.serenitybdd.rest.SerenityRest.fetchRequestSpecification(SerenityRest.java:233)
	at net.serenitybdd.rest.SerenityRest.given(SerenityRest.java:220)
	at starter.utils.GenerateToken.generateToken(GenerateToken.java:13)
	at starter.user.authentication.Login.sendRequestValidLoginUser(Login.java:33)
	at starter.user.authentication.Login$ByteBuddy$Y1iWtJ6y.sendRequestValidLoginUser$accessor$GgP7luPR(Unknown Source)
	at java.base/jdk.internal.reflect.DirectMethodHandleAccessor.invoke(DirectMethodHandleAccessor.java:103)
	at java.base/java.lang.reflect.Method.invoke(Method.java:580)
	at net.thucydides.core.steps.StepInterceptor.invokeMethod(StepInterceptor.java:518)
	at net.thucydides.core.steps.StepInterceptor.executeTestStepMethod(StepInterceptor.java:498)
	at net.thucydides.core.steps.StepInterceptor.runTestStep(StepInterceptor.java:472)
	at net.thucydides.core.steps.StepInterceptor.runOrSkipMethod(StepInterceptor.java:211)
	at net.thucydides.core.steps.StepInterceptor.testStepResult(StepInterceptor.java:198)
	at net.thucydides.core.steps.StepInterceptor.intercept(StepInterceptor.java:86)
	at net.thucydides.core.steps.ProxyConfiguration$InterceptorDispatcher.intercept(ProxyConfiguration.java:51)
	at starter.user.authentication.Login$ByteBuddy$Y1iWtJ6y.sendRequestValidLoginUser(Unknown Source)
	at starter.stepdefinitions.authentication.LoginSteps.sendRequestValidLoginUser(LoginSteps.java:31)
	at java.base/jdk.internal.reflect.DirectMethodHandleAccessor.invoke(DirectMethodHandleAccessor.java:103)
	at java.base/java.lang.reflect.Method.invoke(Method.java:580)
	at io.cucumber.java.Invoker.doInvoke(Invoker.java:66)
	at io.cucumber.java.Invoker.invoke(Invoker.java:24)
	at io.cucumber.java.AbstractGlueDefinition.invokeMethod(AbstractGlueDefinition.java:47)
	at io.cucumber.java.JavaStepDefinition.execute(JavaStepDefinition.java:29)
	at io.cucumber.core.runner.CoreStepDefinition.execute(CoreStepDefinition.java:66)
	at io.cucumber.core.runner.PickleStepDefinitionMatch.runStep(PickleStepDefinitionMatch.java:63)
	at io.cucumber.core.runner.ExecutionMode$1.execute(ExecutionMode.java:10)
	at io.cucumber.core.runner.TestStep.executeStep(TestStep.java:84)
	at io.cucumber.core.runner.TestStep.run(TestStep.java:56)
	at io.cucumber.core.runner.PickleStepTestStep.run(PickleStepTestStep.java:51)
	at io.cucumber.core.runner.TestCase.run(TestCase.java:84)
	at io.cucumber.core.runner.Runner.runPickle(Runner.java:75)
	at io.cucumber.junit.PickleRunners$NoStepDescriptions.lambda$run$0(PickleRunners.java:151)
	at io.cucumber.core.runtime.CucumberExecutionContext.lambda$runTestCase$5(CucumberExecutionContext.java:130)
	at io.cucumber.core.runtime.RethrowingThrowableCollector.executeAndThrow(RethrowingThrowableCollector.java:23)
	at io.cucumber.core.runtime.CucumberExecutionContext.runTestCase(CucumberExecutionContext.java:130)
	at io.cucumber.junit.PickleRunners$NoStepDescriptions.run(PickleRunners.java:148)
	at io.cucumber.junit.FeatureRunner.runChild(FeatureRunner.java:144)
	at io.cucumber.junit.FeatureRunner.runChild(FeatureRunner.java:28)
	at org.junit.runners.ParentRunner$4.run(ParentRunner.java:331)
	at org.junit.runners.ParentRunner$1.schedule(ParentRunner.java:79)
	at org.junit.runners.ParentRunner.runChildren(ParentRunner.java:329)
	at org.junit.runners.ParentRunner.access$100(ParentRunner.java:66)
	at org.junit.runners.ParentRunner$2.evaluate(ParentRunner.java:293)
	at org.junit.runners.ParentRunner$3.evaluate(ParentRunner.java:306)
	at org.junit.runners.ParentRunner.run(ParentRunner.java:413)
	at io.cucumber.junit.FeatureRunner.run(FeatureRunner.java:137)
	at io.cucumber.junit.CucumberSerenityRunner.runChild(CucumberSerenityRunner.java:259)
	at io.cucumber.junit.CucumberSerenityRunner.runChild(CucumberSerenityRunner.java:59)
	at org.junit.runners.ParentRunner$4.run(ParentRunner.java:331)
	at org.junit.runners.ParentRunner$1.schedule(ParentRunner.java:79)
	at org.junit.runners.ParentRunner.runChildren(ParentRunner.java:329)
	at org.junit.runners.ParentRunner.access$100(ParentRunner.java:66)
	at org.junit.runners.ParentRunner$2.evaluate(ParentRunner.java:293)
	at io.cucumber.junit.CucumberSerenityRunner$RunCucumber.evaluate(CucumberSerenityRunner.java:288)
	at org.junit.runners.ParentRunner$3.evaluate(ParentRunner.java:306)
	at org.junit.runners.ParentRunner.run(ParentRunner.java:413)
	at org.apache.maven.surefire.junit4.JUnit4Provider.execute(JUnit4Provider.java:365)
	at org.apache.maven.surefire.junit4.JUnit4Provider.executeWithRerun(JUnit4Provider.java:273)
	at org.apache.maven.surefire.junit4.JUnit4Provider.executeTestSet(JUnit4Provider.java:238)
	at org.apache.maven.surefire.junit4.JUnit4Provider.invoke(JUnit4Provider.java:159)
	at org.apache.maven.surefire.booter.ForkedBooter.invokeProviderInSameClassLoader(ForkedBooter.java:384)
	at org.apache.maven.surefire.booter.ForkedBooter.runSuitesInProcess(ForkedBooter.java:345)
	at org.apache.maven.surefire.booter.ForkedBooter.execute(ForkedBooter.java:126)
	at org.apache.maven.surefire.booter.ForkedBooter.main(ForkedBooter.java:418)
&amp#27;[0m
  &amp#27;[36mThen &amp#27;[0m&amp#27;[36mI received status code 200 OK get all products&amp#27;[0m     &amp#27;[90m# starter.stepdefinitions.products.GetAllProductsSteps.receivedStatusCode200OKGetAllProduct()&amp#27;[0m
  &amp#27;[36mAnd &amp#27;[0m&amp#27;[36mI received list valid data for all product response&amp#27;[0m &amp#27;[90m# starter.stepdefinitions.products.GetAllProductsSteps.receivedListValidDataAllProduct()&amp#27;[0m
]]></system-out>
  </testcase>
  <testcase name="As a user I can&apos;t get all product without path" classname="Get All Products" time="0.074">
    <error message="Could not initialize class net.serenitybdd.rest.utils.RestSpecificationFactory" type="net.serenitybdd.core.exceptions.SerenityManagedException">net.serenitybdd.core.exceptions.SerenityManagedException: Could not initialize class net.serenitybdd.rest.utils.RestSpecificationFactory
Caused by: java.lang.ExceptionInInitializerError: Exception java.lang.UnsupportedOperationException: Cannot define class using reflection: Unable to make protected java.lang.Package java.lang.ClassLoader.getPackage(java.lang.String) accessible: module java.base does not "opens java.lang" to unnamed module @603ee946 [in thread "main"]
</error>
    <system-out><![CDATA[18:28:25.244 [main] ERROR  -- 
  _____   ___   ___   _____     ___   ___   ___    ___    ___ 
 |_   _| | __| / __| |_   _|   | __| | _ \ | _ \  / _ \  | _ \
   | |   | _|  \__ \   | |     | _|  |   / |   / | (_) | |   /
   |_|   |___| |___/   |_|     |___| |_|_\ |_|_\  \___/  |_|_\

As a user I can get all product with valid path
---------------------------------------------------------------
18:28:25.246 [main] DEBUG  -- RELATED ISSUES: 
18:28:25.246 [main] ERROR  --     Test failed at step: I send request to get all product
18:28:25.246 [main] ERROR  --     Could not initialize class net.serenitybdd.rest.utils.RestSpecificationFactory

Scenario: As a user I can't get all product without path                  &amp#27;[90m# src/test/resources/features/api/products/GetAllProducts.feature:14&amp#27;[0m
18:28:25.256 [main] INFO io.cucumber.core.plugin.SerenityReporter -- Running feature from file:///Users/miaapriliasatya/IdeaProjects/ALTASHOP/src/test/resources/features/api/products/GetAllProducts.feature
18:28:25.259 [main] INFO  -- 
  _____   ___   ___   _____     ___   _____     _     ___   _____   ___   ___  
 |_   _| | __| / __| |_   _|   / __| |_   _|   /_\   | _ \ |_   _| | __| |   \ 
   | |   | _|  \__ \   | |     \__ \   | |    / _ \  |   /   | |   | _|  | |) |
   |_|   |___| |___/   |_|     |___/   |_|   /_/ \_\ |_|_\   |_|   |___| |___/ 

As a user I can't get all product without path(get-all-products;as-a-user-i-can-t-get-all-product-without-path)
--------------------------------------------------------------------------------
18:28:25.272 [main] DEBUG net.thucydides.core.steps.StepInterceptor -- STARTING STEP: GetAllProductsSteps.setAPIEndpointInvalidGetAllProductWithoutPath - I set API endpoint for get all product without the path
18:28:25.272 [main] DEBUG net.thucydides.core.steps.StepInterceptor -- STEP DONE: I set API endpoint for get all product without the path
  &amp#27;[32mGiven &amp#27;[0m&amp#27;[32mI set API endpoint for get all product without the path&amp#27;[0m           &amp#27;[90m# starter.stepdefinitions.products.GetAllProductsSteps.setAPIEndpointInvalidGetAllProductWithoutPath()&amp#27;[0m
18:28:25.277 [main] DEBUG net.thucydides.core.steps.StepInterceptor -- STARTING STEP: GetAllProductsSteps.sendRequestGetAllProductNoPath - I send request to get all product no path
  &amp#27;[31mWhen &amp#27;[0m&amp#27;[31mI send request to get all product no path&amp#27;[0m                          &amp#27;[90m# starter.stepdefinitions.products.GetAllProductsSteps.sendRequestGetAllProductNoPath()&amp#27;[0m
      &amp#27;[31mnet.serenitybdd.core.exceptions.SerenityManagedException: Could not initialize class net.serenitybdd.rest.utils.RestSpecificationFactory
	at net.serenitybdd.rest.utils.RestDecorationHelper.decorate(RestDecorationHelper.java:20)
	at net.serenitybdd.rest.SerenityRest.fetchRequestSpecification(SerenityRest.java:233)
	at net.serenitybdd.rest.SerenityRest.given(SerenityRest.java:220)
	at starter.user.products.GetAllProducts.sendRequestGetAllProductNoPath(GetAllProducts.java:43)
	at starter.user.products.GetAllProducts$ByteBuddy$P8bETskV.sendRequestGetAllProductNoPath$accessor$OjVgcpb0(Unknown Source)
	at java.base/jdk.internal.reflect.DirectMethodHandleAccessor.invoke(DirectMethodHandleAccessor.java:103)
	at java.base/java.lang.reflect.Method.invoke(Method.java:580)
	at net.thucydides.core.steps.StepInterceptor.invokeMethod(StepInterceptor.java:518)
	at net.thucydides.core.steps.StepInterceptor.executeTestStepMethod(StepInterceptor.java:498)
	at net.thucydides.core.steps.StepInterceptor.runTestStep(StepInterceptor.java:472)
	at net.thucydides.core.steps.StepInterceptor.runOrSkipMethod(StepInterceptor.java:211)
	at net.thucydides.core.steps.StepInterceptor.testStepResult(StepInterceptor.java:198)
	at net.thucydides.core.steps.StepInterceptor.intercept(StepInterceptor.java:86)
	at net.thucydides.core.steps.ProxyConfiguration$InterceptorDispatcher.intercept(ProxyConfiguration.java:51)
	at starter.user.products.GetAllProducts$ByteBuddy$P8bETskV.sendRequestGetAllProductNoPath(Unknown Source)
	at starter.stepdefinitions.products.GetAllProductsSteps.sendRequestGetAllProductNoPath(GetAllProductsSteps.java:38)
	at ✽.I send request to get all product no path(file:///Users/miaapriliasatya/IdeaProjects/ALTASHOP/src/test/resources/features/api/products/GetAllProducts.feature:16)
Caused by: java.lang.ExceptionInInitializerError: Exception java.lang.UnsupportedOperationException: Cannot define class using reflection: Unable to make protected java.lang.Package java.lang.ClassLoader.getPackage(java.lang.String) accessible: module java.base does not "opens java.lang" to unnamed module @603ee946 [in thread "main"]
	at net.bytebuddy.dynamic.loading.ClassInjector$UsingReflection$Dispatcher$Initializable$Unavailable.defineClass(ClassInjector.java:472)
	at net.bytebuddy.dynamic.loading.ClassInjector$UsingReflection.injectRaw(ClassInjector.java:284)
	at net.bytebuddy.dynamic.loading.ClassInjector$AbstractBase.inject(ClassInjector.java:118)
	at net.bytebuddy.dynamic.loading.ClassLoadingStrategy$Default$InjectionDispatcher.load(ClassLoadingStrategy.java:241)
	at net.bytebuddy.dynamic.loading.ClassLoadingStrategy$Default.load(ClassLoadingStrategy.java:148)
	at net.bytebuddy.dynamic.TypeResolutionStrategy$Passive.initialize(TypeResolutionStrategy.java:101)
	at net.bytebuddy.dynamic.DynamicType$Default$Unloaded.load(DynamicType.java:6317)
	at net.serenitybdd.rest.utils.RestSpecificationFactory.<clinit>(RestSpecificationFactory.java:57)
	at net.serenitybdd.rest.utils.RestDecorationHelper.decorate(RestDecorationHelper.java:20)
	at net.serenitybdd.rest.SerenityRest.fetchRequestSpecification(SerenityRest.java:233)
	at net.serenitybdd.rest.SerenityRest.given(SerenityRest.java:220)
	at starter.utils.GenerateToken.generateToken(GenerateToken.java:13)
	at starter.user.authentication.Login.sendRequestValidLoginUser(Login.java:33)
	at starter.user.authentication.Login$ByteBuddy$Y1iWtJ6y.sendRequestValidLoginUser$accessor$GgP7luPR(Unknown Source)
	at java.base/jdk.internal.reflect.DirectMethodHandleAccessor.invoke(DirectMethodHandleAccessor.java:103)
	at java.base/java.lang.reflect.Method.invoke(Method.java:580)
	at net.thucydides.core.steps.StepInterceptor.invokeMethod(StepInterceptor.java:518)
	at net.thucydides.core.steps.StepInterceptor.executeTestStepMethod(StepInterceptor.java:498)
	at net.thucydides.core.steps.StepInterceptor.runTestStep(StepInterceptor.java:472)
	at net.thucydides.core.steps.StepInterceptor.runOrSkipMethod(StepInterceptor.java:211)
	at net.thucydides.core.steps.StepInterceptor.testStepResult(StepInterceptor.java:198)
	at net.thucydides.core.steps.StepInterceptor.intercept(StepInterceptor.java:86)
	at net.thucydides.core.steps.ProxyConfiguration$InterceptorDispatcher.intercept(ProxyConfiguration.java:51)
	at starter.user.authentication.Login$ByteBuddy$Y1iWtJ6y.sendRequestValidLoginUser(Unknown Source)
	at starter.stepdefinitions.authentication.LoginSteps.sendRequestValidLoginUser(LoginSteps.java:31)
	at java.base/jdk.internal.reflect.DirectMethodHandleAccessor.invoke(DirectMethodHandleAccessor.java:103)
	at java.base/java.lang.reflect.Method.invoke(Method.java:580)
	at io.cucumber.java.Invoker.doInvoke(Invoker.java:66)
	at io.cucumber.java.Invoker.invoke(Invoker.java:24)
	at io.cucumber.java.AbstractGlueDefinition.invokeMethod(AbstractGlueDefinition.java:47)
	at io.cucumber.java.JavaStepDefinition.execute(JavaStepDefinition.java:29)
	at io.cucumber.core.runner.CoreStepDefinition.execute(CoreStepDefinition.java:66)
	at io.cucumber.core.runner.PickleStepDefinitionMatch.runStep(PickleStepDefinitionMatch.java:63)
	at io.cucumber.core.runner.ExecutionMode$1.execute(ExecutionMode.java:10)
	at io.cucumber.core.runner.TestStep.executeStep(TestStep.java:84)
	at io.cucumber.core.runner.TestStep.run(TestStep.java:56)
	at io.cucumber.core.runner.PickleStepTestStep.run(PickleStepTestStep.java:51)
	at io.cucumber.core.runner.TestCase.run(TestCase.java:84)
	at io.cucumber.core.runner.Runner.runPickle(Runner.java:75)
	at io.cucumber.junit.PickleRunners$NoStepDescriptions.lambda$run$0(PickleRunners.java:151)
	at io.cucumber.core.runtime.CucumberExecutionContext.lambda$runTestCase$5(CucumberExecutionContext.java:130)
	at io.cucumber.core.runtime.RethrowingThrowableCollector.executeAndThrow(RethrowingThrowableCollector.java:23)
	at io.cucumber.core.runtime.CucumberExecutionContext.runTestCase(CucumberExecutionContext.java:130)
	at io.cucumber.junit.PickleRunners$NoStepDescriptions.run(PickleRunners.java:148)
	at io.cucumber.junit.FeatureRunner.runChild(FeatureRunner.java:144)
	at io.cucumber.junit.FeatureRunner.runChild(FeatureRunner.java:28)
	at org.junit.runners.ParentRunner$4.run(ParentRunner.java:331)
	at org.junit.runners.ParentRunner$1.schedule(ParentRunner.java:79)
	at org.junit.runners.ParentRunner.runChildren(ParentRunner.java:329)
	at org.junit.runners.ParentRunner.access$100(ParentRunner.java:66)
	at org.junit.runners.ParentRunner$2.evaluate(ParentRunner.java:293)
	at org.junit.runners.ParentRunner$3.evaluate(ParentRunner.java:306)
	at org.junit.runners.ParentRunner.run(ParentRunner.java:413)
	at io.cucumber.junit.FeatureRunner.run(FeatureRunner.java:137)
	at io.cucumber.junit.CucumberSerenityRunner.runChild(CucumberSerenityRunner.java:259)
	at io.cucumber.junit.CucumberSerenityRunner.runChild(CucumberSerenityRunner.java:59)
	at org.junit.runners.ParentRunner$4.run(ParentRunner.java:331)
	at org.junit.runners.ParentRunner$1.schedule(ParentRunner.java:79)
	at org.junit.runners.ParentRunner.runChildren(ParentRunner.java:329)
	at org.junit.runners.ParentRunner.access$100(ParentRunner.java:66)
	at org.junit.runners.ParentRunner$2.evaluate(ParentRunner.java:293)
	at io.cucumber.junit.CucumberSerenityRunner$RunCucumber.evaluate(CucumberSerenityRunner.java:288)
	at org.junit.runners.ParentRunner$3.evaluate(ParentRunner.java:306)
	at org.junit.runners.ParentRunner.run(ParentRunner.java:413)
	at org.apache.maven.surefire.junit4.JUnit4Provider.execute(JUnit4Provider.java:365)
	at org.apache.maven.surefire.junit4.JUnit4Provider.executeWithRerun(JUnit4Provider.java:273)
	at org.apache.maven.surefire.junit4.JUnit4Provider.executeTestSet(JUnit4Provider.java:238)
	at org.apache.maven.surefire.junit4.JUnit4Provider.invoke(JUnit4Provider.java:159)
	at org.apache.maven.surefire.booter.ForkedBooter.invokeProviderInSameClassLoader(ForkedBooter.java:384)
	at org.apache.maven.surefire.booter.ForkedBooter.runSuitesInProcess(ForkedBooter.java:345)
	at org.apache.maven.surefire.booter.ForkedBooter.execute(ForkedBooter.java:126)
	at org.apache.maven.surefire.booter.ForkedBooter.main(ForkedBooter.java:418)
&amp#27;[0m
  &amp#27;[36mThen &amp#27;[0m&amp#27;[36mI received status code 404 Not found in request to get all product&amp#27;[0m &amp#27;[90m# starter.stepdefinitions.products.GetAllProductsSteps.receivedStatusCode404NotFoundInRequestGetAllProduct()&amp#27;[0m
  &amp#27;[36mAnd &amp#27;[0m&amp#27;[36mI received message error "not found" response&amp#27;[0m                       &amp#27;[90m# starter.stepdefinitions.products.GetAllProductsSteps.receivedMessageErrorNotFoundResponse()&amp#27;[0m
]]></system-out>
  </testcase>
</testsuite>